[  2%] Built target vicon_receiver__cpp
[ 10%] Built target vicon_receiver__rosidl_generator_c
[ 26%] Built target vicon_receiver__rosidl_typesupport_cpp
[ 26%] Built target vicon_receiver__rosidl_typesupport_introspection_cpp
[ 34%] Built target vicon_receiver__rosidl_typesupport_c
[ 42%] Built target vicon_receiver__rosidl_typesupport_fastrtps_cpp
[ 51%] Built target vicon_receiver__rosidl_typesupport_introspection_c
[ 59%] Built target vicon_receiver__rosidl_typesupport_fastrtps_c
[ 59%] Built target vicon_receiver
[35m[1mScanning dependencies of target vicon_client_unlabeled[0m
[ 61%] Built target vicon_receiver__py
[ 71%] Built target vicon_client_mock
[ 75%] Built target vicon_client
[ 77%] [32mBuilding CXX object CMakeFiles/vicon_client_unlabeled.dir/src/vicon_unlabeled_marker_receiver/communicator.cpp.o[0m
[ 83%] Built target vicon_receiver__python
[ 87%] Built target vicon_receiver__rosidl_typesupport_introspection_c__pyext
[ 91%] Built target vicon_receiver__rosidl_typesupport_fastrtps_c__pyext
[ 95%] Built target vicon_receiver__rosidl_typesupport_c__pyext
[01m[K/vicon_GJM_test/ros2-vicon-receiver/vicon_receiver/src/vicon_unlabeled_marker_receiver/communicator.cpp:[m[K In function ‘[01m[Kint ViconReceiver::UnlabeledMarker::findMajorityElement(std::vector<long unsigned int>&)[m[K’:
[01m[K/vicon_GJM_test/ros2-vicon-receiver/vicon_receiver/src/vicon_unlabeled_marker_receiver/communicator.cpp:83:21:[m[K [01;35m[Kwarning: [m[Kcomparison of integer expressions of different signedness: ‘[01m[Kint[m[K’ and ‘[01m[Kstd::vector<long unsigned int>::size_type[m[K’ {aka ‘[01m[Klong unsigned int[m[K’} [[01;35m[K-Wsign-compare[m[K]
   83 |   for (int i = 1; [01;35m[Ki < nums.size()[m[K; i++) {
      |                   [01;35m[K~~^~~~~~~~~~~~~[m[K
[01m[K/vicon_GJM_test/ros2-vicon-receiver/vicon_receiver/src/vicon_unlabeled_marker_receiver/communicator.cpp:87:25:[m[K [01;35m[Kwarning: [m[Kcomparison of integer expressions of different signedness: ‘[01m[Kint[m[K’ and ‘[01m[K__gnu_cxx::__alloc_traits<std::allocator<long unsigned int>, long unsigned int>::value_type[m[K’ {aka ‘[01m[Klong unsigned int[m[K’} [[01;35m[K-Wsign-compare[m[K]
   87 |     } else if (majority == nums[i]) {
[01m[K/vicon_GJM_test/ros2-vicon-receiver/vicon_receiver/src/vicon_unlabeled_marker_receiver/communicator.cpp:103:13:[m[K [01;35m[Kwarning: [m[Kcomparison of integer expressions of different signedness: ‘[01m[Kint[m[K’ and ‘[01m[Kstd::vector<long unsigned int>::size_type[m[K’ {aka ‘[01m[Klong unsigned int[m[K’} [[01;35m[K-Wsign-compare[m[K]
  103 |   if ([01;35m[Kcount <= nums.size() / 2[m[K) {
      |       [01;35m[K~~~~~~^~~~~~~~~~~~~~~~~~[m[K
[01m[K/vicon_GJM_test/ros2-vicon-receiver/vicon_receiver/src/vicon_unlabeled_marker_receiver/communicator.cpp:[m[K In function ‘[01m[Kdouble ViconReceiver::UnlabeledMarker::CalculateDeltaTime(ViconDataStreamSDK::CPP::Output_GetTimecode&, ViconDataStreamSDK::CPP::Output_GetTimecode&)[m[K’:
[01m[K/vicon_GJM_test/ros2-vicon-receiver/vicon_receiver/src/vicon_unlabeled_marker_receiver/communicator.cpp:122:42:[m[K [01;35m[Kwarning: [m[Kdivision by zero [[01;35m[K-Wdiv-by-zero[m[K]
  122 |                         + [01;35m[K(delta_frames) / (1/120)[m[K;
      |                           [01;35m[K~~~~~~~~~~~~~~~^~~~~~~~~[m[K
[01m[K/vicon_GJM_test/ros2-vicon-receiver/vicon_receiver/src/vicon_unlabeled_marker_receiver/communicator.cpp:[m[K In member function ‘[01m[Kvoid ViconReceiver::UnlabeledMarker::Communicator::get_frame()[m[K’:
[01m[K/vicon_GJM_test/ros2-vicon-receiver/vicon_receiver/src/vicon_unlabeled_marker_receiver/communicator.cpp:139:50:[m[K [01;31m[Kerror: [m[Kcannot convert ‘[01m[Kstd::vector<long unsigned int>[m[K’ to ‘[01m[Kconst std::vector<int>&[m[K’
  139 |   std::size_t marker_count = findMajorityElement([01;31m[Kmarker_count_total[m[K);
      |                                                  [01;31m[K^~~~~~~~~~~~~~~~~~[m[K
      |                                                  [01;31m[K|[m[K
      |                                                  [01;31m[Kstd::vector<long unsigned int>[m[K
In file included from [01m[K/vicon_GJM_test/ros2-vicon-receiver/vicon_receiver/src/vicon_unlabeled_marker_receiver/communicator.cpp:1[m[K:
[01m[K/vicon_GJM_test/ros2-vicon-receiver/vicon_receiver/include/vicon_unlabeled_marker_receiver/communicator.hpp:46:51:[m[K [01;36m[Knote: [m[K  initializing argument 1 of ‘[01m[Kint ViconReceiver::UnlabeledMarker::Communicator::findMajorityElement(const std::vector<int>&)[m[K’
   46 |   int findMajorityElement([01;36m[Kconst std::vector<int> &nums[m[K);
      |                           [01;36m[K~~~~~~~~~~~~~~~~~~~~~~~~^~~~[m[K
[01m[K/vicon_GJM_test/ros2-vicon-receiver/vicon_receiver/src/vicon_unlabeled_marker_receiver/communicator.cpp:151:17:[m[K [01;31m[Kerror: [m[Kno matching function for call to ‘[01m[KViconReceiver::UnlabeledMarker::MarkersStruct::MarkersStruct()[m[K’
  151 |   MarkersStruct [01;31m[Kprev_markers[m[K;
      |                 [01;31m[K^~~~~~~~~~~~[m[K
In file included from [01m[K/vicon_GJM_test/ros2-vicon-receiver/vicon_receiver/include/vicon_unlabeled_marker_receiver/communicator.hpp:6[m[K,
                 from [01m[K/vicon_GJM_test/ros2-vicon-receiver/vicon_receiver/src/vicon_unlabeled_marker_receiver/communicator.cpp:1[m[K:
[01m[K/vicon_GJM_test/ros2-vicon-receiver/vicon_receiver/include/vicon_unlabeled_marker_receiver/publisher.hpp:13:3:[m[K [01;36m[Knote: [m[Kcandidate: ‘[01m[KViconReceiver::UnlabeledMarker::MarkersStruct::MarkersStruct(std::size_t, unsigned int)[m[K’
   13 |   [01;36m[KMarkersStruct[m[K(std::size_t size, unsigned int frame_number)
      |   [01;36m[K^~~~~~~~~~~~~[m[K
[01m[K/vicon_GJM_test/ros2-vicon-receiver/vicon_receiver/include/vicon_unlabeled_marker_receiver/publisher.hpp:13:3:[m[K [01;36m[Knote: [m[K  candidate expects 2 arguments, 0 provided
[01m[K/vicon_GJM_test/ros2-vicon-receiver/vicon_receiver/include/vicon_unlabeled_marker_receiver/publisher.hpp:11:8:[m[K [01;36m[Knote: [m[Kcandidate: ‘[01m[KViconReceiver::UnlabeledMarker::MarkersStruct::MarkersStruct(const ViconReceiver::UnlabeledMarker::MarkersStruct&)[m[K’
   11 | struct [01;36m[KMarkersStruct[m[K {
      |        [01;36m[K^~~~~~~~~~~~~[m[K
[01m[K/vicon_GJM_test/ros2-vicon-receiver/vicon_receiver/include/vicon_unlabeled_marker_receiver/publisher.hpp:11:8:[m[K [01;36m[Knote: [m[K  candidate expects 1 argument, 0 provided
[01m[K/vicon_GJM_test/ros2-vicon-receiver/vicon_receiver/include/vicon_unlabeled_marker_receiver/publisher.hpp:11:8:[m[K [01;36m[Knote: [m[Kcandidate: ‘[01m[KViconReceiver::UnlabeledMarker::MarkersStruct::MarkersStruct(ViconReceiver::UnlabeledMarker::MarkersStruct&&)[m[K’
[01m[K/vicon_GJM_test/ros2-vicon-receiver/vicon_receiver/include/vicon_unlabeled_marker_receiver/publisher.hpp:11:8:[m[K [01;36m[Knote: [m[K  candidate expects 1 argument, 0 provided
[01m[K/vicon_GJM_test/ros2-vicon-receiver/vicon_receiver/src/vicon_unlabeled_marker_receiver/communicator.cpp:164:16:[m[K [01;35m[Kwarning: [m[Kunused variable ‘[01m[Kspeed[m[K’ [[01;35m[K-Wunused-variable[m[K]
  164 |         double [01;35m[Kspeed[m[K = sqrt(dx * dx + dy * dy + dz * dz) / delta_time;
      |                [01;35m[K^~~~~[m[K
make[2]: *** [CMakeFiles/vicon_client_unlabeled.dir/build.make:63: CMakeFiles/vicon_client_unlabeled.dir/src/vicon_unlabeled_marker_receiver/communicator.cpp.o] Error 1
make[1]: *** [CMakeFiles/Makefile2:156: CMakeFiles/vicon_client_unlabeled.dir/all] Error 2
make: *** [Makefile:141: all] Error 2
