[0.028s] Invoking command in '/vicon_GJM_test/ros2-vicon-receiver/vicon_receiver/build/vicon_receiver': CMAKE_PREFIX_PATH=${CMAKE_PREFIX_PATH}:/opt/ros/foxy /usr/bin/cmake --build /vicon_GJM_test/ros2-vicon-receiver/vicon_receiver/build/vicon_receiver -- -j8 -l8
[0.103s] [  2%] Built target vicon_receiver__cpp
[0.108s] [ 10%] Built target vicon_receiver__rosidl_generator_c
[0.140s] [ 26%] Built target vicon_receiver__rosidl_typesupport_cpp
[0.140s] [ 26%] Built target vicon_receiver__rosidl_typesupport_introspection_cpp
[0.144s] [ 34%] Built target vicon_receiver__rosidl_typesupport_c
[0.147s] [ 42%] Built target vicon_receiver__rosidl_typesupport_fastrtps_cpp
[0.148s] [ 51%] Built target vicon_receiver__rosidl_typesupport_introspection_c
[0.183s] [ 59%] Built target vicon_receiver__rosidl_typesupport_fastrtps_c
[0.209s] [ 59%] Built target vicon_receiver
[0.228s] [35m[1mScanning dependencies of target vicon_client_unlabeled[0m
[0.238s] [ 61%] Built target vicon_receiver__py
[0.256s] [ 71%] Built target vicon_client_mock
[0.257s] [ 75%] Built target vicon_client
[0.272s] [ 77%] [32mBuilding CXX object CMakeFiles/vicon_client_unlabeled.dir/src/vicon_unlabeled_marker_receiver/communicator.cpp.o[0m
[0.288s] [ 83%] Built target vicon_receiver__python
[0.343s] [ 87%] Built target vicon_receiver__rosidl_typesupport_introspection_c__pyext
[0.343s] [ 91%] Built target vicon_receiver__rosidl_typesupport_fastrtps_c__pyext
[0.349s] [ 95%] Built target vicon_receiver__rosidl_typesupport_c__pyext
[4.489s] [01m[K/vicon_GJM_test/ros2-vicon-receiver/vicon_receiver/src/vicon_unlabeled_marker_receiver/communicator.cpp:[m[K In function ‘[01m[Kint ViconReceiver::UnlabeledMarker::findMajorityElement(std::vector<long unsigned int>&)[m[K’:
[4.489s] [01m[K/vicon_GJM_test/ros2-vicon-receiver/vicon_receiver/src/vicon_unlabeled_marker_receiver/communicator.cpp:83:21:[m[K [01;35m[Kwarning: [m[Kcomparison of integer expressions of different signedness: ‘[01m[Kint[m[K’ and ‘[01m[Kstd::vector<long unsigned int>::size_type[m[K’ {aka ‘[01m[Klong unsigned int[m[K’} [[01;35m[K-Wsign-compare[m[K]
[4.489s]    83 |   for (int i = 1; [01;35m[Ki < nums.size()[m[K; i++) {
[4.489s]       |                   [01;35m[K~~^~~~~~~~~~~~~[m[K
[4.489s] [01m[K/vicon_GJM_test/ros2-vicon-receiver/vicon_receiver/src/vicon_unlabeled_marker_receiver/communicator.cpp:87:25:[m[K [01;35m[Kwarning: [m[Kcomparison of integer expressions of different signedness: ‘[01m[Kint[m[K’ and ‘[01m[K__gnu_cxx::__alloc_traits<std::allocator<long unsigned int>, long unsigned int>::value_type[m[K’ {aka ‘[01m[Klong unsigned int[m[K’} [[01;35m[K-Wsign-compare[m[K]
[4.490s]    87 |     } else if (majority == nums[i]) {
[4.490s] [01m[K/vicon_GJM_test/ros2-vicon-receiver/vicon_receiver/src/vicon_unlabeled_marker_receiver/communicator.cpp:103:13:[m[K [01;35m[Kwarning: [m[Kcomparison of integer expressions of different signedness: ‘[01m[Kint[m[K’ and ‘[01m[Kstd::vector<long unsigned int>::size_type[m[K’ {aka ‘[01m[Klong unsigned int[m[K’} [[01;35m[K-Wsign-compare[m[K]
[4.490s]   103 |   if ([01;35m[Kcount <= nums.size() / 2[m[K) {
[4.490s]       |       [01;35m[K~~~~~~^~~~~~~~~~~~~~~~~~[m[K
[4.490s] [01m[K/vicon_GJM_test/ros2-vicon-receiver/vicon_receiver/src/vicon_unlabeled_marker_receiver/communicator.cpp:[m[K In function ‘[01m[Kdouble ViconReceiver::UnlabeledMarker::CalculateDeltaTime(ViconDataStreamSDK::CPP::Output_GetTimecode&, ViconDataStreamSDK::CPP::Output_GetTimecode&)[m[K’:
[4.490s] [01m[K/vicon_GJM_test/ros2-vicon-receiver/vicon_receiver/src/vicon_unlabeled_marker_receiver/communicator.cpp:122:42:[m[K [01;35m[Kwarning: [m[Kdivision by zero [[01;35m[K-Wdiv-by-zero[m[K]
[4.490s]   122 |                         + [01;35m[K(delta_frames) / (1/120)[m[K;
[4.490s]       |                           [01;35m[K~~~~~~~~~~~~~~~^~~~~~~~~[m[K
[4.491s] [01m[K/vicon_GJM_test/ros2-vicon-receiver/vicon_receiver/src/vicon_unlabeled_marker_receiver/communicator.cpp:[m[K In member function ‘[01m[Kvoid ViconReceiver::UnlabeledMarker::Communicator::get_frame()[m[K’:
[4.491s] [01m[K/vicon_GJM_test/ros2-vicon-receiver/vicon_receiver/src/vicon_unlabeled_marker_receiver/communicator.cpp:139:50:[m[K [01;31m[Kerror: [m[Kcannot convert ‘[01m[Kstd::vector<long unsigned int>[m[K’ to ‘[01m[Kconst std::vector<int>&[m[K’
[4.491s]   139 |   std::size_t marker_count = findMajorityElement([01;31m[Kmarker_count_total[m[K);
[4.491s]       |                                                  [01;31m[K^~~~~~~~~~~~~~~~~~[m[K
[4.491s]       |                                                  [01;31m[K|[m[K
[4.491s]       |                                                  [01;31m[Kstd::vector<long unsigned int>[m[K
[4.492s] In file included from [01m[K/vicon_GJM_test/ros2-vicon-receiver/vicon_receiver/src/vicon_unlabeled_marker_receiver/communicator.cpp:1[m[K:
[4.492s] [01m[K/vicon_GJM_test/ros2-vicon-receiver/vicon_receiver/include/vicon_unlabeled_marker_receiver/communicator.hpp:46:51:[m[K [01;36m[Knote: [m[K  initializing argument 1 of ‘[01m[Kint ViconReceiver::UnlabeledMarker::Communicator::findMajorityElement(const std::vector<int>&)[m[K’
[4.492s]    46 |   int findMajorityElement([01;36m[Kconst std::vector<int> &nums[m[K);
[4.492s]       |                           [01;36m[K~~~~~~~~~~~~~~~~~~~~~~~~^~~~[m[K
[4.493s] [01m[K/vicon_GJM_test/ros2-vicon-receiver/vicon_receiver/src/vicon_unlabeled_marker_receiver/communicator.cpp:151:17:[m[K [01;31m[Kerror: [m[Kno matching function for call to ‘[01m[KViconReceiver::UnlabeledMarker::MarkersStruct::MarkersStruct()[m[K’
[4.493s]   151 |   MarkersStruct [01;31m[Kprev_markers[m[K;
[4.494s]       |                 [01;31m[K^~~~~~~~~~~~[m[K
[4.494s] In file included from [01m[K/vicon_GJM_test/ros2-vicon-receiver/vicon_receiver/include/vicon_unlabeled_marker_receiver/communicator.hpp:6[m[K,
[4.494s]                  from [01m[K/vicon_GJM_test/ros2-vicon-receiver/vicon_receiver/src/vicon_unlabeled_marker_receiver/communicator.cpp:1[m[K:
[4.494s] [01m[K/vicon_GJM_test/ros2-vicon-receiver/vicon_receiver/include/vicon_unlabeled_marker_receiver/publisher.hpp:13:3:[m[K [01;36m[Knote: [m[Kcandidate: ‘[01m[KViconReceiver::UnlabeledMarker::MarkersStruct::MarkersStruct(std::size_t, unsigned int)[m[K’
[4.494s]    13 |   [01;36m[KMarkersStruct[m[K(std::size_t size, unsigned int frame_number)
[4.494s]       |   [01;36m[K^~~~~~~~~~~~~[m[K
[4.494s] [01m[K/vicon_GJM_test/ros2-vicon-receiver/vicon_receiver/include/vicon_unlabeled_marker_receiver/publisher.hpp:13:3:[m[K [01;36m[Knote: [m[K  candidate expects 2 arguments, 0 provided
[4.494s] [01m[K/vicon_GJM_test/ros2-vicon-receiver/vicon_receiver/include/vicon_unlabeled_marker_receiver/publisher.hpp:11:8:[m[K [01;36m[Knote: [m[Kcandidate: ‘[01m[KViconReceiver::UnlabeledMarker::MarkersStruct::MarkersStruct(const ViconReceiver::UnlabeledMarker::MarkersStruct&)[m[K’
[4.494s]    11 | struct [01;36m[KMarkersStruct[m[K {
[4.494s]       |        [01;36m[K^~~~~~~~~~~~~[m[K
[4.495s] [01m[K/vicon_GJM_test/ros2-vicon-receiver/vicon_receiver/include/vicon_unlabeled_marker_receiver/publisher.hpp:11:8:[m[K [01;36m[Knote: [m[K  candidate expects 1 argument, 0 provided
[4.495s] [01m[K/vicon_GJM_test/ros2-vicon-receiver/vicon_receiver/include/vicon_unlabeled_marker_receiver/publisher.hpp:11:8:[m[K [01;36m[Knote: [m[Kcandidate: ‘[01m[KViconReceiver::UnlabeledMarker::MarkersStruct::MarkersStruct(ViconReceiver::UnlabeledMarker::MarkersStruct&&)[m[K’
[4.495s] [01m[K/vicon_GJM_test/ros2-vicon-receiver/vicon_receiver/include/vicon_unlabeled_marker_receiver/publisher.hpp:11:8:[m[K [01;36m[Knote: [m[K  candidate expects 1 argument, 0 provided
[4.495s] [01m[K/vicon_GJM_test/ros2-vicon-receiver/vicon_receiver/src/vicon_unlabeled_marker_receiver/communicator.cpp:164:16:[m[K [01;35m[Kwarning: [m[Kunused variable ‘[01m[Kspeed[m[K’ [[01;35m[K-Wunused-variable[m[K]
[4.495s]   164 |         double [01;35m[Kspeed[m[K = sqrt(dx * dx + dy * dy + dz * dz) / delta_time;
[4.495s]       |                [01;35m[K^~~~~[m[K
[5.833s] make[2]: *** [CMakeFiles/vicon_client_unlabeled.dir/build.make:63: CMakeFiles/vicon_client_unlabeled.dir/src/vicon_unlabeled_marker_receiver/communicator.cpp.o] Error 1
[5.833s] make[1]: *** [CMakeFiles/Makefile2:156: CMakeFiles/vicon_client_unlabeled.dir/all] Error 2
[5.833s] make: *** [Makefile:141: all] Error 2
[5.836s] Invoked command in '/vicon_GJM_test/ros2-vicon-receiver/vicon_receiver/build/vicon_receiver' returned '2': CMAKE_PREFIX_PATH=${CMAKE_PREFIX_PATH}:/opt/ros/foxy /usr/bin/cmake --build /vicon_GJM_test/ros2-vicon-receiver/vicon_receiver/build/vicon_receiver -- -j8 -l8
