[0.065s] Invoking command in '/vicon_GJM_test/ros2-vicon-receiver/build/vicon_receiver_GJM': CMAKE_PREFIX_PATH=${CMAKE_PREFIX_PATH}:/opt/ros/foxy /usr/bin/cmake /vicon_GJM_test/ros2-vicon-receiver/vicon_receiver -DCMAKE_INSTALL_PREFIX=/vicon_GJM_test/ros2-vicon-receiver/install/vicon_receiver_GJM
[0.270s] -- The C compiler identification is GNU 9.4.0
[0.462s] -- The CXX compiler identification is GNU 9.4.0
[0.476s] -- Check for working C compiler: /usr/bin/cc
[0.610s] -- Check for working C compiler: /usr/bin/cc -- works
[0.613s] -- Detecting C compiler ABI info
[0.725s] -- Detecting C compiler ABI info - done
[0.743s] -- Detecting C compile features
[0.743s] -- Detecting C compile features - done
[0.749s] -- Check for working CXX compiler: /usr/bin/c++
[0.878s] -- Check for working CXX compiler: /usr/bin/c++ -- works
[0.879s] -- Detecting CXX compiler ABI info
[0.993s] -- Detecting CXX compiler ABI info - done
[1.009s] -- Detecting CXX compile features
[1.010s] -- Detecting CXX compile features - done
[1.029s] -- Found ament_cmake: 0.9.12 (/opt/ros/foxy/share/ament_cmake/cmake)
[1.064s] -- Found PythonInterp: /usr/bin/python3 (found suitable version "3.8.10", minimum required is "3") 
[1.064s] -- Using PYTHON_EXECUTABLE: /usr/bin/python3
[1.331s] -- Found rosidl_default_generators: 1.0.1 (/opt/ros/foxy/share/rosidl_default_generators/cmake)
[1.343s] -- Using all available rosidl_typesupport_c: rosidl_typesupport_fastrtps_c;rosidl_typesupport_introspection_c
[1.359s] -- Found rosidl_adapter: 1.3.1 (/opt/ros/foxy/share/rosidl_adapter/cmake)
[1.548s] -- Found OpenSSL: /usr/lib/x86_64-linux-gnu/libcrypto.so (found version "1.1.1f")  
[1.588s] -- Found FastRTPS: /opt/ros/foxy/include  
[1.717s] -- Using all available rosidl_typesupport_cpp: rosidl_typesupport_fastrtps_cpp;rosidl_typesupport_introspection_cpp
[1.772s] -- Found rclcpp: 2.4.3 (/opt/ros/foxy/share/rclcpp/cmake)
[1.895s] -- Found rmw_implementation_cmake: 1.0.4 (/opt/ros/foxy/share/rmw_implementation_cmake/cmake)
[1.899s] -- Using RMW implementation 'rmw_fastrtps_cpp' as default
[1.902s] -- Looking for pthread.h
[2.010s] -- Looking for pthread.h - found
[2.010s] -- Performing Test CMAKE_HAVE_LIBC_PTHREAD
[2.098s] -- Performing Test CMAKE_HAVE_LIBC_PTHREAD - Failed
[2.098s] -- Looking for pthread_create in pthreads
[2.182s] -- Looking for pthread_create in pthreads - not found
[2.183s] -- Looking for pthread_create in pthread
[2.273s] -- Looking for pthread_create in pthread - found
[2.274s] -- Found Threads: TRUE  
[2.556s] -- Found Boost: /usr/lib/x86_64-linux-gnu/cmake/Boost-1.71.0/BoostConfig.cmake (found version "1.71.0") found components: thread 
[2.593s] -- Found PythonInterp: /usr/bin/python3 (found version "3.8.10") 
[2.680s] CMake Error at /opt/ros/foxy/share/rosidl_adapter/cmake/rosidl_adapt_interfaces.cmake:60 (message):
[2.680s]   execute_process(/usr/bin/python3 -m rosidl_adapter --package-name
[2.680s]   vicon_receiver_GJM --arguments-file
[2.681s]   /vicon_GJM_test/ros2-vicon-receiver/build/vicon_receiver_GJM/rosidl_adapter__arguments__vicon_receiver_GJM.json
[2.681s]   --output-dir
[2.681s]   /vicon_GJM_test/ros2-vicon-receiver/build/vicon_receiver_GJM/rosidl_adapter/vicon_receiver_GJM
[2.681s]   --output-file
[2.681s]   /vicon_GJM_test/ros2-vicon-receiver/build/vicon_receiver_GJM/rosidl_adapter/vicon_receiver_GJM.idls)
[2.681s]   returned error code 1:
[2.681s] 
[2.681s]   Traceback (most recent call last):
[2.682s] 
[2.682s]     File "/usr/lib/python3.8/runpy.py", line 194, in _run_module_as_main
[2.682s]       return _run_code(code, main_globals, None,
[2.682s]     File "/usr/lib/python3.8/runpy.py", line 87, in _run_code
[2.682s]       exec(code, run_globals)
[2.682s]     File "/opt/ros/foxy/lib/python3.8/site-packages/rosidl_adapter/__main__.py", line 19, in <module>
[2.682s]       sys.exit(main())
[2.683s]     File "/opt/ros/foxy/lib/python3.8/site-packages/rosidl_adapter/main.py", line 53, in main
[2.683s]       abs_idl_file = convert_to_idl(
[2.683s]     File "/opt/ros/foxy/lib/python3.8/site-packages/rosidl_adapter/__init__.py", line 19, in convert_to_idl
[2.683s]       return convert_msg_to_idl(
[2.683s]     File "/opt/ros/foxy/lib/python3.8/site-packages/rosidl_adapter/msg/__init__.py", line 28, in convert_msg_to_idl
[2.683s]       msg = parse_message_string(package_name, input_file.stem, content)
[2.683s]     File "/opt/ros/foxy/lib/python3.8/site-packages/rosidl_adapter/parser.py", line 540, in parse_message_string
[2.684s]       msg = MessageSpecification(pkg_name, msg_name, fields, constants)
[2.684s]     File "/opt/ros/foxy/lib/python3.8/site-packages/rosidl_adapter/parser.py", line 387, in __init__
[2.684s]       self.base_type = BaseType(
[2.684s]     File "/opt/ros/foxy/lib/python3.8/site-packages/rosidl_adapter/parser.py", line 200, in __init__
[2.684s]       raise InvalidResourceName(
[2.685s] 
[2.685s]   rosidl_adapter.parser.InvalidResourceName: 'vicon_receiver_GJM' is an
[2.685s]   invalid package name.  It should have the pattern
[2.685s]   '^(?!.*__)(?!.*_$)[a-z][a-z0-9_]*$'
[2.685s] 
[2.686s] Call Stack (most recent call first):
[2.686s]   /opt/ros/foxy/share/rosidl_cmake/cmake/rosidl_generate_interfaces.cmake:130 (rosidl_adapt_interfaces)
[2.686s]   CMakeLists.txt:29 (rosidl_generate_interfaces)
[2.686s] 
[2.687s] 
[2.687s] -- Configuring incomplete, errors occurred!
[2.688s] See also "/vicon_GJM_test/ros2-vicon-receiver/build/vicon_receiver_GJM/CMakeFiles/CMakeOutput.log".
[2.688s] See also "/vicon_GJM_test/ros2-vicon-receiver/build/vicon_receiver_GJM/CMakeFiles/CMakeError.log".
[2.713s] Invoked command in '/vicon_GJM_test/ros2-vicon-receiver/build/vicon_receiver_GJM' returned '1': CMAKE_PREFIX_PATH=${CMAKE_PREFIX_PATH}:/opt/ros/foxy /usr/bin/cmake /vicon_GJM_test/ros2-vicon-receiver/vicon_receiver -DCMAKE_INSTALL_PREFIX=/vicon_GJM_test/ros2-vicon-receiver/install/vicon_receiver_GJM
