[0.039s] Invoking command in '/vicon_GJM_test/ros2-vicon-receiver/vicon_receiver/build/vicon_receiver': CMAKE_PREFIX_PATH=${CMAKE_PREFIX_PATH}:/opt/ros/foxy /usr/bin/cmake --build /vicon_GJM_test/ros2-vicon-receiver/vicon_receiver/build/vicon_receiver -- -j8 -l8
[0.103s] [  2%] Built target vicon_receiver__cpp
[0.105s] [ 10%] Built target vicon_receiver__rosidl_generator_c
[0.145s] [ 40%] Built target vicon_receiver__rosidl_typesupport_c
[0.145s] [ 40%] Built target vicon_receiver__rosidl_typesupport_introspection_cpp
[0.145s] [ 42%] Built target vicon_receiver__rosidl_typesupport_cpp
[0.145s] [ 42%] Built target vicon_receiver__rosidl_typesupport_introspection_c
[0.150s] [ 51%] Built target vicon_receiver__rosidl_typesupport_fastrtps_cpp
[0.185s] [ 59%] Built target vicon_receiver__rosidl_typesupport_fastrtps_c
[0.212s] [ 59%] Built target vicon_receiver
[0.232s] [35m[1mScanning dependencies of target vicon_client_unlabeled[0m
[0.243s] [ 61%] Built target vicon_receiver__py
[0.258s] [ 73%] Built target vicon_client
[0.258s] [ 75%] Built target vicon_client_mock
[0.270s] [ 77%] [32mBuilding CXX object CMakeFiles/vicon_client_unlabeled.dir/src/vicon_unlabeled_marker_receiver/communicator.cpp.o[0m
[0.279s] [ 83%] Built target vicon_receiver__python
[0.318s] [ 95%] Built target vicon_receiver__rosidl_typesupport_fastrtps_c__pyext
[0.318s] [ 95%] Built target vicon_receiver__rosidl_typesupport_introspection_c__pyext
[0.319s] [ 95%] Built target vicon_receiver__rosidl_typesupport_c__pyext
[3.768s] In file included from [01m[K/vicon_GJM_test/ros2-vicon-receiver/vicon_receiver/src/vicon_unlabeled_marker_receiver/communicator.cpp:1[m[K:
[3.768s] [01m[K/vicon_GJM_test/ros2-vicon-receiver/vicon_receiver/include/vicon_unlabeled_marker_receiver/communicator.hpp:35:3:[m[K [01;31m[Kerror: [m[K‘[01m[KOutput_GetTimecode[m[K’ does not name a type
[3.768s]    35 |   [01;31m[KOutput_GetTimecode[m[K previous_timecode;
[3.768s]       |   [01;31m[K^~~~~~~~~~~~~~~~~~[m[K
[3.768s] [01m[K/vicon_GJM_test/ros2-vicon-receiver/vicon_receiver/include/vicon_unlabeled_marker_receiver/communicator.hpp:56:7:[m[K [01;31m[Kerror: [m[Kextra qualification ‘[01m[KViconReceiver::UnlabeledMarker::Communicator::[m[K’ on member ‘[01m[KfindMajorityElement[m[K’ [[01;31m[K-fpermissive[m[K]
[3.768s]    56 |   int [01;31m[KCommunicator[m[K::findMajorityElement(std::vector<std::size_t>& nums);
[3.769s]       |       [01;31m[K^~~~~~~~~~~~[m[K
[3.780s] In file included from [01m[K/vicon_GJM_test/ros2-vicon-receiver/vicon_receiver/src/vicon_unlabeled_marker_receiver/communicator.cpp:1[m[K:
[3.781s] [01m[K/vicon_GJM_test/ros2-vicon-receiver/vicon_receiver/include/vicon_unlabeled_marker_receiver/communicator.hpp:66:3:[m[K [01;31m[Kerror: [m[K‘[01m[KOutput_GetTimecode[m[K’ does not name a type
[3.781s]    66 |   [01;31m[KOutput_GetTimecode[m[K getPreviousTimecode();
[3.781s]       |   [01;31m[K^~~~~~~~~~~~~~~~~~[m[K
[3.783s] [01m[K/vicon_GJM_test/ros2-vicon-receiver/vicon_receiver/src/vicon_unlabeled_marker_receiver/communicator.cpp:[m[K In constructor ‘[01m[KViconReceiver::UnlabeledMarker::Communicator::Communicator()[m[K’:
[3.784s] [01m[K/vicon_GJM_test/ros2-vicon-receiver/vicon_receiver/src/vicon_unlabeled_marker_receiver/communicator.cpp:11:62:[m[K [01;31m[Kerror: [m[Kno matching function for call to ‘[01m[KViconReceiver::UnlabeledMarker::MarkersStruct::MarkersStruct()[m[K’
[3.784s]    11 | Communicator::Communicator() : Node("vicon_unlabeled_markers"[01;31m[K)[m[K {
[3.784s]       |                                                              [01;31m[K^[m[K
[3.784s] In file included from [01m[K/vicon_GJM_test/ros2-vicon-receiver/vicon_receiver/include/vicon_unlabeled_marker_receiver/communicator.hpp:6[m[K,
[3.784s]                  from [01m[K/vicon_GJM_test/ros2-vicon-receiver/vicon_receiver/src/vicon_unlabeled_marker_receiver/communicator.cpp:1[m[K:
[3.784s] [01m[K/vicon_GJM_test/ros2-vicon-receiver/vicon_receiver/include/vicon_unlabeled_marker_receiver/publisher.hpp:13:3:[m[K [01;36m[Knote: [m[Kcandidate: ‘[01m[KViconReceiver::UnlabeledMarker::MarkersStruct::MarkersStruct(std::size_t, unsigned int)[m[K’
[3.785s]    13 |   [01;36m[KMarkersStruct[m[K(std::size_t size, unsigned int frame_number)
[3.785s]       |   [01;36m[K^~~~~~~~~~~~~[m[K
[3.785s] [01m[K/vicon_GJM_test/ros2-vicon-receiver/vicon_receiver/include/vicon_unlabeled_marker_receiver/publisher.hpp:13:3:[m[K [01;36m[Knote: [m[K  candidate expects 2 arguments, 0 provided
[3.786s] [01m[K/vicon_GJM_test/ros2-vicon-receiver/vicon_receiver/include/vicon_unlabeled_marker_receiver/publisher.hpp:11:8:[m[K [01;36m[Knote: [m[Kcandidate: ‘[01m[KViconReceiver::UnlabeledMarker::MarkersStruct::MarkersStruct(const ViconReceiver::UnlabeledMarker::MarkersStruct&)[m[K’
[3.786s]    11 | struct [01;36m[KMarkersStruct[m[K {
[3.786s]       |        [01;36m[K^~~~~~~~~~~~~[m[K
[3.786s] [01m[K/vicon_GJM_test/ros2-vicon-receiver/vicon_receiver/include/vicon_unlabeled_marker_receiver/publisher.hpp:11:8:[m[K [01;36m[Knote: [m[K  candidate expects 1 argument, 0 provided
[3.786s] [01m[K/vicon_GJM_test/ros2-vicon-receiver/vicon_receiver/include/vicon_unlabeled_marker_receiver/publisher.hpp:11:8:[m[K [01;36m[Knote: [m[Kcandidate: ‘[01m[KViconReceiver::UnlabeledMarker::MarkersStruct::MarkersStruct(ViconReceiver::UnlabeledMarker::MarkersStruct&&)[m[K’
[3.786s] [01m[K/vicon_GJM_test/ros2-vicon-receiver/vicon_receiver/include/vicon_unlabeled_marker_receiver/publisher.hpp:11:8:[m[K [01;36m[Knote: [m[K  candidate expects 1 argument, 0 provided
[3.798s] [01m[K/vicon_GJM_test/ros2-vicon-receiver/vicon_receiver/src/vicon_unlabeled_marker_receiver/communicator.cpp:[m[K In member function ‘[01m[Kint ViconReceiver::UnlabeledMarker::Communicator::findMajorityElement(std::vector<long unsigned int>&)[m[K’:
[3.798s] [01m[K/vicon_GJM_test/ros2-vicon-receiver/vicon_receiver/src/vicon_unlabeled_marker_receiver/communicator.cpp:82:21:[m[K [01;35m[Kwarning: [m[Kcomparison of integer expressions of different signedness: ‘[01m[Kint[m[K’ and ‘[01m[Kstd::vector<long unsigned int>::size_type[m[K’ {aka ‘[01m[Klong unsigned int[m[K’} [[01;35m[K-Wsign-compare[m[K]
[3.799s]    82 |   for (int i = 1; [01;35m[Ki < nums.size()[m[K; i++) {
[3.799s]       |                   [01;35m[K~~^~~~~~~~~~~~~[m[K
[3.799s] [01m[K/vicon_GJM_test/ros2-vicon-receiver/vicon_receiver/src/vicon_unlabeled_marker_receiver/communicator.cpp:86:25:[m[K [01;35m[Kwarning: [m[Kcomparison of integer expressions of different signedness: ‘[01m[Kint[m[K’ and ‘[01m[K__gnu_cxx::__alloc_traits<std::allocator<long unsigned int>, long unsigned int>::value_type[m[K’ {aka ‘[01m[Klong unsigned int[m[K’} [[01;35m[K-Wsign-compare[m[K]
[3.800s]    86 |     } else if (majority == nums[i]) {
[3.800s] [01m[K/vicon_GJM_test/ros2-vicon-receiver/vicon_receiver/src/vicon_unlabeled_marker_receiver/communicator.cpp:102:13:[m[K [01;35m[Kwarning: [m[Kcomparison of integer expressions of different signedness: ‘[01m[Kint[m[K’ and ‘[01m[Kstd::vector<long unsigned int>::size_type[m[K’ {aka ‘[01m[Klong unsigned int[m[K’} [[01;35m[K-Wsign-compare[m[K]
[3.800s]   102 |   if ([01;35m[Kcount <= nums.size() / 2[m[K) {
[3.800s]       |       [01;35m[K~~~~~~^~~~~~~~~~~~~~~~~~[m[K
[3.808s] [01m[K/vicon_GJM_test/ros2-vicon-receiver/vicon_receiver/src/vicon_unlabeled_marker_receiver/communicator.cpp:[m[K At global scope:
[3.808s] [01m[K/vicon_GJM_test/ros2-vicon-receiver/vicon_receiver/src/vicon_unlabeled_marker_receiver/communicator.cpp:186:53:[m[K [01;31m[Kerror: [m[Kno declaration matches ‘[01m[Kstd::pair<std::vector<std::pair<int, int> >, double> ViconReceiver::UnlabeledMarker::Communicator::findOptimalAssignment(const MarkersStruct&, const MarkersStruct&)[m[K’
[3.808s]   186 | std::pair<std::vector<std::pair<int, int>>, double> [01;31m[KCommunicator[m[K::findOptimalAssignment(
[3.808s]       |                                                     [01;31m[K^~~~~~~~~~~~[m[K
[3.809s] In file included from [01m[K/vicon_GJM_test/ros2-vicon-receiver/vicon_receiver/src/vicon_unlabeled_marker_receiver/communicator.cpp:1[m[K:
[3.809s] [01m[K/vicon_GJM_test/ros2-vicon-receiver/vicon_receiver/include/vicon_unlabeled_marker_receiver/communicator.hpp:60:36:[m[K [01;36m[Knote: [m[Kcandidate is: ‘[01m[Kstd::vector<std::pair<int, int> > ViconReceiver::UnlabeledMarker::Communicator::findOptimalAssignment(const MarkersStruct&, const MarkersStruct&)[m[K’
[3.809s]    60 |   std::vector<std::pair<int, int>> [01;36m[KfindOptimalAssignment[m[K(
[3.809s]       |                                    [01;36m[K^~~~~~~~~~~~~~~~~~~~~[m[K
[3.810s] In file included from [01m[K/vicon_GJM_test/ros2-vicon-receiver/vicon_receiver/src/vicon_unlabeled_marker_receiver/communicator.cpp:1[m[K:
[3.810s] [01m[K/vicon_GJM_test/ros2-vicon-receiver/vicon_receiver/include/vicon_unlabeled_marker_receiver/communicator.hpp:26:7:[m[K [01;36m[Knote: [m[K‘[01m[Kclass ViconReceiver::UnlabeledMarker::Communicator[m[K’ defined here
[3.810s]    26 | class [01;36m[KCommunicator[m[K : public rclcpp::Node {
[3.810s]       |       [01;36m[K^~~~~~~~~~~~[m[K
[3.810s] [01m[K/vicon_GJM_test/ros2-vicon-receiver/vicon_receiver/src/vicon_unlabeled_marker_receiver/communicator.cpp:227:20:[m[K [01;31m[Kerror: [m[Kno declaration matches ‘[01m[KViconDataStreamSDK::CPP::Output_GetTimecode ViconReceiver::UnlabeledMarker::Communicator::getPreviousTimecode()[m[K’
[3.810s]   227 | Output_GetTimecode [01;31m[KCommunicator[m[K::getPreviousTimecode(){
[3.811s]       |                    [01;31m[K^~~~~~~~~~~~[m[K
[3.811s] [01m[K/vicon_GJM_test/ros2-vicon-receiver/vicon_receiver/src/vicon_unlabeled_marker_receiver/communicator.cpp:227:20:[m[K [01;36m[Knote: [m[Kno functions named ‘[01m[KViconDataStreamSDK::CPP::Output_GetTimecode ViconReceiver::UnlabeledMarker::Communicator::getPreviousTimecode()[m[K’
[3.811s] In file included from [01m[K/vicon_GJM_test/ros2-vicon-receiver/vicon_receiver/src/vicon_unlabeled_marker_receiver/communicator.cpp:1[m[K:
[3.811s] [01m[K/vicon_GJM_test/ros2-vicon-receiver/vicon_receiver/include/vicon_unlabeled_marker_receiver/communicator.hpp:26:7:[m[K [01;36m[Knote: [m[K‘[01m[Kclass ViconReceiver::UnlabeledMarker::Communicator[m[K’ defined here
[3.811s]    26 | class [01;36m[KCommunicator[m[K : public rclcpp::Node {
[3.811s]       |       [01;36m[K^~~~~~~~~~~~[m[K
[3.822s] [01m[K/vicon_GJM_test/ros2-vicon-receiver/vicon_receiver/src/vicon_unlabeled_marker_receiver/communicator.cpp:[m[K In member function ‘[01m[Kvoid ViconReceiver::UnlabeledMarker::Communicator::get_frame()[m[K’:
[3.822s] [01m[K/vicon_GJM_test/ros2-vicon-receiver/vicon_receiver/src/vicon_unlabeled_marker_receiver/communicator.cpp:262:38:[m[K [01;31m[Kerror: [m[K‘[01m[KgetPreviousTimecode[m[K’ was not declared in this scope
[3.823s]   262 |   Output_GetTimecode prev_timecode = [01;31m[KgetPreviousTimecode[m[K();
[3.823s]       |                                      [01;31m[K^~~~~~~~~~~~~~~~~~~[m[K
[3.823s] [01m[K/vicon_GJM_test/ros2-vicon-receiver/vicon_receiver/src/vicon_unlabeled_marker_receiver/communicator.cpp:266:10:[m[K [01;35m[Kwarning: [m[Kstructured bindings only available with ‘[01m[K-std=c++17[m[K’ or ‘[01m[K-std=gnu++17[m[K’
[3.823s]   266 |     auto [01;35m[K[[m[Kassignment, totalCost] = findOptimalAssignment(current_markers, prev_markers);
[3.823s]       |          [01;35m[K^[m[K
[3.826s] [01m[K/vicon_GJM_test/ros2-vicon-receiver/vicon_receiver/src/vicon_unlabeled_marker_receiver/communicator.cpp:266:10:[m[K [01;31m[Kerror: [m[K2 names provided for structured binding
[3.827s]   266 |     auto [01;31m[K[assignment, totalCost][m[K = findOptimalAssignment(current_markers, prev_markers);
[3.827s]       |          [01;31m[K^~~~~~~~~~~~~~~~~~~~~~~[m[K
[3.827s] [01m[K/vicon_GJM_test/ros2-vicon-receiver/vicon_receiver/src/vicon_unlabeled_marker_receiver/communicator.cpp:266:10:[m[K [01;36m[Knote: [m[Kwhile ‘[01m[Kstd::vector<std::pair<int, int> >[m[K’ decomposes into 1 element
[3.827s] [01m[K/vicon_GJM_test/ros2-vicon-receiver/vicon_receiver/src/vicon_unlabeled_marker_receiver/communicator.cpp:267:22:[m[K [01;35m[Kwarning: [m[Kstructured bindings only available with ‘[01m[K-std=c++17[m[K’ or ‘[01m[K-std=gnu++17[m[K’
[3.827s]   267 |     for (const auto& [01;35m[K[[m[Kcurrent_idx, prev_idx] : assignment) {
[3.827s]       |                      [01;35m[K^[m[K
[3.834s] [01m[K/vicon_GJM_test/ros2-vicon-receiver/vicon_receiver/src/vicon_unlabeled_marker_receiver/communicator.cpp:275:3:[m[K [01;31m[Kerror: [m[K‘[01m[Kprevious_timecode[m[K’ was not declared in this scope; did you mean ‘[01m[Kprev_timecode[m[K’?
[3.834s]   275 |   [01;31m[Kprevious_timecode[m[K = timecode;
[3.834s]       |   [01;31m[K^~~~~~~~~~~~~~~~~[m[K
[3.834s]       |   [32m[Kprev_timecode[m[K
[5.077s] make[2]: *** [CMakeFiles/vicon_client_unlabeled.dir/build.make:63: CMakeFiles/vicon_client_unlabeled.dir/src/vicon_unlabeled_marker_receiver/communicator.cpp.o] Error 1
[5.077s] make[1]: *** [CMakeFiles/Makefile2:156: CMakeFiles/vicon_client_unlabeled.dir/all] Error 2
[5.077s] make: *** [Makefile:141: all] Error 2
[5.083s] Invoked command in '/vicon_GJM_test/ros2-vicon-receiver/vicon_receiver/build/vicon_receiver' returned '2': CMAKE_PREFIX_PATH=${CMAKE_PREFIX_PATH}:/opt/ros/foxy /usr/bin/cmake --build /vicon_GJM_test/ros2-vicon-receiver/vicon_receiver/build/vicon_receiver -- -j8 -l8
