[0.028s] Invoking command in '/vicon_GJM_test/ros2-vicon-receiver/build/vicon_receiver_gjm': CMAKE_PREFIX_PATH=${CMAKE_PREFIX_PATH}:/opt/ros/foxy /usr/bin/cmake /vicon_GJM_test/ros2-vicon-receiver/vicon_receiver -DCMAKE_INSTALL_PREFIX=/vicon_GJM_test/ros2-vicon-receiver/install/vicon_receiver_gjm
[0.047s] -- Found ament_cmake: 0.9.12 (/opt/ros/foxy/share/ament_cmake/cmake)
[0.076s] -- Found PythonInterp: /usr/bin/python3 (found suitable version "3.8.10", minimum required is "3") 
[0.076s] -- Using PYTHON_EXECUTABLE: /usr/bin/python3
[0.281s] -- Found rosidl_default_generators: 1.0.1 (/opt/ros/foxy/share/rosidl_default_generators/cmake)
[0.284s] -- Using all available rosidl_typesupport_c: rosidl_typesupport_fastrtps_c;rosidl_typesupport_introspection_c
[0.288s] -- Found rosidl_adapter: 1.3.1 (/opt/ros/foxy/share/rosidl_adapter/cmake)
[0.476s] -- Using all available rosidl_typesupport_cpp: rosidl_typesupport_fastrtps_cpp;rosidl_typesupport_introspection_cpp
[0.508s] -- Found rclcpp: 2.4.3 (/opt/ros/foxy/share/rclcpp/cmake)
[0.582s] -- Found rmw_implementation_cmake: 1.0.4 (/opt/ros/foxy/share/rmw_implementation_cmake/cmake)
[0.584s] -- Using RMW implementation 'rmw_fastrtps_cpp' as default
[0.830s] -- Found PythonInterp: /usr/bin/python3 (found version "3.8.10") 
[0.981s] -- Found ament_cmake_ros: 0.9.2 (/opt/ros/foxy/share/ament_cmake_ros/cmake)
[1.107s] -- Using all available rosidl_typesupport_c: rosidl_typesupport_fastrtps_c;rosidl_typesupport_introspection_c
[1.119s] -- Using all available rosidl_typesupport_cpp: rosidl_typesupport_fastrtps_cpp;rosidl_typesupport_introspection_cpp
[1.146s] -- Found PythonInterp: /usr/bin/python3 (found suitable version "3.8.10", minimum required is "3.5") 
[1.146s] -- Found python_cmake_module: 0.8.1 (/opt/ros/foxy/share/python_cmake_module/cmake)
[1.174s] -- Using PYTHON_EXECUTABLE: /usr/bin/python3
[1.174s] -- Using PYTHON_INCLUDE_DIRS: /usr/include/python3.8
[1.174s] -- Using PYTHON_LIBRARIES: /usr/lib/x86_64-linux-gnu/libpython3.8.so
[1.372s] -- Using numpy include directory: /usr/local/lib/python3.8/dist-packages/numpy/core/include
[1.445s] -- Found rmw_fastrtps_cpp: 1.3.2 (/opt/ros/foxy/share/rmw_fastrtps_cpp/cmake)
[1.614s] -- Configuring done
[1.710s] -- Generating done
[1.719s] -- Build files have been written to: /vicon_GJM_test/ros2-vicon-receiver/build/vicon_receiver_gjm
[1.729s] Invoked command in '/vicon_GJM_test/ros2-vicon-receiver/build/vicon_receiver_gjm' returned '0': CMAKE_PREFIX_PATH=${CMAKE_PREFIX_PATH}:/opt/ros/foxy /usr/bin/cmake /vicon_GJM_test/ros2-vicon-receiver/vicon_receiver -DCMAKE_INSTALL_PREFIX=/vicon_GJM_test/ros2-vicon-receiver/install/vicon_receiver_gjm
[1.734s] Invoking command in '/vicon_GJM_test/ros2-vicon-receiver/build/vicon_receiver_gjm': CMAKE_PREFIX_PATH=${CMAKE_PREFIX_PATH}:/opt/ros/foxy /usr/bin/cmake --build /vicon_GJM_test/ros2-vicon-receiver/build/vicon_receiver_gjm -- -j8 -l8
[1.787s] [35m[1mScanning dependencies of target vicon_receiver_gjm__cpp[0m
[1.787s] [  2%] [34m[1mGenerating C code for ROS interfaces[0m
[1.800s] [  4%] [34m[1mGenerating C++ code for ROS interfaces[0m
[2.334s] [  4%] Built target vicon_receiver_gjm__cpp
[2.352s] [  6%] [34m[1mGenerating C++ introspection for ROS interfaces[0m
[2.356s] [  8%] [34m[1mGenerating C++ type support dispatch for ROS interfaces[0m
[2.357s] [ 10%] [34m[1mGenerating C++ type support for eProsima Fast-RTPS[0m
[2.365s] [35m[1mScanning dependencies of target vicon_receiver_gjm__rosidl_generator_c[0m
[2.397s] [ 12%] [32mBuilding C object CMakeFiles/vicon_receiver_gjm__rosidl_generator_c.dir/rosidl_generator_c/vicon_receiver_gjm/msg/detail/markers_list__functions.c.o[0m
[2.397s] [ 14%] [32mBuilding C object CMakeFiles/vicon_receiver_gjm__rosidl_generator_c.dir/rosidl_generator_c/vicon_receiver_gjm/msg/detail/posture__functions.c.o[0m
[2.541s] [ 16%] [32m[1mLinking C shared library libvicon_receiver_gjm__rosidl_generator_c.so[0m
[2.594s] [ 16%] Built target vicon_receiver_gjm__rosidl_generator_c
[2.608s] [ 18%] [34m[1mGenerating C type support dispatch for ROS interfaces[0m
[2.609s] [ 20%] [34m[1mGenerating C introspection for ROS interfaces[0m
[2.918s] [35m[1mScanning dependencies of target vicon_receiver_gjm__rosidl_typesupport_cpp[0m
[2.947s] [ 22%] [32mBuilding CXX object CMakeFiles/vicon_receiver_gjm__rosidl_typesupport_cpp.dir/rosidl_typesupport_cpp/vicon_receiver_gjm/msg/posture__type_support.cpp.o[0m
[2.949s] [ 24%] [32mBuilding CXX object CMakeFiles/vicon_receiver_gjm__rosidl_typesupport_cpp.dir/rosidl_typesupport_cpp/vicon_receiver_gjm/msg/markers_list__type_support.cpp.o[0m
[2.958s] [35m[1mScanning dependencies of target vicon_receiver_gjm__rosidl_typesupport_introspection_cpp[0m
[2.984s] [ 26%] [32mBuilding CXX object CMakeFiles/vicon_receiver_gjm__rosidl_typesupport_introspection_cpp.dir/rosidl_typesupport_introspection_cpp/vicon_receiver_gjm/msg/detail/posture__type_support.cpp.o[0m
[2.993s] [ 28%] [32mBuilding CXX object CMakeFiles/vicon_receiver_gjm__rosidl_typesupport_introspection_cpp.dir/rosidl_typesupport_introspection_cpp/vicon_receiver_gjm/msg/detail/markers_list__type_support.cpp.o[0m
[3.005s] [35m[1mScanning dependencies of target vicon_receiver_gjm__rosidl_typesupport_fastrtps_cpp[0m
[3.040s] [ 32%] [32mBuilding CXX object CMakeFiles/vicon_receiver_gjm__rosidl_typesupport_fastrtps_cpp.dir/rosidl_typesupport_fastrtps_cpp/vicon_receiver_gjm/msg/detail/dds_fastrtps/markers_list__type_support.cpp.o[0m
[3.040s] [ 30%] [32mBuilding CXX object CMakeFiles/vicon_receiver_gjm__rosidl_typesupport_fastrtps_cpp.dir/rosidl_typesupport_fastrtps_cpp/vicon_receiver_gjm/msg/detail/dds_fastrtps/posture__type_support.cpp.o[0m
[3.321s] [35m[1mScanning dependencies of target vicon_receiver_gjm__rosidl_typesupport_c[0m
[3.347s] [ 34%] [32mBuilding CXX object CMakeFiles/vicon_receiver_gjm__rosidl_typesupport_c.dir/rosidl_typesupport_c/vicon_receiver_gjm/msg/posture__type_support.cpp.o[0m
[3.379s] [35m[1mScanning dependencies of target vicon_receiver_gjm__rosidl_typesupport_introspection_c[0m
[3.418s] [ 36%] [32mBuilding C object CMakeFiles/vicon_receiver_gjm__rosidl_typesupport_introspection_c.dir/rosidl_typesupport_introspection_c/vicon_receiver_gjm/msg/detail/posture__type_support.c.o[0m
[3.441s] [ 38%] [32mBuilding CXX object CMakeFiles/vicon_receiver_gjm__rosidl_typesupport_c.dir/rosidl_typesupport_c/vicon_receiver_gjm/msg/markers_list__type_support.cpp.o[0m
[3.500s] [ 40%] [32mBuilding C object CMakeFiles/vicon_receiver_gjm__rosidl_typesupport_introspection_c.dir/rosidl_typesupport_introspection_c/vicon_receiver_gjm/msg/detail/markers_list__type_support.c.o[0m
[3.539s] [ 42%] [32m[1mLinking CXX shared library libvicon_receiver_gjm__rosidl_typesupport_c.so[0m
[3.617s] [ 44%] [32m[1mLinking C shared library libvicon_receiver_gjm__rosidl_typesupport_introspection_c.so[0m
[3.633s] [ 44%] Built target vicon_receiver_gjm__rosidl_typesupport_c
[3.694s] [ 44%] Built target vicon_receiver_gjm__rosidl_typesupport_introspection_c
[3.762s] [ 46%] [32m[1mLinking CXX shared library libvicon_receiver_gjm__rosidl_typesupport_cpp.so[0m
[3.819s] [ 46%] Built target vicon_receiver_gjm__rosidl_typesupport_cpp
[3.880s] [ 48%] [32m[1mLinking CXX shared library libvicon_receiver_gjm__rosidl_typesupport_introspection_cpp.so[0m
[3.977s] [ 48%] Built target vicon_receiver_gjm__rosidl_typesupport_introspection_cpp
[4.129s] [ 51%] [32m[1mLinking CXX shared library libvicon_receiver_gjm__rosidl_typesupport_fastrtps_cpp.so[0m
[4.235s] [ 51%] Built target vicon_receiver_gjm__rosidl_typesupport_fastrtps_cpp
[4.248s] [ 53%] [34m[1mGenerating C type support for eProsima Fast-RTPS[0m
[4.730s] [35m[1mScanning dependencies of target vicon_receiver_gjm__rosidl_typesupport_fastrtps_c[0m
[4.750s] [ 57%] [32mBuilding CXX object CMakeFiles/vicon_receiver_gjm__rosidl_typesupport_fastrtps_c.dir/rosidl_typesupport_fastrtps_c/vicon_receiver_gjm/msg/detail/posture__type_support_c.cpp.o[0m
[4.751s] [ 57%] [32mBuilding CXX object CMakeFiles/vicon_receiver_gjm__rosidl_typesupport_fastrtps_c.dir/rosidl_typesupport_fastrtps_c/vicon_receiver_gjm/msg/detail/markers_list__type_support_c.cpp.o[0m
[5.244s] [ 59%] [32m[1mLinking CXX shared library libvicon_receiver_gjm__rosidl_typesupport_fastrtps_c.so[0m
[5.338s] [ 59%] Built target vicon_receiver_gjm__rosidl_typesupport_fastrtps_c
[5.350s] [35m[1mScanning dependencies of target vicon_receiver_gjm[0m
[5.364s] [ 59%] Built target vicon_receiver_gjm
[5.378s] [35m[1mScanning dependencies of target vicon_client[0m
[5.378s] [35m[1mScanning dependencies of target vicon_client_unlabeled[0m
[5.378s] [35m[1mScanning dependencies of target vicon_receiver_gjm__py[0m
[5.379s] [35m[1mScanning dependencies of target vicon_client_mock[0m
[5.392s] [ 61%] [34m[1mGenerating Python code for ROS interfaces[0m
[5.566s] [ 63%] [32mBuilding CXX object CMakeFiles/vicon_client.dir/src/vicon_receiver/publisher.cpp.o[0m
[5.566s] [ 65%] [32mBuilding CXX object CMakeFiles/vicon_client_unlabeled.dir/src/vicon_unlabeled_marker_receiver/communicator.cpp.o[0m
[5.568s] [ 67%] [32mBuilding CXX object CMakeFiles/vicon_client_unlabeled.dir/src/vicon_unlabeled_marker_receiver/publisher.cpp.o[0m
[5.570s] [ 69%] [32mBuilding CXX object CMakeFiles/vicon_client_mock.dir/src/vicon_receiver_mock/publisher.cpp.o[0m
[5.570s] [ 71%] [32mBuilding CXX object CMakeFiles/vicon_client.dir/src/vicon_receiver/communicator.cpp.o[0m
[5.575s] [ 73%] [32mBuilding CXX object CMakeFiles/vicon_client_mock.dir/src/vicon_receiver_mock/communicator.cpp.o[0m
[5.578s] [ 75%] [32mBuilding CXX object CMakeFiles/vicon_client_mock.dir/src/vicon_receiver_mock/data.cpp.o[0m
[5.839s] In file included from [01m[K/vicon_GJM_test/ros2-vicon-receiver/vicon_receiver/src/vicon_unlabeled_marker_receiver/publisher.cpp:1[m[K:
[5.839s] [01m[K/vicon_GJM_test/ros2-vicon-receiver/vicon_receiver/include/vicon_unlabeled_marker_receiver/publisher.hpp:4:10:[m[K [01;31m[Kfatal error: [m[Kvicon_receiver/msg/markers_list.hpp: No such file or directory
[5.839s]     4 | #include [01;31m[K"vicon_receiver/msg/markers_list.hpp"[m[K
[5.839s]       |          [01;31m[K^~~~~~~~~~~~~~~~~~~~~~~~~~~~~~~~~~~~~[m[K
[5.839s] compilation terminated.
[5.839s] In file included from [01m[K/vicon_GJM_test/ros2-vicon-receiver/vicon_receiver/include/vicon_unlabeled_marker_receiver/communicator.hpp:6[m[K,
[5.839s]                  from [01m[K/vicon_GJM_test/ros2-vicon-receiver/vicon_receiver/src/vicon_unlabeled_marker_receiver/communicator.cpp:1[m[K:
[5.840s] [01m[K/vicon_GJM_test/ros2-vicon-receiver/vicon_receiver/include/vicon_unlabeled_marker_receiver/publisher.hpp:4:10:[m[K [01;31m[Kfatal error: [m[Kvicon_receiver/msg/markers_list.hpp: No such file or directory
[5.840s]     4 | #include [01;31m[K"vicon_receiver/msg/markers_list.hpp"[m[K
[5.840s]       |          [01;31m[K^~~~~~~~~~~~~~~~~~~~~~~~~~~~~~~~~~~~~[m[K
[5.840s] compilation terminated.
[5.840s] In file included from [01m[K/vicon_GJM_test/ros2-vicon-receiver/vicon_receiver/include/vicon_receiver/communicator.hpp:6[m[K,
[5.840s]                  from [01m[K/vicon_GJM_test/ros2-vicon-receiver/vicon_receiver/src/vicon_receiver/communicator.cpp:1[m[K:
[5.840s] [01m[K/vicon_GJM_test/ros2-vicon-receiver/vicon_receiver/include/vicon_receiver/publisher.hpp:4:10:[m[K [01;31m[Kfatal error: [m[Kvicon_receiver/msg/posture.hpp: No such file or directory
[5.840s]     4 | #include [01;31m[K"vicon_receiver/msg/posture.hpp"[m[K
[5.841s]       |          [01;31m[K^~~~~~~~~~~~~~~~~~~~~~~~~~~~~~~~[m[K
[5.842s] compilation terminated.
[5.842s] In file included from [01m[K/vicon_GJM_test/ros2-vicon-receiver/vicon_receiver/src/vicon_receiver/publisher.cpp:1[m[K:
[5.842s] [01m[K/vicon_GJM_test/ros2-vicon-receiver/vicon_receiver/include/vicon_receiver/publisher.hpp:4:10:[m[K [01;31m[Kfatal error: [m[Kvicon_receiver/msg/posture.hpp: No such file or directory
[5.842s]     4 | #include [01;31m[K"vicon_receiver/msg/posture.hpp"[m[K
[5.842s]       |          [01;31m[K^~~~~~~~~~~~~~~~~~~~~~~~~~~~~~~~[m[K
[5.842s] compilation terminated.
[5.842s] make[2]: *** [CMakeFiles/vicon_client.dir/build.make:63: CMakeFiles/vicon_client.dir/src/vicon_receiver/communicator.cpp.o] Error 1
[5.843s] make[2]: *** Waiting for unfinished jobs....
[5.843s] make[2]: *** [CMakeFiles/vicon_client_unlabeled.dir/build.make:63: CMakeFiles/vicon_client_unlabeled.dir/src/vicon_unlabeled_marker_receiver/communicator.cpp.o] Error 1
[5.843s] make[2]: *** Waiting for unfinished jobs....
[5.843s] make[2]: *** [CMakeFiles/vicon_client_unlabeled.dir/build.make:76: CMakeFiles/vicon_client_unlabeled.dir/src/vicon_unlabeled_marker_receiver/publisher.cpp.o] Error 1
[5.843s] make[1]: *** [CMakeFiles/Makefile2:128: CMakeFiles/vicon_client_unlabeled.dir/all] Error 2
[5.844s] In file included from [01m[K/vicon_GJM_test/ros2-vicon-receiver/vicon_receiver/include/vicon_receiver_mock/data.hpp:2[m[K,
[5.844s]                  from [01m[K/vicon_GJM_test/ros2-vicon-receiver/vicon_receiver/include/vicon_receiver_mock/communicator.hpp:4[m[K,
[5.844s]                  from [01m[K/vicon_GJM_test/ros2-vicon-receiver/vicon_receiver/src/vicon_receiver_mock/communicator.cpp:1[m[K:
[5.844s] [01m[K/vicon_GJM_test/ros2-vicon-receiver/vicon_receiver/include/vicon_receiver_mock/publisher.hpp:4:10:[m[K [01;31m[Kfatal error: [m[Kvicon_receiver/msg/posture.hpp: No such file or directory
[5.844s]     4 | #include [01;31m[K"vicon_receiver/msg/posture.hpp"[m[K
[5.845s]       |          [01;31m[K^~~~~~~~~~~~~~~~~~~~~~~~~~~~~~~~[m[K
[5.845s] make[1]: *** Waiting for unfinished jobs....
[5.845s] compilation terminated.
[5.845s] make[2]: *** [CMakeFiles/vicon_client.dir/build.make:76: CMakeFiles/vicon_client.dir/src/vicon_receiver/publisher.cpp.o] Error 1
[5.845s] make[1]: *** [CMakeFiles/Makefile2:156: CMakeFiles/vicon_client.dir/all] Error 2
[5.845s] make[2]: *** [CMakeFiles/vicon_client_mock.dir/build.make:63: CMakeFiles/vicon_client_mock.dir/src/vicon_receiver_mock/communicator.cpp.o] Error 1
[5.845s] make[2]: *** Waiting for unfinished jobs....
[5.852s] In file included from [01m[K/vicon_GJM_test/ros2-vicon-receiver/vicon_receiver/src/vicon_receiver_mock/publisher.cpp:1[m[K:
[5.852s] [01m[K/vicon_GJM_test/ros2-vicon-receiver/vicon_receiver/include/vicon_receiver_mock/publisher.hpp:4:10:[m[K [01;31m[Kfatal error: [m[Kvicon_receiver/msg/posture.hpp: No such file or directory
[5.852s]     4 | #include [01;31m[K"vicon_receiver/msg/posture.hpp"[m[K
[5.852s]       |          [01;31m[K^~~~~~~~~~~~~~~~~~~~~~~~~~~~~~~~[m[K
[5.853s] compilation terminated.
[5.853s] In file included from [01m[K/vicon_GJM_test/ros2-vicon-receiver/vicon_receiver/include/vicon_receiver_mock/data.hpp:2[m[K,
[5.853s]                  from [01m[K/vicon_GJM_test/ros2-vicon-receiver/vicon_receiver/src/vicon_receiver_mock/data.cpp:1[m[K:
[5.853s] [01m[K/vicon_GJM_test/ros2-vicon-receiver/vicon_receiver/include/vicon_receiver_mock/publisher.hpp:4:10:[m[K [01;31m[Kfatal error: [m[Kvicon_receiver/msg/posture.hpp: No such file or directory
[5.853s]     4 | #include [01;31m[K"vicon_receiver/msg/posture.hpp"[m[K
[5.853s]       |          [01;31m[K^~~~~~~~~~~~~~~~~~~~~~~~~~~~~~~~[m[K
[5.853s] compilation terminated.
[5.853s] make[2]: *** [CMakeFiles/vicon_client_mock.dir/build.make:76: CMakeFiles/vicon_client_mock.dir/src/vicon_receiver_mock/publisher.cpp.o] Error 1
[5.854s] make[2]: *** [CMakeFiles/vicon_client_mock.dir/build.make:89: CMakeFiles/vicon_client_mock.dir/src/vicon_receiver_mock/data.cpp.o] Error 1
[5.855s] make[1]: *** [CMakeFiles/Makefile2:388: CMakeFiles/vicon_client_mock.dir/all] Error 2
[6.481s] [ 75%] Built target vicon_receiver_gjm__py
[6.483s] make: *** [Makefile:141: all] Error 2
[6.487s] Invoked command in '/vicon_GJM_test/ros2-vicon-receiver/build/vicon_receiver_gjm' returned '2': CMAKE_PREFIX_PATH=${CMAKE_PREFIX_PATH}:/opt/ros/foxy /usr/bin/cmake --build /vicon_GJM_test/ros2-vicon-receiver/build/vicon_receiver_gjm -- -j8 -l8
