[0.386s] DEBUG:colcon:Command line arguments: ['/usr/bin/colcon', 'build', '--packages-select', 'vicon_receiver_gjm']
[0.386s] DEBUG:colcon:Parsed command line arguments: Namespace(ament_cmake_args=None, base_paths=['.'], build_base='build', catkin_cmake_args=None, catkin_skip_building_tests=False, cmake_args=None, cmake_clean_cache=False, cmake_clean_first=False, cmake_force_configure=False, cmake_target=None, cmake_target_skip_unavailable=False, continue_on_error=False, event_handlers=None, executor='parallel', ignore_user_meta=False, install_base='install', log_base=None, log_level=None, main=<bound method BuildVerb.main of <colcon_core.verb.build.BuildVerb object at 0x7fe9840c70a0>>, merge_install=False, metas=['./colcon.meta'], mixin=None, mixin_files=None, mixin_verb=('build',), packages_above=None, packages_above_and_dependencies=None, packages_above_depth=None, packages_end=None, packages_ignore=None, packages_ignore_regex=None, packages_select=['vicon_receiver_gjm'], packages_select_build_failed=False, packages_select_by_dep=None, packages_select_regex=None, packages_select_test_failures=False, packages_skip=None, packages_skip_build_finished=False, packages_skip_by_dep=None, packages_skip_regex=None, packages_skip_test_passed=False, packages_skip_up_to=None, packages_start=None, packages_up_to=None, packages_up_to_regex=None, parallel_workers=8, paths=None, symlink_install=False, test_result_base=None, verb_extension=<colcon_core.verb.build.BuildVerb object at 0x7fe9840c70a0>, verb_name='build', verb_parser=<colcon_mixin.mixin.mixin_argument.MixinArgumentDecorator object at 0x7fe9840c75e0>)
[0.420s] Level 1:colcon.colcon_core.package_discovery:discover_packages(colcon_meta) check parameters
[0.421s] INFO:colcon.colcon_metadata.package_discovery.colcon_meta:Using configuration from '/root/.colcon/metadata/default/Gazebo.meta'
[0.422s] INFO:colcon.colcon_metadata.package_discovery.colcon_meta:Using configuration from '/root/.colcon/metadata/default/fastrtps.meta'
[0.422s] Level 1:colcon.colcon_core.package_discovery:discover_packages(recursive) check parameters
[0.422s] Level 1:colcon.colcon_core.package_discovery:discover_packages(ignore) check parameters
[0.422s] Level 1:colcon.colcon_core.package_discovery:discover_packages(path) check parameters
[0.422s] Level 1:colcon.colcon_core.package_discovery:discover_packages(colcon_meta) discover
[0.422s] Level 1:colcon.colcon_core.package_discovery:discover_packages(recursive) discover
[0.422s] INFO:colcon.colcon_core.package_discovery:Crawling recursively for packages in '/vicon_GJM_test/ros2-vicon-receiver'
[0.423s] Level 1:colcon.colcon_core.package_identification:_identify(.) by extensions ['ignore', 'ignore_ament_install']
[0.423s] Level 1:colcon.colcon_core.package_identification:_identify(.) by extension 'ignore'
[0.423s] Level 1:colcon.colcon_core.package_identification:_identify(.) by extension 'ignore_ament_install'
[0.423s] Level 1:colcon.colcon_core.package_identification:_identify(.) by extensions ['colcon_pkg']
[0.423s] Level 1:colcon.colcon_core.package_identification:_identify(.) by extension 'colcon_pkg'
[0.423s] Level 1:colcon.colcon_core.package_identification:_identify(.) by extensions ['colcon_meta']
[0.423s] Level 1:colcon.colcon_core.package_identification:_identify(.) by extension 'colcon_meta'
[0.423s] Level 1:colcon.colcon_core.package_identification:_identify(.) by extensions ['ros']
[0.423s] Level 1:colcon.colcon_core.package_identification:_identify(.) by extension 'ros'
[0.445s] Level 1:colcon.colcon_core.package_identification:_identify(.) by extensions ['cmake', 'python']
[0.445s] Level 1:colcon.colcon_core.package_identification:_identify(.) by extension 'cmake'
[0.445s] Level 1:colcon.colcon_core.package_identification:_identify(.) by extension 'python'
[0.446s] Level 1:colcon.colcon_core.package_identification:_identify(.) by extensions ['python_setup_py']
[0.446s] Level 1:colcon.colcon_core.package_identification:_identify(.) by extension 'python_setup_py'
[0.446s] Level 1:colcon.colcon_core.package_identification:_identify(DataStreamSDK_1.12.0) by extensions ['ignore', 'ignore_ament_install']
[0.446s] Level 1:colcon.colcon_core.package_identification:_identify(DataStreamSDK_1.12.0) by extension 'ignore'
[0.446s] Level 1:colcon.colcon_core.package_identification:_identify(DataStreamSDK_1.12.0) by extension 'ignore_ament_install'
[0.446s] Level 1:colcon.colcon_core.package_identification:_identify(DataStreamSDK_1.12.0) by extensions ['colcon_pkg']
[0.446s] Level 1:colcon.colcon_core.package_identification:_identify(DataStreamSDK_1.12.0) by extension 'colcon_pkg'
[0.446s] Level 1:colcon.colcon_core.package_identification:_identify(DataStreamSDK_1.12.0) by extensions ['colcon_meta']
[0.446s] Level 1:colcon.colcon_core.package_identification:_identify(DataStreamSDK_1.12.0) by extension 'colcon_meta'
[0.446s] Level 1:colcon.colcon_core.package_identification:_identify(DataStreamSDK_1.12.0) by extensions ['ros']
[0.446s] Level 1:colcon.colcon_core.package_identification:_identify(DataStreamSDK_1.12.0) by extension 'ros'
[0.446s] Level 1:colcon.colcon_core.package_identification:_identify(DataStreamSDK_1.12.0) by extensions ['cmake', 'python']
[0.446s] Level 1:colcon.colcon_core.package_identification:_identify(DataStreamSDK_1.12.0) by extension 'cmake'
[0.446s] Level 1:colcon.colcon_core.package_identification:_identify(DataStreamSDK_1.12.0) by extension 'python'
[0.446s] Level 1:colcon.colcon_core.package_identification:_identify(DataStreamSDK_1.12.0) by extensions ['python_setup_py']
[0.446s] Level 1:colcon.colcon_core.package_identification:_identify(DataStreamSDK_1.12.0) by extension 'python_setup_py'
[0.447s] Level 1:colcon.colcon_core.package_identification:_identify(build) by extensions ['ignore', 'ignore_ament_install']
[0.447s] Level 1:colcon.colcon_core.package_identification:_identify(build) by extension 'ignore'
[0.447s] Level 1:colcon.colcon_core.package_identification:_identify(build) ignored
[0.447s] Level 1:colcon.colcon_core.package_identification:_identify(install) by extensions ['ignore', 'ignore_ament_install']
[0.447s] Level 1:colcon.colcon_core.package_identification:_identify(install) by extension 'ignore'
[0.447s] Level 1:colcon.colcon_core.package_identification:_identify(install) ignored
[0.447s] Level 1:colcon.colcon_core.package_identification:_identify(log) by extensions ['ignore', 'ignore_ament_install']
[0.447s] Level 1:colcon.colcon_core.package_identification:_identify(log) by extension 'ignore'
[0.447s] Level 1:colcon.colcon_core.package_identification:_identify(log) ignored
[0.447s] Level 1:colcon.colcon_core.package_identification:_identify(vicon_receiver) by extensions ['ignore', 'ignore_ament_install']
[0.447s] Level 1:colcon.colcon_core.package_identification:_identify(vicon_receiver) by extension 'ignore'
[0.447s] Level 1:colcon.colcon_core.package_identification:_identify(vicon_receiver) by extension 'ignore_ament_install'
[0.447s] Level 1:colcon.colcon_core.package_identification:_identify(vicon_receiver) by extensions ['colcon_pkg']
[0.447s] Level 1:colcon.colcon_core.package_identification:_identify(vicon_receiver) by extension 'colcon_pkg'
[0.447s] Level 1:colcon.colcon_core.package_identification:_identify(vicon_receiver) by extensions ['colcon_meta']
[0.448s] Level 1:colcon.colcon_core.package_identification:_identify(vicon_receiver) by extension 'colcon_meta'
[0.448s] Level 1:colcon.colcon_core.package_identification:_identify(vicon_receiver) by extensions ['ros']
[0.448s] Level 1:colcon.colcon_core.package_identification:_identify(vicon_receiver) by extension 'ros'
[0.451s] DEBUG:colcon.colcon_core.package_identification:Package 'vicon_receiver' with type 'ros.ament_cmake' and name 'vicon_receiver_gjm'
[0.451s] Level 1:colcon.colcon_core.package_discovery:discover_packages(recursive) using defaults
[0.451s] Level 1:colcon.colcon_core.package_discovery:discover_packages(ignore) discover
[0.451s] Level 1:colcon.colcon_core.package_discovery:discover_packages(ignore) using defaults
[0.451s] Level 1:colcon.colcon_core.package_discovery:discover_packages(path) discover
[0.451s] Level 1:colcon.colcon_core.package_discovery:discover_packages(path) using defaults
[0.476s] Level 5:colcon.colcon_core.verb:set package 'vicon_receiver_gjm' build argument 'cmake_args' from command line to 'None'
[0.476s] Level 5:colcon.colcon_core.verb:set package 'vicon_receiver_gjm' build argument 'cmake_target' from command line to 'None'
[0.476s] Level 5:colcon.colcon_core.verb:set package 'vicon_receiver_gjm' build argument 'cmake_target_skip_unavailable' from command line to 'False'
[0.476s] Level 5:colcon.colcon_core.verb:set package 'vicon_receiver_gjm' build argument 'cmake_clean_cache' from command line to 'False'
[0.476s] Level 5:colcon.colcon_core.verb:set package 'vicon_receiver_gjm' build argument 'cmake_clean_first' from command line to 'False'
[0.476s] Level 5:colcon.colcon_core.verb:set package 'vicon_receiver_gjm' build argument 'cmake_force_configure' from command line to 'False'
[0.476s] Level 5:colcon.colcon_core.verb:set package 'vicon_receiver_gjm' build argument 'ament_cmake_args' from command line to 'None'
[0.477s] Level 5:colcon.colcon_core.verb:set package 'vicon_receiver_gjm' build argument 'catkin_cmake_args' from command line to 'None'
[0.477s] Level 5:colcon.colcon_core.verb:set package 'vicon_receiver_gjm' build argument 'catkin_skip_building_tests' from command line to 'False'
[0.477s] DEBUG:colcon.colcon_core.verb:Building package 'vicon_receiver_gjm' with the following arguments: {'ament_cmake_args': None, 'build_base': '/vicon_GJM_test/ros2-vicon-receiver/build/vicon_receiver_gjm', 'catkin_cmake_args': None, 'catkin_skip_building_tests': False, 'cmake_args': None, 'cmake_clean_cache': False, 'cmake_clean_first': False, 'cmake_force_configure': False, 'cmake_target': None, 'cmake_target_skip_unavailable': False, 'install_base': '/vicon_GJM_test/ros2-vicon-receiver/install/vicon_receiver_gjm', 'merge_install': False, 'path': '/vicon_GJM_test/ros2-vicon-receiver/vicon_receiver', 'symlink_install': False, 'test_result_base': None}
[0.477s] INFO:colcon.colcon_core.executor:Executing jobs using 'parallel' executor
[0.482s] DEBUG:colcon.colcon_parallel_executor.executor.parallel:run_until_complete
[0.483s] INFO:colcon.colcon_ros.task.ament_cmake.build:Building ROS package in '/vicon_GJM_test/ros2-vicon-receiver/vicon_receiver' with build type 'ament_cmake'
[0.483s] INFO:colcon.colcon_cmake.task.cmake.build:Building CMake package in '/vicon_GJM_test/ros2-vicon-receiver/vicon_receiver'
[0.490s] INFO:colcon.colcon_core.plugin_system:Skipping extension 'colcon_core.shell.bat': Not used on non-Windows systems
[0.490s] INFO:colcon.colcon_core.shell:Skip shell extension 'powershell' for command environment: Not usable outside of PowerShell
[0.490s] DEBUG:colcon.colcon_core.shell:Skip shell extension 'dsv' for command environment
[0.514s] DEBUG:colcon.colcon_core.event_handler.log_command:Invoking command in '/vicon_GJM_test/ros2-vicon-receiver/build/vicon_receiver_gjm': CMAKE_PREFIX_PATH=${CMAKE_PREFIX_PATH}:/opt/ros/foxy /usr/bin/cmake /vicon_GJM_test/ros2-vicon-receiver/vicon_receiver -DCMAKE_INSTALL_PREFIX=/vicon_GJM_test/ros2-vicon-receiver/install/vicon_receiver_gjm
[2.215s] DEBUG:colcon.colcon_core.event_handler.log_command:Invoked command in '/vicon_GJM_test/ros2-vicon-receiver/build/vicon_receiver_gjm' returned '0': CMAKE_PREFIX_PATH=${CMAKE_PREFIX_PATH}:/opt/ros/foxy /usr/bin/cmake /vicon_GJM_test/ros2-vicon-receiver/vicon_receiver -DCMAKE_INSTALL_PREFIX=/vicon_GJM_test/ros2-vicon-receiver/install/vicon_receiver_gjm
[2.220s] DEBUG:colcon.colcon_core.event_handler.log_command:Invoking command in '/vicon_GJM_test/ros2-vicon-receiver/build/vicon_receiver_gjm': CMAKE_PREFIX_PATH=${CMAKE_PREFIX_PATH}:/opt/ros/foxy /usr/bin/cmake --build /vicon_GJM_test/ros2-vicon-receiver/build/vicon_receiver_gjm -- -j8 -l8
[6.974s] DEBUG:colcon.colcon_core.event_handler.log_command:Invoked command in '/vicon_GJM_test/ros2-vicon-receiver/build/vicon_receiver_gjm' returned '2': CMAKE_PREFIX_PATH=${CMAKE_PREFIX_PATH}:/opt/ros/foxy /usr/bin/cmake --build /vicon_GJM_test/ros2-vicon-receiver/build/vicon_receiver_gjm -- -j8 -l8
[7.088s] Level 1:colcon.colcon_core.environment:create_environment_scripts_only(vicon_receiver_gjm)
[7.095s] Level 1:colcon.colcon_core.environment:checking '/vicon_GJM_test/ros2-vicon-receiver/install/vicon_receiver_gjm' for CMake module files
[7.095s] Level 1:colcon.colcon_core.environment:checking '/vicon_GJM_test/ros2-vicon-receiver/install/vicon_receiver_gjm' for CMake config files
[7.096s] Level 1:colcon.colcon_core.environment:checking '/vicon_GJM_test/ros2-vicon-receiver/install/vicon_receiver_gjm/bin'
[7.096s] Level 1:colcon.colcon_core.environment:checking '/vicon_GJM_test/ros2-vicon-receiver/install/vicon_receiver_gjm/lib/pkgconfig/vicon_receiver_gjm.pc'
[7.097s] Level 1:colcon.colcon_core.environment:checking '/vicon_GJM_test/ros2-vicon-receiver/install/vicon_receiver_gjm/lib/python3.8/site-packages'
[7.097s] Level 1:colcon.colcon_core.environment:checking '/vicon_GJM_test/ros2-vicon-receiver/install/vicon_receiver_gjm/bin'
[7.099s] INFO:colcon.colcon_core.shell:Creating package script '/vicon_GJM_test/ros2-vicon-receiver/install/vicon_receiver_gjm/share/vicon_receiver_gjm/package.ps1'
[7.100s] INFO:colcon.colcon_core.shell:Creating package descriptor '/vicon_GJM_test/ros2-vicon-receiver/install/vicon_receiver_gjm/share/vicon_receiver_gjm/package.dsv'
[7.101s] INFO:colcon.colcon_core.shell:Creating package script '/vicon_GJM_test/ros2-vicon-receiver/install/vicon_receiver_gjm/share/vicon_receiver_gjm/package.sh'
[7.102s] INFO:colcon.colcon_core.shell:Creating package script '/vicon_GJM_test/ros2-vicon-receiver/install/vicon_receiver_gjm/share/vicon_receiver_gjm/package.bash'
[7.103s] INFO:colcon.colcon_core.shell:Creating package script '/vicon_GJM_test/ros2-vicon-receiver/install/vicon_receiver_gjm/share/vicon_receiver_gjm/package.zsh'
[7.105s] Level 1:colcon.colcon_core.environment:create_file_with_runtime_dependencies(/vicon_GJM_test/ros2-vicon-receiver/install/vicon_receiver_gjm/share/colcon-core/packages/vicon_receiver_gjm)
[7.106s] DEBUG:colcon.colcon_parallel_executor.executor.parallel:closing loop
[7.107s] DEBUG:colcon.colcon_parallel_executor.executor.parallel:loop closed
[7.107s] DEBUG:colcon.colcon_parallel_executor.executor.parallel:run_until_complete finished with '2'
[7.107s] DEBUG:colcon.colcon_core.event_reactor:joining thread
[7.114s] INFO:colcon.colcon_core.plugin_system:Skipping extension 'colcon_notification.desktop_notification.notify_send': Could not find 'notify-send'
[7.114s] INFO:colcon.colcon_core.plugin_system:Skipping extension 'colcon_notification.desktop_notification.terminal_notifier': Not used on non-Darwin systems
[7.115s] INFO:colcon.colcon_core.plugin_system:Skipping extension 'colcon_notification.desktop_notification.win32': Not used on non-Windows systems
[7.115s] INFO:colcon.colcon_notification.desktop_notification:Sending desktop notification using 'notify2'
[7.118s] DEBUG:colcon.colcon_notification.desktop_notification.notify2:Failed to initialize notify2: org.freedesktop.DBus.Error.Spawn.ExecFailed: /usr/bin/dbus-launch terminated abnormally without any error message
[7.119s] DEBUG:colcon.colcon_core.event_reactor:joined thread
[7.122s] INFO:colcon.colcon_core.shell:Creating prefix script '/vicon_GJM_test/ros2-vicon-receiver/install/local_setup.ps1'
[7.124s] INFO:colcon.colcon_core.shell:Creating prefix util module '/vicon_GJM_test/ros2-vicon-receiver/install/_local_setup_util_ps1.py'
[7.126s] INFO:colcon.colcon_core.shell:Creating prefix chain script '/vicon_GJM_test/ros2-vicon-receiver/install/setup.ps1'
[7.128s] INFO:colcon.colcon_core.shell:Creating prefix script '/vicon_GJM_test/ros2-vicon-receiver/install/local_setup.sh'
[7.128s] INFO:colcon.colcon_core.shell:Creating prefix util module '/vicon_GJM_test/ros2-vicon-receiver/install/_local_setup_util_sh.py'
[7.129s] INFO:colcon.colcon_core.shell:Creating prefix chain script '/vicon_GJM_test/ros2-vicon-receiver/install/setup.sh'
[7.131s] INFO:colcon.colcon_core.shell:Creating prefix script '/vicon_GJM_test/ros2-vicon-receiver/install/local_setup.bash'
[7.132s] INFO:colcon.colcon_core.shell:Creating prefix chain script '/vicon_GJM_test/ros2-vicon-receiver/install/setup.bash'
[7.134s] INFO:colcon.colcon_core.shell:Creating prefix script '/vicon_GJM_test/ros2-vicon-receiver/install/local_setup.zsh'
[7.136s] INFO:colcon.colcon_core.shell:Creating prefix chain script '/vicon_GJM_test/ros2-vicon-receiver/install/setup.zsh'
