[0.030s] Invoking command in '/vicon_GJM_test/ros2-vicon-receiver/vicon_receiver/build/vicon_receiver': CMAKE_PREFIX_PATH=${CMAKE_PREFIX_PATH}:/opt/ros/foxy /usr/bin/cmake --build /vicon_GJM_test/ros2-vicon-receiver/vicon_receiver/build/vicon_receiver -- -j8 -l8
[0.098s] [  8%] Built target vicon_receiver__cpp
[0.098s] [ 10%] Built target vicon_receiver__rosidl_generator_c
[0.135s] [ 18%] Built target vicon_receiver__rosidl_typesupport_cpp
[0.135s] [ 26%] Built target vicon_receiver__rosidl_typesupport_introspection_c
[0.137s] [ 42%] Built target vicon_receiver__rosidl_typesupport_c
[0.137s] [ 42%] Built target vicon_receiver__rosidl_typesupport_introspection_cpp
[0.142s] [ 51%] Built target vicon_receiver__rosidl_typesupport_fastrtps_cpp
[0.180s] [ 59%] Built target vicon_receiver__rosidl_typesupport_fastrtps_c
[0.206s] [ 59%] Built target vicon_receiver
[0.227s] [35m[1mScanning dependencies of target vicon_client_unlabeled[0m
[0.238s] [ 61%] Built target vicon_receiver__py
[0.252s] [ 75%] Built target vicon_client_mock
[0.252s] [ 75%] Built target vicon_client
[0.261s] [ 77%] [32mBuilding CXX object CMakeFiles/vicon_client_unlabeled.dir/src/vicon_unlabeled_marker_receiver/communicator.cpp.o[0m
[0.274s] [ 83%] Built target vicon_receiver__python
[0.313s] [ 87%] Built target vicon_receiver__rosidl_typesupport_introspection_c__pyext
[0.315s] [ 91%] Built target vicon_receiver__rosidl_typesupport_c__pyext
[0.315s] [ 95%] Built target vicon_receiver__rosidl_typesupport_fastrtps_c__pyext
[3.426s] [01m[K/vicon_GJM_test/ros2-vicon-receiver/vicon_receiver/src/vicon_unlabeled_marker_receiver/communicator.cpp:[m[K In function ‘[01m[Kint ViconReceiver::UnlabeledMarker::findMajorityElement(const std::vector<long unsigned int>&)[m[K’:
[3.426s] [01m[K/vicon_GJM_test/ros2-vicon-receiver/vicon_receiver/src/vicon_unlabeled_marker_receiver/communicator.cpp:78:46:[m[K [01;31m[Kerror: [m[Kpassing ‘[01m[Kconst std::vector<long unsigned int>[m[K’ as ‘[01m[Kthis[m[K’ argument discards qualifiers [[01;31m[K-fpermissive[m[K]
[3.426s]    78 |     nums.erase(nums.begin(), nums.end() - 120[01;31m[K)[m[K;
[3.426s]       |                                              [01;31m[K^[m[K
[3.426s] In file included from [01m[K/usr/include/c++/9/vector:67[m[K,
[3.427s]                  from [01m[K/vicon_GJM_test/ros2-vicon-receiver/vicon_receiver/include/IDataStreamClientBase.h:38[m[K,
[3.427s]                  from [01m[K/vicon_GJM_test/ros2-vicon-receiver/vicon_receiver/include/DataStreamClient.h:16[m[K,
[3.427s]                  from [01m[K/vicon_GJM_test/ros2-vicon-receiver/vicon_receiver/include/vicon_unlabeled_marker_receiver/communicator.hpp:4[m[K,
[3.427s]                  from [01m[K/vicon_GJM_test/ros2-vicon-receiver/vicon_receiver/src/vicon_unlabeled_marker_receiver/communicator.cpp:1[m[K:
[3.427s] [01m[K/usr/include/c++/9/bits/stl_vector.h:1454:7:[m[K [01;36m[Knote: [m[K  in call to ‘[01m[Kstd::vector<_Tp, _Alloc>::iterator std::vector<_Tp, _Alloc>::erase(std::vector<_Tp, _Alloc>::const_iterator, std::vector<_Tp, _Alloc>::const_iterator) [with _Tp = long unsigned int; _Alloc = std::allocator<long unsigned int>; std::vector<_Tp, _Alloc>::iterator = __gnu_cxx::__normal_iterator<long unsigned int*, std::vector<long unsigned int> >; typename std::_Vector_base<_Tp, _Alloc>::pointer = long unsigned int*; std::vector<_Tp, _Alloc>::const_iterator = __gnu_cxx::__normal_iterator<const long unsigned int*, std::vector<long unsigned int> >; typename __gnu_cxx::__alloc_traits<typename std::_Vector_base<_Tp, _Alloc>::_Tp_alloc_type>::const_pointer = const long unsigned int*][m[K’
[3.427s]  1454 |       [01;36m[Kerase[m[K(const_iterator __first, const_iterator __last)
[3.427s]       |       [01;36m[K^~~~~[m[K
[3.427s] [01m[K/vicon_GJM_test/ros2-vicon-receiver/vicon_receiver/src/vicon_unlabeled_marker_receiver/communicator.cpp:83:21:[m[K [01;35m[Kwarning: [m[Kcomparison of integer expressions of different signedness: ‘[01m[Kint[m[K’ and ‘[01m[Kstd::vector<long unsigned int>::size_type[m[K’ {aka ‘[01m[Klong unsigned int[m[K’} [[01;35m[K-Wsign-compare[m[K]
[3.427s]    83 |   for (int i = 1; [01;35m[Ki < nums.size()[m[K; i++) {
[3.427s]       |                   [01;35m[K~~^~~~~~~~~~~~~[m[K
[3.428s] [01m[K/vicon_GJM_test/ros2-vicon-receiver/vicon_receiver/src/vicon_unlabeled_marker_receiver/communicator.cpp:87:25:[m[K [01;35m[Kwarning: [m[Kcomparison of integer expressions of different signedness: ‘[01m[Kint[m[K’ and ‘[01m[Kconst value_type[m[K’ {aka ‘[01m[Kconst long unsigned int[m[K’} [[01;35m[K-Wsign-compare[m[K]
[3.428s]    87 |     } else if (majority == nums[i]) {
[3.428s] [01m[K/vicon_GJM_test/ros2-vicon-receiver/vicon_receiver/src/vicon_unlabeled_marker_receiver/communicator.cpp:103:13:[m[K [01;35m[Kwarning: [m[Kcomparison of integer expressions of different signedness: ‘[01m[Kint[m[K’ and ‘[01m[Kstd::vector<long unsigned int>::size_type[m[K’ {aka ‘[01m[Klong unsigned int[m[K’} [[01;35m[K-Wsign-compare[m[K]
[3.428s]   103 |   if ([01;35m[Kcount <= nums.size() / 2[m[K) {
[3.428s]       |       [01;35m[K~~~~~~^~~~~~~~~~~~~~~~~~[m[K
[3.428s] [01m[K/vicon_GJM_test/ros2-vicon-receiver/vicon_receiver/src/vicon_unlabeled_marker_receiver/communicator.cpp:[m[K In function ‘[01m[Kdouble ViconReceiver::UnlabeledMarker::CalculateDeltaTime(ViconDataStreamSDK::CPP::Output_GetTimecode&, ViconDataStreamSDK::CPP::Output_GetTimecode&)[m[K’:
[3.428s] [01m[K/vicon_GJM_test/ros2-vicon-receiver/vicon_receiver/src/vicon_unlabeled_marker_receiver/communicator.cpp:122:42:[m[K [01;35m[Kwarning: [m[Kdivision by zero [[01;35m[K-Wdiv-by-zero[m[K]
[3.429s]   122 |                         + [01;35m[K(delta_frames) / (1/120)[m[K;
[3.429s]       |                           [01;35m[K~~~~~~~~~~~~~~~^~~~~~~~~[m[K
[3.429s] [01m[K/vicon_GJM_test/ros2-vicon-receiver/vicon_receiver/src/vicon_unlabeled_marker_receiver/communicator.cpp:[m[K In member function ‘[01m[Kvoid ViconReceiver::UnlabeledMarker::Communicator::get_frame()[m[K’:
[3.429s] [01m[K/vicon_GJM_test/ros2-vicon-receiver/vicon_receiver/src/vicon_unlabeled_marker_receiver/communicator.cpp:151:17:[m[K [01;31m[Kerror: [m[Kno matching function for call to ‘[01m[KViconReceiver::UnlabeledMarker::MarkersStruct::MarkersStruct()[m[K’
[3.429s]   151 |   MarkersStruct [01;31m[Kprev_markers[m[K;
[3.429s]       |                 [01;31m[K^~~~~~~~~~~~[m[K
[3.429s] In file included from [01m[K/vicon_GJM_test/ros2-vicon-receiver/vicon_receiver/include/vicon_unlabeled_marker_receiver/communicator.hpp:6[m[K,
[3.429s]                  from [01m[K/vicon_GJM_test/ros2-vicon-receiver/vicon_receiver/src/vicon_unlabeled_marker_receiver/communicator.cpp:1[m[K:
[3.430s] [01m[K/vicon_GJM_test/ros2-vicon-receiver/vicon_receiver/include/vicon_unlabeled_marker_receiver/publisher.hpp:13:3:[m[K [01;36m[Knote: [m[Kcandidate: ‘[01m[KViconReceiver::UnlabeledMarker::MarkersStruct::MarkersStruct(std::size_t, unsigned int)[m[K’
[3.430s]    13 |   [01;36m[KMarkersStruct[m[K(std::size_t size, unsigned int frame_number)
[3.430s]       |   [01;36m[K^~~~~~~~~~~~~[m[K
[3.430s] [01m[K/vicon_GJM_test/ros2-vicon-receiver/vicon_receiver/include/vicon_unlabeled_marker_receiver/publisher.hpp:13:3:[m[K [01;36m[Knote: [m[K  candidate expects 2 arguments, 0 provided
[3.430s] [01m[K/vicon_GJM_test/ros2-vicon-receiver/vicon_receiver/include/vicon_unlabeled_marker_receiver/publisher.hpp:11:8:[m[K [01;36m[Knote: [m[Kcandidate: ‘[01m[KViconReceiver::UnlabeledMarker::MarkersStruct::MarkersStruct(const ViconReceiver::UnlabeledMarker::MarkersStruct&)[m[K’
[3.430s]    11 | struct [01;36m[KMarkersStruct[m[K {
[3.430s]       |        [01;36m[K^~~~~~~~~~~~~[m[K
[3.430s] [01m[K/vicon_GJM_test/ros2-vicon-receiver/vicon_receiver/include/vicon_unlabeled_marker_receiver/publisher.hpp:11:8:[m[K [01;36m[Knote: [m[K  candidate expects 1 argument, 0 provided
[3.430s] [01m[K/vicon_GJM_test/ros2-vicon-receiver/vicon_receiver/include/vicon_unlabeled_marker_receiver/publisher.hpp:11:8:[m[K [01;36m[Knote: [m[Kcandidate: ‘[01m[KViconReceiver::UnlabeledMarker::MarkersStruct::MarkersStruct(ViconReceiver::UnlabeledMarker::MarkersStruct&&)[m[K’
[3.430s] [01m[K/vicon_GJM_test/ros2-vicon-receiver/vicon_receiver/include/vicon_unlabeled_marker_receiver/publisher.hpp:11:8:[m[K [01;36m[Knote: [m[K  candidate expects 1 argument, 0 provided
[3.430s] [01m[K/vicon_GJM_test/ros2-vicon-receiver/vicon_receiver/src/vicon_unlabeled_marker_receiver/communicator.cpp:164:16:[m[K [01;35m[Kwarning: [m[Kunused variable ‘[01m[Kspeed[m[K’ [[01;35m[K-Wunused-variable[m[K]
[3.430s]   164 |         double [01;35m[Kspeed[m[K = sqrt(dx * dx + dy * dy + dz * dz) / delta_time;
[3.430s]       |                [01;35m[K^~~~~[m[K
[4.477s] make[2]: *** [CMakeFiles/vicon_client_unlabeled.dir/build.make:63: CMakeFiles/vicon_client_unlabeled.dir/src/vicon_unlabeled_marker_receiver/communicator.cpp.o] Error 1
[4.477s] make[1]: *** [CMakeFiles/Makefile2:156: CMakeFiles/vicon_client_unlabeled.dir/all] Error 2
[4.477s] make: *** [Makefile:141: all] Error 2
[4.480s] Invoked command in '/vicon_GJM_test/ros2-vicon-receiver/vicon_receiver/build/vicon_receiver' returned '2': CMAKE_PREFIX_PATH=${CMAKE_PREFIX_PATH}:/opt/ros/foxy /usr/bin/cmake --build /vicon_GJM_test/ros2-vicon-receiver/vicon_receiver/build/vicon_receiver -- -j8 -l8
