[0.028s] Invoking command in '/vicon_GJM_test/ros2-vicon-receiver/vicon_receiver/build/vicon_receiver_gjm': CMAKE_PREFIX_PATH=${CMAKE_PREFIX_PATH}:/opt/ros/foxy /usr/bin/cmake --build /vicon_GJM_test/ros2-vicon-receiver/vicon_receiver/build/vicon_receiver_gjm -- -j8 -l8
[0.075s] -- Found ament_cmake: 0.9.12 (/opt/ros/foxy/share/ament_cmake/cmake)
[0.102s] -- Found PythonInterp: /usr/bin/python3 (found suitable version "3.8.10", minimum required is "3") 
[0.103s] -- Using PYTHON_EXECUTABLE: /usr/bin/python3
[0.331s] -- Found rosidl_default_generators: 1.0.1 (/opt/ros/foxy/share/rosidl_default_generators/cmake)
[0.334s] -- Using all available rosidl_typesupport_c: rosidl_typesupport_fastrtps_c;rosidl_typesupport_introspection_c
[0.338s] -- Found rosidl_adapter: 1.3.1 (/opt/ros/foxy/share/rosidl_adapter/cmake)
[0.526s] -- Using all available rosidl_typesupport_cpp: rosidl_typesupport_fastrtps_cpp;rosidl_typesupport_introspection_cpp
[0.556s] -- Found rclcpp: 2.4.3 (/opt/ros/foxy/share/rclcpp/cmake)
[0.631s] -- Found rmw_implementation_cmake: 1.0.4 (/opt/ros/foxy/share/rmw_implementation_cmake/cmake)
[0.633s] -- Using RMW implementation 'rmw_fastrtps_cpp' as default
[0.879s] -- Found PythonInterp: /usr/bin/python3 (found version "3.8.10") 
[1.024s] -- Found ament_cmake_ros: 0.9.2 (/opt/ros/foxy/share/ament_cmake_ros/cmake)
[1.152s] -- Using all available rosidl_typesupport_c: rosidl_typesupport_fastrtps_c;rosidl_typesupport_introspection_c
[1.161s] -- Using all available rosidl_typesupport_cpp: rosidl_typesupport_fastrtps_cpp;rosidl_typesupport_introspection_cpp
[1.189s] -- Found PythonInterp: /usr/bin/python3 (found suitable version "3.8.10", minimum required is "3.5") 
[1.189s] -- Found python_cmake_module: 0.8.1 (/opt/ros/foxy/share/python_cmake_module/cmake)
[1.214s] -- Using PYTHON_EXECUTABLE: /usr/bin/python3
[1.214s] -- Using PYTHON_INCLUDE_DIRS: /usr/include/python3.8
[1.214s] -- Using PYTHON_LIBRARIES: /usr/lib/x86_64-linux-gnu/libpython3.8.so
[1.435s] -- Using numpy include directory: /usr/local/lib/python3.8/dist-packages/numpy/core/include
[1.449s] -- Found rmw_fastrtps_cpp: 1.3.2 (/opt/ros/foxy/share/rmw_fastrtps_cpp/cmake)
[1.594s] CMake Error at /opt/ros/foxy/share/rosidl_cmake/cmake/rosidl_target_interfaces.cmake:40 (message):
[1.594s]   rosidl_target_interfaces() the second argument 'vicon_receiver_gjm' must be
[1.594s]   a valid target name
[1.594s] Call Stack (most recent call first):
[1.594s]   CMakeLists.txt:67 (rosidl_target_interfaces)
[1.594s] 
[1.594s] 
[1.596s] -- Configuring incomplete, errors occurred!
[1.596s] See also "/vicon_GJM_test/ros2-vicon-receiver/vicon_receiver/build/vicon_receiver_gjm/CMakeFiles/CMakeOutput.log".
[1.597s] See also "/vicon_GJM_test/ros2-vicon-receiver/vicon_receiver/build/vicon_receiver_gjm/CMakeFiles/CMakeError.log".
[1.606s] make: *** [Makefile:1240: cmake_check_build_system] Error 1
[1.608s] Invoked command in '/vicon_GJM_test/ros2-vicon-receiver/vicon_receiver/build/vicon_receiver_gjm' returned '2': CMAKE_PREFIX_PATH=${CMAKE_PREFIX_PATH}:/opt/ros/foxy /usr/bin/cmake --build /vicon_GJM_test/ros2-vicon-receiver/vicon_receiver/build/vicon_receiver_gjm -- -j8 -l8
