[0.033s] Invoking command in '/vicon_GJM_test/ros2-vicon-receiver/vicon_receiver/build/vicon_receiver_gjm': CMAKE_PREFIX_PATH=${CMAKE_PREFIX_PATH}:/opt/ros/foxy /usr/bin/cmake /vicon_GJM_test/ros2-vicon-receiver/vicon_receiver -DCMAKE_INSTALL_PREFIX=/vicon_GJM_test/ros2-vicon-receiver/vicon_receiver/install/vicon_receiver_gjm
[0.105s] -- The C compiler identification is GNU 9.4.0
[0.180s] -- The CXX compiler identification is GNU 9.4.0
[0.187s] -- Check for working C compiler: /usr/bin/cc
[0.278s] -- Check for working C compiler: /usr/bin/cc -- works
[0.280s] -- Detecting C compiler ABI info
[0.367s] -- Detecting C compiler ABI info - done
[0.383s] -- Detecting C compile features
[0.384s] -- Detecting C compile features - done
[0.388s] -- Check for working CXX compiler: /usr/bin/c++
[0.484s] -- Check for working CXX compiler: /usr/bin/c++ -- works
[0.486s] -- Detecting CXX compiler ABI info
[0.590s] -- Detecting CXX compiler ABI info - done
[0.607s] -- Detecting CXX compile features
[0.608s] -- Detecting CXX compile features - done
[0.613s] -- Found ament_cmake: 0.9.12 (/opt/ros/foxy/share/ament_cmake/cmake)
[0.644s] -- Found PythonInterp: /usr/bin/python3 (found suitable version "3.8.10", minimum required is "3") 
[0.644s] -- Using PYTHON_EXECUTABLE: /usr/bin/python3
[0.873s] -- Found rosidl_default_generators: 1.0.1 (/opt/ros/foxy/share/rosidl_default_generators/cmake)
[0.877s] -- Using all available rosidl_typesupport_c: rosidl_typesupport_fastrtps_c;rosidl_typesupport_introspection_c
[0.887s] -- Found rosidl_adapter: 1.3.1 (/opt/ros/foxy/share/rosidl_adapter/cmake)
[1.019s] -- Found OpenSSL: /usr/lib/x86_64-linux-gnu/libcrypto.so (found version "1.1.1f")  
[1.059s] -- Found FastRTPS: /opt/ros/foxy/include  
[1.169s] -- Using all available rosidl_typesupport_cpp: rosidl_typesupport_fastrtps_cpp;rosidl_typesupport_introspection_cpp
[1.209s] -- Found rclcpp: 2.4.3 (/opt/ros/foxy/share/rclcpp/cmake)
[1.295s] -- Found rmw_implementation_cmake: 1.0.4 (/opt/ros/foxy/share/rmw_implementation_cmake/cmake)
[1.296s] -- Using RMW implementation 'rmw_fastrtps_cpp' as default
[1.298s] -- Looking for pthread.h
[1.388s] -- Looking for pthread.h - found
[1.388s] -- Performing Test CMAKE_HAVE_LIBC_PTHREAD
[1.478s] -- Performing Test CMAKE_HAVE_LIBC_PTHREAD - Failed
[1.479s] -- Looking for pthread_create in pthreads
[1.551s] -- Looking for pthread_create in pthreads - not found
[1.551s] -- Looking for pthread_create in pthread
[1.636s] -- Looking for pthread_create in pthread - found
[1.638s] -- Found Threads: TRUE  
[1.871s] -- Found Boost: /usr/lib/x86_64-linux-gnu/cmake/Boost-1.71.0/BoostConfig.cmake (found version "1.71.0") found components: thread 
[1.898s] -- Found PythonInterp: /usr/bin/python3 (found version "3.8.10") 
[2.048s] -- Found ament_cmake_ros: 0.9.2 (/opt/ros/foxy/share/ament_cmake_ros/cmake)
[2.182s] -- Using all available rosidl_typesupport_c: rosidl_typesupport_fastrtps_c;rosidl_typesupport_introspection_c
[2.193s] -- Using all available rosidl_typesupport_cpp: rosidl_typesupport_fastrtps_cpp;rosidl_typesupport_introspection_cpp
[2.218s] -- Found PythonInterp: /usr/bin/python3 (found suitable version "3.8.10", minimum required is "3.5") 
[2.220s] -- Found python_cmake_module: 0.8.1 (/opt/ros/foxy/share/python_cmake_module/cmake)
[2.255s] -- Found PythonLibs: /usr/lib/x86_64-linux-gnu/libpython3.8.so (found suitable version "3.8.10", minimum required is "3.5") 
[2.255s] -- Using PYTHON_EXECUTABLE: /usr/bin/python3
[2.255s] -- Using PYTHON_INCLUDE_DIRS: /usr/include/python3.8
[2.255s] -- Using PYTHON_LIBRARIES: /usr/lib/x86_64-linux-gnu/libpython3.8.so
[2.278s] -- Found PythonExtra: .so  
[2.494s] -- Using numpy include directory: /usr/local/lib/python3.8/dist-packages/numpy/core/include
[2.509s] -- Found rmw_fastrtps_cpp: 1.3.2 (/opt/ros/foxy/share/rmw_fastrtps_cpp/cmake)
[2.678s] -- Configuring done
[2.770s] -- Generating done
[2.778s] -- Build files have been written to: /vicon_GJM_test/ros2-vicon-receiver/vicon_receiver/build/vicon_receiver_gjm
[2.790s] Invoked command in '/vicon_GJM_test/ros2-vicon-receiver/vicon_receiver/build/vicon_receiver_gjm' returned '0': CMAKE_PREFIX_PATH=${CMAKE_PREFIX_PATH}:/opt/ros/foxy /usr/bin/cmake /vicon_GJM_test/ros2-vicon-receiver/vicon_receiver -DCMAKE_INSTALL_PREFIX=/vicon_GJM_test/ros2-vicon-receiver/vicon_receiver/install/vicon_receiver_gjm
[2.796s] Invoking command in '/vicon_GJM_test/ros2-vicon-receiver/vicon_receiver/build/vicon_receiver_gjm': CMAKE_PREFIX_PATH=${CMAKE_PREFIX_PATH}:/opt/ros/foxy /usr/bin/cmake --build /vicon_GJM_test/ros2-vicon-receiver/vicon_receiver/build/vicon_receiver_gjm -- -j8 -l8
[2.848s] [35m[1mScanning dependencies of target vicon_receiver_gjm__cpp[0m
[2.849s] [  2%] [34m[1mGenerating C code for ROS interfaces[0m
[2.862s] [  4%] [34m[1mGenerating C++ code for ROS interfaces[0m
[3.371s] [  4%] Built target vicon_receiver_gjm__cpp
[3.387s] [ 10%] [34m[1mGenerating C++ introspection for ROS interfaces[0m
[3.387s] [ 10%] [34m[1mGenerating C++ type support for eProsima Fast-RTPS[0m
[3.387s] [ 10%] [34m[1mGenerating C++ type support dispatch for ROS interfaces[0m
[3.389s] [35m[1mScanning dependencies of target vicon_receiver_gjm__rosidl_generator_c[0m
[3.408s] [ 12%] [32mBuilding C object CMakeFiles/vicon_receiver_gjm__rosidl_generator_c.dir/rosidl_generator_c/vicon_receiver_gjm/msg/detail/markers_list__functions.c.o[0m
[3.409s] [ 14%] [32mBuilding C object CMakeFiles/vicon_receiver_gjm__rosidl_generator_c.dir/rosidl_generator_c/vicon_receiver_gjm/msg/detail/posture__functions.c.o[0m
[3.495s] [ 16%] [32m[1mLinking C shared library libvicon_receiver_gjm__rosidl_generator_c.so[0m
[3.538s] [ 16%] Built target vicon_receiver_gjm__rosidl_generator_c
[3.555s] [ 20%] [34m[1mGenerating C type support dispatch for ROS interfaces[0m
[3.556s] [ 20%] [34m[1mGenerating C introspection for ROS interfaces[0m
[3.965s] [35m[1mScanning dependencies of target vicon_receiver_gjm__rosidl_typesupport_cpp[0m
[3.981s] [ 22%] [32mBuilding CXX object CMakeFiles/vicon_receiver_gjm__rosidl_typesupport_cpp.dir/rosidl_typesupport_cpp/vicon_receiver_gjm/msg/posture__type_support.cpp.o[0m
[3.981s] [ 24%] [32mBuilding CXX object CMakeFiles/vicon_receiver_gjm__rosidl_typesupport_cpp.dir/rosidl_typesupport_cpp/vicon_receiver_gjm/msg/markers_list__type_support.cpp.o[0m
[3.982s] [35m[1mScanning dependencies of target vicon_receiver_gjm__rosidl_typesupport_introspection_cpp[0m
[4.004s] [ 26%] [32mBuilding CXX object CMakeFiles/vicon_receiver_gjm__rosidl_typesupport_introspection_cpp.dir/rosidl_typesupport_introspection_cpp/vicon_receiver_gjm/msg/detail/posture__type_support.cpp.o[0m
[4.006s] [ 28%] [32mBuilding CXX object CMakeFiles/vicon_receiver_gjm__rosidl_typesupport_introspection_cpp.dir/rosidl_typesupport_introspection_cpp/vicon_receiver_gjm/msg/detail/markers_list__type_support.cpp.o[0m
[4.035s] [35m[1mScanning dependencies of target vicon_receiver_gjm__rosidl_typesupport_fastrtps_cpp[0m
[4.068s] [ 30%] [32mBuilding CXX object CMakeFiles/vicon_receiver_gjm__rosidl_typesupport_fastrtps_cpp.dir/rosidl_typesupport_fastrtps_cpp/vicon_receiver_gjm/msg/detail/dds_fastrtps/posture__type_support.cpp.o[0m
[4.075s] [ 32%] [32mBuilding CXX object CMakeFiles/vicon_receiver_gjm__rosidl_typesupport_fastrtps_cpp.dir/rosidl_typesupport_fastrtps_cpp/vicon_receiver_gjm/msg/detail/dds_fastrtps/markers_list__type_support.cpp.o[0m
[4.144s] [35m[1mScanning dependencies of target vicon_receiver_gjm__rosidl_typesupport_c[0m
[4.171s] [ 34%] [32mBuilding CXX object CMakeFiles/vicon_receiver_gjm__rosidl_typesupport_c.dir/rosidl_typesupport_c/vicon_receiver_gjm/msg/posture__type_support.cpp.o[0m
[4.228s] [ 36%] [32mBuilding CXX object CMakeFiles/vicon_receiver_gjm__rosidl_typesupport_c.dir/rosidl_typesupport_c/vicon_receiver_gjm/msg/markers_list__type_support.cpp.o[0m
[4.257s] [35m[1mScanning dependencies of target vicon_receiver_gjm__rosidl_typesupport_introspection_c[0m
[4.287s] [ 38%] [32mBuilding C object CMakeFiles/vicon_receiver_gjm__rosidl_typesupport_introspection_c.dir/rosidl_typesupport_introspection_c/vicon_receiver_gjm/msg/detail/posture__type_support.c.o[0m
[4.291s] [ 40%] [32m[1mLinking CXX shared library libvicon_receiver_gjm__rosidl_typesupport_c.so[0m
[4.368s] [ 42%] [32mBuilding C object CMakeFiles/vicon_receiver_gjm__rosidl_typesupport_introspection_c.dir/rosidl_typesupport_introspection_c/vicon_receiver_gjm/msg/detail/markers_list__type_support.c.o[0m
[4.380s] [ 42%] Built target vicon_receiver_gjm__rosidl_typesupport_c
[4.478s] [ 44%] [32m[1mLinking C shared library libvicon_receiver_gjm__rosidl_typesupport_introspection_c.so[0m
[4.535s] [ 44%] Built target vicon_receiver_gjm__rosidl_typesupport_introspection_c
[4.669s] [ 46%] [32m[1mLinking CXX shared library libvicon_receiver_gjm__rosidl_typesupport_cpp.so[0m
[4.724s] [ 46%] Built target vicon_receiver_gjm__rosidl_typesupport_cpp
[4.783s] [ 48%] [32m[1mLinking CXX shared library libvicon_receiver_gjm__rosidl_typesupport_introspection_cpp.so[0m
[4.869s] [ 48%] Built target vicon_receiver_gjm__rosidl_typesupport_introspection_cpp
[5.066s] [ 51%] [32m[1mLinking CXX shared library libvicon_receiver_gjm__rosidl_typesupport_fastrtps_cpp.so[0m
[5.165s] [ 51%] Built target vicon_receiver_gjm__rosidl_typesupport_fastrtps_cpp
[5.179s] [ 53%] [34m[1mGenerating C type support for eProsima Fast-RTPS[0m
[5.658s] [35m[1mScanning dependencies of target vicon_receiver_gjm__rosidl_typesupport_fastrtps_c[0m
[5.678s] [ 55%] [32mBuilding CXX object CMakeFiles/vicon_receiver_gjm__rosidl_typesupport_fastrtps_c.dir/rosidl_typesupport_fastrtps_c/vicon_receiver_gjm/msg/detail/posture__type_support_c.cpp.o[0m
[5.678s] [ 57%] [32mBuilding CXX object CMakeFiles/vicon_receiver_gjm__rosidl_typesupport_fastrtps_c.dir/rosidl_typesupport_fastrtps_c/vicon_receiver_gjm/msg/detail/markers_list__type_support_c.cpp.o[0m
[6.172s] [ 59%] [32m[1mLinking CXX shared library libvicon_receiver_gjm__rosidl_typesupport_fastrtps_c.so[0m
[6.266s] [ 59%] Built target vicon_receiver_gjm__rosidl_typesupport_fastrtps_c
[6.279s] [35m[1mScanning dependencies of target vicon_receiver_gjm[0m
[6.292s] [ 59%] Built target vicon_receiver_gjm
[6.306s] [35m[1mScanning dependencies of target vicon_receiver_gjm__py[0m
[6.306s] [35m[1mScanning dependencies of target vicon_client_mock[0m
[6.306s] [35m[1mScanning dependencies of target vicon_client[0m
[6.307s] [35m[1mScanning dependencies of target vicon_client_unlabeled[0m
[6.322s] [ 61%] [34m[1mGenerating Python code for ROS interfaces[0m
[6.366s] [ 67%] [32mBuilding CXX object CMakeFiles/vicon_client_unlabeled.dir/src/vicon_unlabeled_marker_receiver/communicator.cpp.o[0m
[6.367s] [ 67%] [32mBuilding CXX object CMakeFiles/vicon_client_unlabeled.dir/src/vicon_unlabeled_marker_receiver/publisher.cpp.o[0m
[6.367s] [ 67%] [32mBuilding CXX object CMakeFiles/vicon_client.dir/src/vicon_receiver/communicator.cpp.o[0m
[6.370s] [ 69%] [32mBuilding CXX object CMakeFiles/vicon_client.dir/src/vicon_receiver/publisher.cpp.o[0m
[6.374s] [ 71%] [32mBuilding CXX object CMakeFiles/vicon_client_mock.dir/src/vicon_receiver_mock/communicator.cpp.o[0m
[6.376s] [ 73%] [32mBuilding CXX object CMakeFiles/vicon_client_mock.dir/src/vicon_receiver_mock/publisher.cpp.o[0m
[6.384s] [ 75%] [32mBuilding CXX object CMakeFiles/vicon_client_mock.dir/src/vicon_receiver_mock/data.cpp.o[0m
[6.599s] In file included from [01m[K/vicon_GJM_test/ros2-vicon-receiver/vicon_receiver/src/vicon_unlabeled_marker_receiver/publisher.cpp:1[m[K:
[6.599s] [01m[K/vicon_GJM_test/ros2-vicon-receiver/vicon_receiver/include/vicon_unlabeled_marker_receiver/publisher.hpp:4:10:[m[K [01;31m[Kfatal error: [m[Kvicon_receiver/msg/markers_list.hpp: No such file or directory
[6.599s]     4 | #include [01;31m[K"vicon_receiver/msg/markers_list.hpp"[m[K
[6.599s]       |          [01;31m[K^~~~~~~~~~~~~~~~~~~~~~~~~~~~~~~~~~~~~[m[K
[6.599s] compilation terminated.
[6.601s] make[2]: *** [CMakeFiles/vicon_client_unlabeled.dir/build.make:76: CMakeFiles/vicon_client_unlabeled.dir/src/vicon_unlabeled_marker_receiver/publisher.cpp.o] Error 1
[6.603s] make[2]: *** Waiting for unfinished jobs....
[6.603s] In file included from [01m[K/vicon_GJM_test/ros2-vicon-receiver/vicon_receiver/src/vicon_receiver_mock/publisher.cpp:1[m[K:
[6.603s] [01m[K/vicon_GJM_test/ros2-vicon-receiver/vicon_receiver/include/vicon_receiver_mock/publisher.hpp:4:10:[m[K [01;31m[Kfatal error: [m[Kvicon_receiver/msg/posture.hpp: No such file or directory
[6.604s]     4 | #include [01;31m[K"vicon_receiver/msg/posture.hpp"[m[K
[6.604s]       |          [01;31m[K^~~~~~~~~~~~~~~~~~~~~~~~~~~~~~~~[m[K
[6.604s] compilation terminated.
[6.604s] make[2]: *** [CMakeFiles/vicon_client_mock.dir/build.make:76: CMakeFiles/vicon_client_mock.dir/src/vicon_receiver_mock/publisher.cpp.o] Error 1
[6.604s] make[2]: *** Waiting for unfinished jobs....
[6.605s] In file included from [01m[K/vicon_GJM_test/ros2-vicon-receiver/vicon_receiver/include/vicon_unlabeled_marker_receiver/communicator.hpp:6[m[K,
[6.605s]                  from [01m[K/vicon_GJM_test/ros2-vicon-receiver/vicon_receiver/src/vicon_unlabeled_marker_receiver/communicator.cpp:1[m[K:
[6.605s] [01m[K/vicon_GJM_test/ros2-vicon-receiver/vicon_receiver/include/vicon_unlabeled_marker_receiver/publisher.hpp:4:10:[m[K [01;31m[Kfatal error: [m[Kvicon_receiver/msg/markers_list.hpp: No such file or directory
[6.605s]     4 | #include [01;31m[K"vicon_receiver/msg/markers_list.hpp"[m[K
[6.605s]       |          [01;31m[K^~~~~~~~~~~~~~~~~~~~~~~~~~~~~~~~~~~~~[m[K
[6.605s] compilation terminated.
[6.606s] In file included from [01m[K/vicon_GJM_test/ros2-vicon-receiver/vicon_receiver/src/vicon_receiver/publisher.cpp:1[m[K:
[6.606s] [01m[K/vicon_GJM_test/ros2-vicon-receiver/vicon_receiver/include/vicon_receiver/publisher.hpp:4:10:[m[K [01;31m[Kfatal error: [m[Kvicon_receiver/msg/posture.hpp: No such file or directory
[6.606s]     4 | #include [01;31m[K"vicon_receiver/msg/posture.hpp"[m[K
[6.606s]       |          [01;31m[K^~~~~~~~~~~~~~~~~~~~~~~~~~~~~~~~[m[K
[6.606s] compilation terminated.
[6.606s] make[2]: *** [CMakeFiles/vicon_client_unlabeled.dir/build.make:63: CMakeFiles/vicon_client_unlabeled.dir/src/vicon_unlabeled_marker_receiver/communicator.cpp.o] Error 1
[6.607s] make[1]: *** [CMakeFiles/Makefile2:128: CMakeFiles/vicon_client_unlabeled.dir/all] Error 2
[6.607s] make[1]: *** Waiting for unfinished jobs....
[6.608s] make[2]: *** [CMakeFiles/vicon_client.dir/build.make:76: CMakeFiles/vicon_client.dir/src/vicon_receiver/publisher.cpp.o] Error 1
[6.608s] make[2]: *** Waiting for unfinished jobs....
[6.610s] In file included from [01m[K/vicon_GJM_test/ros2-vicon-receiver/vicon_receiver/include/vicon_receiver/communicator.hpp:6[m[K,
[6.611s]                  from [01m[K/vicon_GJM_test/ros2-vicon-receiver/vicon_receiver/src/vicon_receiver/communicator.cpp:1[m[K:
[6.611s] [01m[K/vicon_GJM_test/ros2-vicon-receiver/vicon_receiver/include/vicon_receiver/publisher.hpp:4:10:[m[K [01;31m[Kfatal error: [m[Kvicon_receiver/msg/posture.hpp: No such file or directory
[6.611s]     4 | #include [01;31m[K"vicon_receiver/msg/posture.hpp"[m[K
[6.611s]       |          [01;31m[K^~~~~~~~~~~~~~~~~~~~~~~~~~~~~~~~[m[K
[6.611s] compilation terminated.
[6.612s] In file included from [01m[K/vicon_GJM_test/ros2-vicon-receiver/vicon_receiver/include/vicon_receiver_mock/data.hpp:2[m[K,
[6.612s]                  from [01m[K/vicon_GJM_test/ros2-vicon-receiver/vicon_receiver/src/vicon_receiver_mock/data.cpp:1[m[K:
[6.612s] [01m[K/vicon_GJM_test/ros2-vicon-receiver/vicon_receiver/include/vicon_receiver_mock/publisher.hpp:4:10:[m[K [01;31m[Kfatal error: [m[Kvicon_receiver/msg/posture.hpp: No such file or directory
[6.612s]     4 | #include [01;31m[K"vicon_receiver/msg/posture.hpp"[m[K
[6.612s]       |          [01;31m[K^~~~~~~~~~~~~~~~~~~~~~~~~~~~~~~~[m[K
[6.612s] compilation terminated.
[6.612s] make[2]: *** [CMakeFiles/vicon_client.dir/build.make:63: CMakeFiles/vicon_client.dir/src/vicon_receiver/communicator.cpp.o] Error 1
[6.612s] make[2]: *** [CMakeFiles/vicon_client_mock.dir/build.make:89: CMakeFiles/vicon_client_mock.dir/src/vicon_receiver_mock/data.cpp.o] Error 1
[6.612s] make[1]: *** [CMakeFiles/Makefile2:156: CMakeFiles/vicon_client.dir/all] Error 2
[6.617s] In file included from [01m[K/vicon_GJM_test/ros2-vicon-receiver/vicon_receiver/include/vicon_receiver_mock/data.hpp:2[m[K,
[6.618s]                  from [01m[K/vicon_GJM_test/ros2-vicon-receiver/vicon_receiver/include/vicon_receiver_mock/communicator.hpp:4[m[K,
[6.618s]                  from [01m[K/vicon_GJM_test/ros2-vicon-receiver/vicon_receiver/src/vicon_receiver_mock/communicator.cpp:1[m[K:
[6.618s] [01m[K/vicon_GJM_test/ros2-vicon-receiver/vicon_receiver/include/vicon_receiver_mock/publisher.hpp:4:10:[m[K [01;31m[Kfatal error: [m[Kvicon_receiver/msg/posture.hpp: No such file or directory
[6.618s]     4 | #include [01;31m[K"vicon_receiver/msg/posture.hpp"[m[K
[6.618s]       |          [01;31m[K^~~~~~~~~~~~~~~~~~~~~~~~~~~~~~~~[m[K
[6.619s] compilation terminated.
[6.620s] make[2]: *** [CMakeFiles/vicon_client_mock.dir/build.make:63: CMakeFiles/vicon_client_mock.dir/src/vicon_receiver_mock/communicator.cpp.o] Error 1
[6.620s] make[1]: *** [CMakeFiles/Makefile2:388: CMakeFiles/vicon_client_mock.dir/all] Error 2
[7.370s] [ 75%] Built target vicon_receiver_gjm__py
[7.371s] make: *** [Makefile:141: all] Error 2
[7.374s] Invoked command in '/vicon_GJM_test/ros2-vicon-receiver/vicon_receiver/build/vicon_receiver_gjm' returned '2': CMAKE_PREFIX_PATH=${CMAKE_PREFIX_PATH}:/opt/ros/foxy /usr/bin/cmake --build /vicon_GJM_test/ros2-vicon-receiver/vicon_receiver/build/vicon_receiver_gjm -- -j8 -l8
