-- The C compiler identification is GNU 9.4.0
-- The CXX compiler identification is GNU 9.4.0
-- Check for working C compiler: /usr/bin/cc
-- Check for working C compiler: /usr/bin/cc -- works
-- Detecting C compiler ABI info
-- Detecting C compiler ABI info - done
-- Detecting C compile features
-- Detecting C compile features - done
-- Check for working CXX compiler: /usr/bin/c++
-- Check for working CXX compiler: /usr/bin/c++ -- works
-- Detecting CXX compiler ABI info
-- Detecting CXX compiler ABI info - done
-- Detecting CXX compile features
-- Detecting CXX compile features - done
-- Found ament_cmake: 0.9.12 (/opt/ros/foxy/share/ament_cmake/cmake)
-- Found PythonInterp: /usr/bin/python3 (found suitable version "3.8.10", minimum required is "3") 
-- Using PYTHON_EXECUTABLE: /usr/bin/python3
-- Found rosidl_default_generators: 1.0.1 (/opt/ros/foxy/share/rosidl_default_generators/cmake)
-- Using all available rosidl_typesupport_c: rosidl_typesupport_fastrtps_c;rosidl_typesupport_introspection_c
-- Found rosidl_adapter: 1.3.1 (/opt/ros/foxy/share/rosidl_adapter/cmake)
-- Found OpenSSL: /usr/lib/x86_64-linux-gnu/libcrypto.so (found version "1.1.1f")  
-- Found FastRTPS: /opt/ros/foxy/include  
-- Using all available rosidl_typesupport_cpp: rosidl_typesupport_fastrtps_cpp;rosidl_typesupport_introspection_cpp
-- Found rclcpp: 2.4.3 (/opt/ros/foxy/share/rclcpp/cmake)
-- Found rmw_implementation_cmake: 1.0.4 (/opt/ros/foxy/share/rmw_implementation_cmake/cmake)
-- Using RMW implementation 'rmw_fastrtps_cpp' as default
-- Looking for pthread.h
-- Looking for pthread.h - found
-- Performing Test CMAKE_HAVE_LIBC_PTHREAD
-- Performing Test CMAKE_HAVE_LIBC_PTHREAD - Failed
-- Looking for pthread_create in pthreads
-- Looking for pthread_create in pthreads - not found
-- Looking for pthread_create in pthread
-- Looking for pthread_create in pthread - found
-- Found Threads: TRUE  
-- Found Boost: /usr/lib/x86_64-linux-gnu/cmake/Boost-1.71.0/BoostConfig.cmake (found version "1.71.0") found components: thread 
-- Found PythonInterp: /usr/bin/python3 (found version "3.8.10") 
-- Found ament_cmake_ros: 0.9.2 (/opt/ros/foxy/share/ament_cmake_ros/cmake)
-- Using all available rosidl_typesupport_c: rosidl_typesupport_fastrtps_c;rosidl_typesupport_introspection_c
-- Using all available rosidl_typesupport_cpp: rosidl_typesupport_fastrtps_cpp;rosidl_typesupport_introspection_cpp
-- Found PythonInterp: /usr/bin/python3 (found suitable version "3.8.10", minimum required is "3.5") 
-- Found python_cmake_module: 0.8.1 (/opt/ros/foxy/share/python_cmake_module/cmake)
-- Found PythonLibs: /usr/lib/x86_64-linux-gnu/libpython3.8.so (found suitable version "3.8.10", minimum required is "3.5") 
-- Using PYTHON_EXECUTABLE: /usr/bin/python3
-- Using PYTHON_INCLUDE_DIRS: /usr/include/python3.8
-- Using PYTHON_LIBRARIES: /usr/lib/x86_64-linux-gnu/libpython3.8.so
-- Found PythonExtra: .so  
-- Using numpy include directory: /usr/local/lib/python3.8/dist-packages/numpy/core/include
-- Found rmw_fastrtps_cpp: 1.3.2 (/opt/ros/foxy/share/rmw_fastrtps_cpp/cmake)
-- Configuring done
-- Generating done
-- Build files have been written to: /vicon_GJM_test/ros2-vicon-receiver/vicon_receiver/build/vicon_receiver
[35m[1mScanning dependencies of target vicon_receiver__cpp[0m
[  2%] [34m[1mGenerating C code for ROS interfaces[0m
[  4%] [34m[1mGenerating C++ code for ROS interfaces[0m
[  4%] Built target vicon_receiver__cpp
[  6%] [34m[1mGenerating C++ type support dispatch for ROS interfaces[0m
[ 10%] [34m[1mGenerating C++ introspection for ROS interfaces[0m
[ 10%] [34m[1mGenerating C++ type support for eProsima Fast-RTPS[0m
[35m[1mScanning dependencies of target vicon_receiver__rosidl_generator_c[0m
[ 12%] [32mBuilding C object CMakeFiles/vicon_receiver__rosidl_generator_c.dir/rosidl_generator_c/vicon_receiver/msg/detail/posture__functions.c.o[0m
[ 14%] [32mBuilding C object CMakeFiles/vicon_receiver__rosidl_generator_c.dir/rosidl_generator_c/vicon_receiver/msg/detail/markers_list__functions.c.o[0m
[ 16%] [32m[1mLinking C shared library libvicon_receiver__rosidl_generator_c.so[0m
[ 16%] Built target vicon_receiver__rosidl_generator_c
[ 18%] [34m[1mGenerating C introspection for ROS interfaces[0m
[ 20%] [34m[1mGenerating C type support dispatch for ROS interfaces[0m
[35m[1mScanning dependencies of target vicon_receiver__rosidl_typesupport_cpp[0m
[35m[1mScanning dependencies of target vicon_receiver__rosidl_typesupport_introspection_cpp[0m
[ 22%] [32mBuilding CXX object CMakeFiles/vicon_receiver__rosidl_typesupport_cpp.dir/rosidl_typesupport_cpp/vicon_receiver/msg/posture__type_support.cpp.o[0m
[ 24%] [32mBuilding CXX object CMakeFiles/vicon_receiver__rosidl_typesupport_cpp.dir/rosidl_typesupport_cpp/vicon_receiver/msg/markers_list__type_support.cpp.o[0m
[ 26%] [32mBuilding CXX object CMakeFiles/vicon_receiver__rosidl_typesupport_introspection_cpp.dir/rosidl_typesupport_introspection_cpp/vicon_receiver/msg/detail/markers_list__type_support.cpp.o[0m
[ 28%] [32mBuilding CXX object CMakeFiles/vicon_receiver__rosidl_typesupport_introspection_cpp.dir/rosidl_typesupport_introspection_cpp/vicon_receiver/msg/detail/posture__type_support.cpp.o[0m
[35m[1mScanning dependencies of target vicon_receiver__rosidl_typesupport_fastrtps_cpp[0m
[ 30%] [32mBuilding CXX object CMakeFiles/vicon_receiver__rosidl_typesupport_fastrtps_cpp.dir/rosidl_typesupport_fastrtps_cpp/vicon_receiver/msg/detail/dds_fastrtps/posture__type_support.cpp.o[0m
[ 32%] [32mBuilding CXX object CMakeFiles/vicon_receiver__rosidl_typesupport_fastrtps_cpp.dir/rosidl_typesupport_fastrtps_cpp/vicon_receiver/msg/detail/dds_fastrtps/markers_list__type_support.cpp.o[0m
[35m[1mScanning dependencies of target vicon_receiver__rosidl_typesupport_c[0m
[ 34%] [32mBuilding CXX object CMakeFiles/vicon_receiver__rosidl_typesupport_c.dir/rosidl_typesupport_c/vicon_receiver/msg/posture__type_support.cpp.o[0m
[ 36%] [32mBuilding CXX object CMakeFiles/vicon_receiver__rosidl_typesupport_c.dir/rosidl_typesupport_c/vicon_receiver/msg/markers_list__type_support.cpp.o[0m
[35m[1mScanning dependencies of target vicon_receiver__rosidl_typesupport_introspection_c[0m
[ 38%] [32m[1mLinking CXX shared library libvicon_receiver__rosidl_typesupport_c.so[0m
[ 40%] [32mBuilding C object CMakeFiles/vicon_receiver__rosidl_typesupport_introspection_c.dir/rosidl_typesupport_introspection_c/vicon_receiver/msg/detail/posture__type_support.c.o[0m
[ 42%] [32mBuilding C object CMakeFiles/vicon_receiver__rosidl_typesupport_introspection_c.dir/rosidl_typesupport_introspection_c/vicon_receiver/msg/detail/markers_list__type_support.c.o[0m
[ 42%] Built target vicon_receiver__rosidl_typesupport_c
[ 44%] [32m[1mLinking C shared library libvicon_receiver__rosidl_typesupport_introspection_c.so[0m
[ 44%] Built target vicon_receiver__rosidl_typesupport_introspection_c
[ 46%] [32m[1mLinking CXX shared library libvicon_receiver__rosidl_typesupport_cpp.so[0m
[ 46%] Built target vicon_receiver__rosidl_typesupport_cpp
[ 48%] [32m[1mLinking CXX shared library libvicon_receiver__rosidl_typesupport_introspection_cpp.so[0m
[ 48%] Built target vicon_receiver__rosidl_typesupport_introspection_cpp
[ 51%] [32m[1mLinking CXX shared library libvicon_receiver__rosidl_typesupport_fastrtps_cpp.so[0m
[ 51%] Built target vicon_receiver__rosidl_typesupport_fastrtps_cpp
[ 53%] [34m[1mGenerating C type support for eProsima Fast-RTPS[0m
[35m[1mScanning dependencies of target vicon_receiver__rosidl_typesupport_fastrtps_c[0m
[ 57%] [32mBuilding CXX object CMakeFiles/vicon_receiver__rosidl_typesupport_fastrtps_c.dir/rosidl_typesupport_fastrtps_c/vicon_receiver/msg/detail/markers_list__type_support_c.cpp.o[0m
[ 57%] [32mBuilding CXX object CMakeFiles/vicon_receiver__rosidl_typesupport_fastrtps_c.dir/rosidl_typesupport_fastrtps_c/vicon_receiver/msg/detail/posture__type_support_c.cpp.o[0m
[ 59%] [32m[1mLinking CXX shared library libvicon_receiver__rosidl_typesupport_fastrtps_c.so[0m
[ 59%] Built target vicon_receiver__rosidl_typesupport_fastrtps_c
[35m[1mScanning dependencies of target vicon_receiver[0m
[ 59%] Built target vicon_receiver
[35m[1mScanning dependencies of target vicon_client_mock[0m
[35m[1mScanning dependencies of target vicon_client[0m
[35m[1mScanning dependencies of target vicon_client_unlabeled[0m
[35m[1mScanning dependencies of target vicon_receiver__py[0m
[ 61%] [34m[1mGenerating Python code for ROS interfaces[0m
[ 69%] [32mBuilding CXX object CMakeFiles/vicon_client.dir/src/vicon_receiver/communicator.cpp.o[0m
[ 69%] [32mBuilding CXX object CMakeFiles/vicon_client.dir/src/vicon_receiver/publisher.cpp.o[0m
[ 69%] [32mBuilding CXX object CMakeFiles/vicon_client_unlabeled.dir/src/vicon_unlabeled_marker_receiver/publisher.cpp.o[0m
[ 69%] [32mBuilding CXX object CMakeFiles/vicon_client_unlabeled.dir/src/vicon_unlabeled_marker_receiver/communicator.cpp.o[0m
[ 71%] [32mBuilding CXX object CMakeFiles/vicon_client_mock.dir/src/vicon_receiver_mock/publisher.cpp.o[0m
[ 73%] [32mBuilding CXX object CMakeFiles/vicon_client_mock.dir/src/vicon_receiver_mock/communicator.cpp.o[0m
[ 75%] [32mBuilding CXX object CMakeFiles/vicon_client_mock.dir/src/vicon_receiver_mock/data.cpp.o[0m
[ 75%] Built target vicon_receiver__py
[35m[1mScanning dependencies of target vicon_receiver__python[0m
[ 77%] [32mBuilding C object CMakeFiles/vicon_receiver__python.dir/rosidl_generator_py/vicon_receiver/msg/_posture_s.c.o[0m
[ 79%] [32mBuilding C object CMakeFiles/vicon_receiver__python.dir/rosidl_generator_py/vicon_receiver/msg/_markers_list_s.c.o[0m
[ 81%] [32m[1mLinking C shared library rosidl_generator_py/vicon_receiver/libvicon_receiver__python.so[0m
[ 81%] Built target vicon_receiver__python
[35m[1mScanning dependencies of target vicon_receiver__rosidl_typesupport_introspection_c__pyext[0m
[ 83%] [32mBuilding C object CMakeFiles/vicon_receiver__rosidl_typesupport_introspection_c__pyext.dir/rosidl_generator_py/vicon_receiver/_vicon_receiver_s.ep.rosidl_typesupport_introspection_c.c.o[0m
[ 85%] [32m[1mLinking C shared library rosidl_generator_py/vicon_receiver/vicon_receiver_s__rosidl_typesupport_introspection_c.cpython-38-x86_64-linux-gnu.so[0m
[ 85%] Built target vicon_receiver__rosidl_typesupport_introspection_c__pyext
[35m[1mScanning dependencies of target vicon_receiver__rosidl_typesupport_c__pyext[0m
[ 87%] [32mBuilding C object CMakeFiles/vicon_receiver__rosidl_typesupport_c__pyext.dir/rosidl_generator_py/vicon_receiver/_vicon_receiver_s.ep.rosidl_typesupport_c.c.o[0m
[ 89%] [32m[1mLinking C shared library rosidl_generator_py/vicon_receiver/vicon_receiver_s__rosidl_typesupport_c.cpython-38-x86_64-linux-gnu.so[0m
[ 89%] Built target vicon_receiver__rosidl_typesupport_c__pyext
[35m[1mScanning dependencies of target vicon_receiver__rosidl_typesupport_fastrtps_c__pyext[0m
[ 91%] [32mBuilding C object CMakeFiles/vicon_receiver__rosidl_typesupport_fastrtps_c__pyext.dir/rosidl_generator_py/vicon_receiver/_vicon_receiver_s.ep.rosidl_typesupport_fastrtps_c.c.o[0m
[ 93%] [32m[1mLinking CXX shared library rosidl_generator_py/vicon_receiver/vicon_receiver_s__rosidl_typesupport_fastrtps_c.cpython-38-x86_64-linux-gnu.so[0m
[ 93%] Built target vicon_receiver__rosidl_typesupport_fastrtps_c__pyext
[ 97%] [32m[1mLinking CXX executable vicon_client[0m
[ 97%] [32m[1mLinking CXX executable vicon_client_mock[0m
[ 97%] Built target vicon_client_mock
[ 97%] Built target vicon_client
