[0.044s] Invoking command in '/vicon_GJM_test/ros2-vicon-receiver/vicon_receiver/build/vicon_receiver': CMAKE_PREFIX_PATH=${CMAKE_PREFIX_PATH}:/opt/ros/foxy /usr/bin/cmake /vicon_GJM_test/ros2-vicon-receiver/vicon_receiver -DCMAKE_INSTALL_PREFIX=/vicon_GJM_test/ros2-vicon-receiver/vicon_receiver/install/vicon_receiver
[0.160s] -- The C compiler identification is GNU 9.4.0
[0.245s] -- The CXX compiler identification is GNU 9.4.0
[0.258s] -- Check for working C compiler: /usr/bin/cc
[0.349s] -- Check for working C compiler: /usr/bin/cc -- works
[0.352s] -- Detecting C compiler ABI info
[0.436s] -- Detecting C compiler ABI info - done
[0.454s] -- Detecting C compile features
[0.455s] -- Detecting C compile features - done
[0.459s] -- Check for working CXX compiler: /usr/bin/c++
[0.554s] -- Check for working CXX compiler: /usr/bin/c++ -- works
[0.556s] -- Detecting CXX compiler ABI info
[0.651s] -- Detecting CXX compiler ABI info - done
[0.668s] -- Detecting CXX compile features
[0.669s] -- Detecting CXX compile features - done
[0.688s] -- Found ament_cmake: 0.9.12 (/opt/ros/foxy/share/ament_cmake/cmake)
[0.731s] -- Found PythonInterp: /usr/bin/python3 (found suitable version "3.8.10", minimum required is "3") 
[0.731s] -- Using PYTHON_EXECUTABLE: /usr/bin/python3
[0.986s] -- Found rosidl_default_generators: 1.0.1 (/opt/ros/foxy/share/rosidl_default_generators/cmake)
[0.995s] -- Using all available rosidl_typesupport_c: rosidl_typesupport_fastrtps_c;rosidl_typesupport_introspection_c
[1.009s] -- Found rosidl_adapter: 1.3.1 (/opt/ros/foxy/share/rosidl_adapter/cmake)
[1.205s] -- Found OpenSSL: /usr/lib/x86_64-linux-gnu/libcrypto.so (found version "1.1.1f")  
[1.250s] -- Found FastRTPS: /opt/ros/foxy/include  
[1.408s] -- Using all available rosidl_typesupport_cpp: rosidl_typesupport_fastrtps_cpp;rosidl_typesupport_introspection_cpp
[1.473s] -- Found rclcpp: 2.4.3 (/opt/ros/foxy/share/rclcpp/cmake)
[1.599s] -- Found rmw_implementation_cmake: 1.0.4 (/opt/ros/foxy/share/rmw_implementation_cmake/cmake)
[1.602s] -- Using RMW implementation 'rmw_fastrtps_cpp' as default
[1.605s] -- Looking for pthread.h
[1.794s] -- Looking for pthread.h - found
[1.794s] -- Performing Test CMAKE_HAVE_LIBC_PTHREAD
[1.912s] -- Performing Test CMAKE_HAVE_LIBC_PTHREAD - Failed
[1.912s] -- Looking for pthread_create in pthreads
[2.010s] -- Looking for pthread_create in pthreads - not found
[2.011s] -- Looking for pthread_create in pthread
[2.122s] -- Looking for pthread_create in pthread - found
[2.124s] -- Found Threads: TRUE  
[2.430s] -- Found Boost: /usr/lib/x86_64-linux-gnu/cmake/Boost-1.71.0/BoostConfig.cmake (found version "1.71.0") found components: thread 
[2.459s] -- Found PythonInterp: /usr/bin/python3 (found version "3.8.10") 
[2.633s] -- Found ament_cmake_ros: 0.9.2 (/opt/ros/foxy/share/ament_cmake_ros/cmake)
[2.793s] -- Using all available rosidl_typesupport_c: rosidl_typesupport_fastrtps_c;rosidl_typesupport_introspection_c
[2.808s] -- Using all available rosidl_typesupport_cpp: rosidl_typesupport_fastrtps_cpp;rosidl_typesupport_introspection_cpp
[2.838s] -- Found PythonInterp: /usr/bin/python3 (found suitable version "3.8.10", minimum required is "3.5") 
[2.841s] -- Found python_cmake_module: 0.8.1 (/opt/ros/foxy/share/python_cmake_module/cmake)
[2.879s] -- Found PythonLibs: /usr/lib/x86_64-linux-gnu/libpython3.8.so (found suitable version "3.8.10", minimum required is "3.5") 
[2.879s] -- Using PYTHON_EXECUTABLE: /usr/bin/python3
[2.879s] -- Using PYTHON_INCLUDE_DIRS: /usr/include/python3.8
[2.879s] -- Using PYTHON_LIBRARIES: /usr/lib/x86_64-linux-gnu/libpython3.8.so
[2.905s] -- Found PythonExtra: .so  
[3.258s] -- Using numpy include directory: /usr/local/lib/python3.8/dist-packages/numpy/core/include
[3.278s] -- Found rmw_fastrtps_cpp: 1.3.2 (/opt/ros/foxy/share/rmw_fastrtps_cpp/cmake)
[3.465s] -- Configuring done
[3.532s] -- Generating done
[3.538s] -- Build files have been written to: /vicon_GJM_test/ros2-vicon-receiver/vicon_receiver/build/vicon_receiver
[3.552s] Invoked command in '/vicon_GJM_test/ros2-vicon-receiver/vicon_receiver/build/vicon_receiver' returned '0': CMAKE_PREFIX_PATH=${CMAKE_PREFIX_PATH}:/opt/ros/foxy /usr/bin/cmake /vicon_GJM_test/ros2-vicon-receiver/vicon_receiver -DCMAKE_INSTALL_PREFIX=/vicon_GJM_test/ros2-vicon-receiver/vicon_receiver/install/vicon_receiver
[3.555s] Invoking command in '/vicon_GJM_test/ros2-vicon-receiver/vicon_receiver/build/vicon_receiver': CMAKE_PREFIX_PATH=${CMAKE_PREFIX_PATH}:/opt/ros/foxy /usr/bin/cmake --build /vicon_GJM_test/ros2-vicon-receiver/vicon_receiver/build/vicon_receiver -- -j8 -l8
[3.609s] [  2%] [34m[1mGenerating C code for ROS interfaces[0m
[3.610s] [35m[1mScanning dependencies of target vicon_receiver__cpp[0m
[3.623s] [  4%] [34m[1mGenerating C++ code for ROS interfaces[0m
[4.185s] [  4%] Built target vicon_receiver__cpp
[4.200s] [  6%] [34m[1mGenerating C++ type support dispatch for ROS interfaces[0m
[4.202s] [  8%] [34m[1mGenerating C++ type support for eProsima Fast-RTPS[0m
[4.202s] [ 10%] [34m[1mGenerating C++ introspection for ROS interfaces[0m
[4.212s] [35m[1mScanning dependencies of target vicon_receiver__rosidl_generator_c[0m
[4.236s] [ 12%] [32mBuilding C object CMakeFiles/vicon_receiver__rosidl_generator_c.dir/rosidl_generator_c/vicon_receiver/msg/detail/posture__functions.c.o[0m
[4.236s] [ 14%] [32mBuilding C object CMakeFiles/vicon_receiver__rosidl_generator_c.dir/rosidl_generator_c/vicon_receiver/msg/detail/markers_list__functions.c.o[0m
[4.497s] [ 16%] [32m[1mLinking C shared library libvicon_receiver__rosidl_generator_c.so[0m
[4.546s] [ 16%] Built target vicon_receiver__rosidl_generator_c
[4.561s] [ 18%] [34m[1mGenerating C type support dispatch for ROS interfaces[0m
[4.562s] [ 20%] [34m[1mGenerating C introspection for ROS interfaces[0m
[5.008s] [35m[1mScanning dependencies of target vicon_receiver__rosidl_typesupport_cpp[0m
[5.037s] [ 22%] [32mBuilding CXX object CMakeFiles/vicon_receiver__rosidl_typesupport_cpp.dir/rosidl_typesupport_cpp/vicon_receiver/msg/markers_list__type_support.cpp.o[0m
[5.038s] [ 24%] [32mBuilding CXX object CMakeFiles/vicon_receiver__rosidl_typesupport_cpp.dir/rosidl_typesupport_cpp/vicon_receiver/msg/posture__type_support.cpp.o[0m
[5.054s] [35m[1mScanning dependencies of target vicon_receiver__rosidl_typesupport_introspection_cpp[0m
[5.081s] [ 26%] [32mBuilding CXX object CMakeFiles/vicon_receiver__rosidl_typesupport_introspection_cpp.dir/rosidl_typesupport_introspection_cpp/vicon_receiver/msg/detail/posture__type_support.cpp.o[0m
[5.082s] [ 28%] [32mBuilding CXX object CMakeFiles/vicon_receiver__rosidl_typesupport_introspection_cpp.dir/rosidl_typesupport_introspection_cpp/vicon_receiver/msg/detail/markers_list__type_support.cpp.o[0m
[5.121s] [35m[1mScanning dependencies of target vicon_receiver__rosidl_typesupport_fastrtps_cpp[0m
[5.162s] [ 30%] [32mBuilding CXX object CMakeFiles/vicon_receiver__rosidl_typesupport_fastrtps_cpp.dir/rosidl_typesupport_fastrtps_cpp/vicon_receiver/msg/detail/dds_fastrtps/posture__type_support.cpp.o[0m
[5.165s] [ 32%] [32mBuilding CXX object CMakeFiles/vicon_receiver__rosidl_typesupport_fastrtps_cpp.dir/rosidl_typesupport_fastrtps_cpp/vicon_receiver/msg/detail/dds_fastrtps/markers_list__type_support.cpp.o[0m
[5.236s] [35m[1mScanning dependencies of target vicon_receiver__rosidl_typesupport_c[0m
[5.271s] [ 34%] [32mBuilding CXX object CMakeFiles/vicon_receiver__rosidl_typesupport_c.dir/rosidl_typesupport_c/vicon_receiver/msg/posture__type_support.cpp.o[0m
[5.344s] [ 36%] [32mBuilding CXX object CMakeFiles/vicon_receiver__rosidl_typesupport_c.dir/rosidl_typesupport_c/vicon_receiver/msg/markers_list__type_support.cpp.o[0m
[5.381s] [35m[1mScanning dependencies of target vicon_receiver__rosidl_typesupport_introspection_c[0m
[5.407s] [ 38%] [32m[1mLinking CXX shared library libvicon_receiver__rosidl_typesupport_c.so[0m
[5.410s] [ 40%] [32mBuilding C object CMakeFiles/vicon_receiver__rosidl_typesupport_introspection_c.dir/rosidl_typesupport_introspection_c/vicon_receiver/msg/detail/posture__type_support.c.o[0m
[5.483s] [ 42%] [32mBuilding C object CMakeFiles/vicon_receiver__rosidl_typesupport_introspection_c.dir/rosidl_typesupport_introspection_c/vicon_receiver/msg/detail/markers_list__type_support.c.o[0m
[5.505s] [ 42%] Built target vicon_receiver__rosidl_typesupport_c
[5.560s] [ 44%] [32m[1mLinking C shared library libvicon_receiver__rosidl_typesupport_introspection_c.so[0m
[5.630s] [ 44%] Built target vicon_receiver__rosidl_typesupport_introspection_c
[5.727s] [ 46%] [32m[1mLinking CXX shared library libvicon_receiver__rosidl_typesupport_cpp.so[0m
[5.789s] [ 46%] Built target vicon_receiver__rosidl_typesupport_cpp
[5.872s] [ 48%] [32m[1mLinking CXX shared library libvicon_receiver__rosidl_typesupport_introspection_cpp.so[0m
[5.967s] [ 48%] Built target vicon_receiver__rosidl_typesupport_introspection_cpp
[6.166s] [ 51%] [32m[1mLinking CXX shared library libvicon_receiver__rosidl_typesupport_fastrtps_cpp.so[0m
[6.268s] [ 51%] Built target vicon_receiver__rosidl_typesupport_fastrtps_cpp
[6.281s] [ 53%] [34m[1mGenerating C type support for eProsima Fast-RTPS[0m
[6.789s] [35m[1mScanning dependencies of target vicon_receiver__rosidl_typesupport_fastrtps_c[0m
[6.809s] [ 57%] [32mBuilding CXX object CMakeFiles/vicon_receiver__rosidl_typesupport_fastrtps_c.dir/rosidl_typesupport_fastrtps_c/vicon_receiver/msg/detail/posture__type_support_c.cpp.o[0m
[6.809s] [ 57%] [32mBuilding CXX object CMakeFiles/vicon_receiver__rosidl_typesupport_fastrtps_c.dir/rosidl_typesupport_fastrtps_c/vicon_receiver/msg/detail/markers_list__type_support_c.cpp.o[0m
[7.295s] [ 59%] [32m[1mLinking CXX shared library libvicon_receiver__rosidl_typesupport_fastrtps_c.so[0m
[7.389s] [ 59%] Built target vicon_receiver__rosidl_typesupport_fastrtps_c
[7.404s] [35m[1mScanning dependencies of target vicon_receiver[0m
[7.417s] [ 59%] Built target vicon_receiver
[7.431s] [35m[1mScanning dependencies of target vicon_client_mock[0m
[7.432s] [35m[1mScanning dependencies of target vicon_client[0m
[7.432s] [35m[1mScanning dependencies of target vicon_client_unlabeled[0m
[7.432s] [35m[1mScanning dependencies of target vicon_receiver__py[0m
[7.451s] [ 61%] [34m[1mGenerating Python code for ROS interfaces[0m
[7.617s] [ 63%] [32mBuilding CXX object CMakeFiles/vicon_client_unlabeled.dir/src/vicon_unlabeled_marker_receiver/communicator.cpp.o[0m
[7.617s] [ 65%] [32mBuilding CXX object CMakeFiles/vicon_client_unlabeled.dir/src/vicon_unlabeled_marker_receiver/publisher.cpp.o[0m
[7.620s] [ 67%] [32mBuilding CXX object CMakeFiles/vicon_client.dir/src/vicon_receiver/publisher.cpp.o[0m
[7.621s] [ 69%] [32mBuilding CXX object CMakeFiles/vicon_client.dir/src/vicon_receiver/communicator.cpp.o[0m
[7.628s] [ 71%] [32mBuilding CXX object CMakeFiles/vicon_client_mock.dir/src/vicon_receiver_mock/communicator.cpp.o[0m
[7.630s] [ 73%] [32mBuilding CXX object CMakeFiles/vicon_client_mock.dir/src/vicon_receiver_mock/publisher.cpp.o[0m
[7.632s] [ 75%] [32mBuilding CXX object CMakeFiles/vicon_client_mock.dir/src/vicon_receiver_mock/data.cpp.o[0m
[9.375s] [ 75%] Built target vicon_receiver__py
[9.400s] [35m[1mScanning dependencies of target vicon_receiver__python[0m
[9.506s] [ 77%] [32mBuilding C object CMakeFiles/vicon_receiver__python.dir/rosidl_generator_py/vicon_receiver/msg/_posture_s.c.o[0m
[9.792s] [ 79%] [32mBuilding C object CMakeFiles/vicon_receiver__python.dir/rosidl_generator_py/vicon_receiver/msg/_markers_list_s.c.o[0m
[10.131s] [ 81%] [32m[1mLinking C shared library rosidl_generator_py/vicon_receiver/libvicon_receiver__python.so[0m
[10.231s] [ 81%] Built target vicon_receiver__python
[10.263s] [35m[1mScanning dependencies of target vicon_receiver__rosidl_typesupport_introspection_c__pyext[0m
[10.321s] [ 83%] [32mBuilding C object CMakeFiles/vicon_receiver__rosidl_typesupport_introspection_c__pyext.dir/rosidl_generator_py/vicon_receiver/_vicon_receiver_s.ep.rosidl_typesupport_introspection_c.c.o[0m
[10.587s] [ 85%] [32m[1mLinking C shared library rosidl_generator_py/vicon_receiver/vicon_receiver_s__rosidl_typesupport_introspection_c.cpython-38-x86_64-linux-gnu.so[0m
[10.794s] [ 85%] Built target vicon_receiver__rosidl_typesupport_introspection_c__pyext
[10.819s] [35m[1mScanning dependencies of target vicon_receiver__rosidl_typesupport_c__pyext[0m
[10.875s] [ 87%] [32mBuilding C object CMakeFiles/vicon_receiver__rosidl_typesupport_c__pyext.dir/rosidl_generator_py/vicon_receiver/_vicon_receiver_s.ep.rosidl_typesupport_c.c.o[0m
[11.131s] [ 89%] [32m[1mLinking C shared library rosidl_generator_py/vicon_receiver/vicon_receiver_s__rosidl_typesupport_c.cpython-38-x86_64-linux-gnu.so[0m
[11.237s] [ 89%] Built target vicon_receiver__rosidl_typesupport_c__pyext
[11.284s] [35m[1mScanning dependencies of target vicon_receiver__rosidl_typesupport_fastrtps_c__pyext[0m
[11.340s] [ 91%] [32mBuilding C object CMakeFiles/vicon_receiver__rosidl_typesupport_fastrtps_c__pyext.dir/rosidl_generator_py/vicon_receiver/_vicon_receiver_s.ep.rosidl_typesupport_fastrtps_c.c.o[0m
[11.701s] [ 93%] [32m[1mLinking CXX shared library rosidl_generator_py/vicon_receiver/vicon_receiver_s__rosidl_typesupport_fastrtps_c.cpython-38-x86_64-linux-gnu.so[0m
[11.972s] [ 93%] Built target vicon_receiver__rosidl_typesupport_fastrtps_c__pyext
[12.235s] [01m[K/vicon_GJM_test/ros2-vicon-receiver/vicon_receiver/src/vicon_unlabeled_marker_receiver/publisher.cpp:[m[K In member function ‘[01m[Kvoid ViconReceiver::UnlabeledMarker::Publisher::publish(ViconReceiver::UnlabeledMarker::MarkersStruct&)[m[K’:
[12.235s] [01m[K/vicon_GJM_test/ros2-vicon-receiver/vicon_receiver/src/vicon_unlabeled_marker_receiver/publisher.cpp:18:8:[m[K [01;31m[Kerror: [m[K‘[01m[Kusing element_type = struct vicon_receiver::msg::MarkersList_<std::allocator<void> >[m[K’ {aka ‘[01m[Kstruct vicon_receiver::msg::MarkersList_<std::allocator<void> >[m[K’} has no member named ‘[01m[Kvx[m[K’; did you mean ‘[01m[Kx[m[K’?
[12.236s]    18 |   msg->[01;31m[Kvx[m[K = std::move(p.vx);
[12.236s]       |        [01;31m[K^~[m[K
[12.236s]       |        [32m[Kx[m[K
[12.237s] [01m[K/vicon_GJM_test/ros2-vicon-receiver/vicon_receiver/src/vicon_unlabeled_marker_receiver/publisher.cpp:19:8:[m[K [01;31m[Kerror: [m[K‘[01m[Kusing element_type = struct vicon_receiver::msg::MarkersList_<std::allocator<void> >[m[K’ {aka ‘[01m[Kstruct vicon_receiver::msg::MarkersList_<std::allocator<void> >[m[K’} has no member named ‘[01m[Kvy[m[K’; did you mean ‘[01m[Ky[m[K’?
[12.237s]    19 |   msg->[01;31m[Kvy[m[K = std::move(p.vy);
[12.237s]       |        [01;31m[K^~[m[K
[12.237s]       |        [32m[Ky[m[K
[12.237s] [01m[K/vicon_GJM_test/ros2-vicon-receiver/vicon_receiver/src/vicon_unlabeled_marker_receiver/publisher.cpp:20:8:[m[K [01;31m[Kerror: [m[K‘[01m[Kusing element_type = struct vicon_receiver::msg::MarkersList_<std::allocator<void> >[m[K’ {aka ‘[01m[Kstruct vicon_receiver::msg::MarkersList_<std::allocator<void> >[m[K’} has no member named ‘[01m[Kvz[m[K’; did you mean ‘[01m[Kz[m[K’?
[12.237s]    20 |   msg->[01;31m[Kvz[m[K = std::move(p.vz);
[12.238s]       |        [01;31m[K^~[m[K
[12.238s]       |        [32m[Kz[m[K
[12.239s] [01m[K/vicon_GJM_test/ros2-vicon-receiver/vicon_receiver/src/vicon_unlabeled_marker_receiver/publisher.cpp:21:8:[m[K [01;31m[Kerror: [m[K‘[01m[Kusing element_type = struct vicon_receiver::msg::MarkersList_<std::allocator<void> >[m[K’ {aka ‘[01m[Kstruct vicon_receiver::msg::MarkersList_<std::allocator<void> >[m[K’} has no member named ‘[01m[Kspeed[m[K’
[12.239s]    21 |   msg->[01;31m[Kspeed[m[K = std::move(p.speed);
[12.239s]       |        [01;31m[K^~~~~[m[K
[15.029s] make[2]: *** [CMakeFiles/vicon_client_unlabeled.dir/build.make:76: CMakeFiles/vicon_client_unlabeled.dir/src/vicon_unlabeled_marker_receiver/publisher.cpp.o] Error 1
[15.029s] make[2]: *** Waiting for unfinished jobs....
[16.441s] In file included from [01m[K/vicon_GJM_test/ros2-vicon-receiver/vicon_receiver/src/vicon_unlabeled_marker_receiver/communicator.cpp:1[m[K:
[16.441s] [01m[K/vicon_GJM_test/ros2-vicon-receiver/vicon_receiver/include/vicon_unlabeled_marker_receiver/communicator.hpp:46:35:[m[K [01;31m[Kerror: [m[K‘[01m[KOutput_GetTimecode[m[K’ does not name a type
[16.441s]    46 |   double CalculateDeltaTime(const [01;31m[KOutput_GetTimecode[m[K& current, const Output_GetTimecode& previous);
[16.442s]       |                                   [01;31m[K^~~~~~~~~~~~~~~~~~[m[K
[16.454s] [01m[K/vicon_GJM_test/ros2-vicon-receiver/vicon_receiver/include/vicon_unlabeled_marker_receiver/communicator.hpp:46:70:[m[K [01;31m[Kerror: [m[K‘[01m[KOutput_GetTimecode[m[K’ does not name a type
[16.455s]    46 |   double CalculateDeltaTime(const Output_GetTimecode& current, const [01;31m[KOutput_GetTimecode[m[K& previous);
[16.455s]       |                                                                      [01;31m[K^~~~~~~~~~~~~~~~~~[m[K
[16.477s] [01m[K/vicon_GJM_test/ros2-vicon-receiver/vicon_receiver/src/vicon_unlabeled_marker_receiver/communicator.cpp:[m[K In function ‘[01m[Kint ViconReceiver::UnlabeledMarker::findMajorityElement(std::vector<int>&)[m[K’:
[16.477s] [01m[K/vicon_GJM_test/ros2-vicon-receiver/vicon_receiver/src/vicon_unlabeled_marker_receiver/communicator.cpp:82:21:[m[K [01;35m[Kwarning: [m[Kcomparison of integer expressions of different signedness: ‘[01m[Kint[m[K’ and ‘[01m[Kstd::vector<int>::size_type[m[K’ {aka ‘[01m[Klong unsigned int[m[K’} [[01;35m[K-Wsign-compare[m[K]
[16.477s]    82 |   for (int i = 1; [01;35m[Ki < nums.size()[m[K; i++) {
[16.478s]       |                   [01;35m[K~~^~~~~~~~~~~~~[m[K
[16.478s] [01m[K/vicon_GJM_test/ros2-vicon-receiver/vicon_receiver/src/vicon_unlabeled_marker_receiver/communicator.cpp:102:13:[m[K [01;35m[Kwarning: [m[Kcomparison of integer expressions of different signedness: ‘[01m[Kint[m[K’ and ‘[01m[Kstd::vector<int>::size_type[m[K’ {aka ‘[01m[Klong unsigned int[m[K’} [[01;35m[K-Wsign-compare[m[K]
[16.479s]   102 |   if ([01;35m[Kcount <= nums.size() / 2[m[K) {
[16.479s]       |       [01;35m[K~~~~~~^~~~~~~~~~~~~~~~~~[m[K
[16.479s] [01m[K/vicon_GJM_test/ros2-vicon-receiver/vicon_receiver/src/vicon_unlabeled_marker_receiver/communicator.cpp:[m[K In function ‘[01m[Kdouble ViconReceiver::UnlabeledMarker::CalculateDeltaTime(const ViconDataStreamSDK::CPP::Output_GetTimecode&, const ViconDataStreamSDK::CPP::Output_GetTimecode&)[m[K’:
[16.479s] [01m[K/vicon_GJM_test/ros2-vicon-receiver/vicon_receiver/src/vicon_unlabeled_marker_receiver/communicator.cpp:116:33:[m[K [01;31m[Kerror: [m[K‘[01m[Kconst class ViconDataStreamSDK::CPP::Output_GetTimecode[m[K’ has no member named ‘[01m[KFramesPerSecond[m[K’
[16.480s]   116 |         delta_frames += current.[01;31m[KFramesPerSecond[m[K;
[16.480s]       |                                 [01;31m[K^~~~~~~~~~~~~~~[m[K
[16.480s] [01m[K/vicon_GJM_test/ros2-vicon-receiver/vicon_receiver/src/vicon_unlabeled_marker_receiver/communicator.cpp:121:71:[m[K [01;31m[Kerror: [m[K‘[01m[Kconst class ViconDataStreamSDK::CPP::Output_GetTimecode[m[K’ has no member named ‘[01m[KFramesPerSecond[m[K’
[16.480s]   121 |                         + static_cast<double>(delta_frames) / current.[01;31m[KFramesPerSecond[m[K;
[16.480s]       |                                                                       [01;31m[K^~~~~~~~~~~~~~~[m[K
[16.481s] [01m[K/vicon_GJM_test/ros2-vicon-receiver/vicon_receiver/src/vicon_unlabeled_marker_receiver/communicator.cpp:[m[K In member function ‘[01m[Kvoid ViconReceiver::UnlabeledMarker::Communicator::get_frame()[m[K’:
[16.481s] [01m[K/vicon_GJM_test/ros2-vicon-receiver/vicon_receiver/src/vicon_unlabeled_marker_receiver/communicator.cpp:141:7:[m[K [01;31m[Kerror: [m[Kconflicting declaration ‘[01m[Kint marker_count[m[K’
[16.481s]   141 |   int [01;31m[Kmarker_count[m[K = findMajorityElement(marker_count_total);
[16.482s]       |       [01;31m[K^~~~~~~~~~~~[m[K
[16.483s] [01m[K/vicon_GJM_test/ros2-vicon-receiver/vicon_receiver/src/vicon_unlabeled_marker_receiver/communicator.cpp:137:15:[m[K [01;36m[Knote: [m[Kprevious declaration as ‘[01m[Kstd::size_t marker_count[m[K’
[16.483s]   137 |   std::size_t [01;36m[Kmarker_count[m[K = vicon_client.GetUnlabeledMarkerCount().MarkerCount;
[16.483s]       |               [01;36m[K^~~~~~~~~~~~[m[K
[16.483s] [01m[K/vicon_GJM_test/ros2-vicon-receiver/vicon_receiver/src/vicon_unlabeled_marker_receiver/communicator.cpp:141:42:[m[K [01;31m[Kerror: [m[Kcannot convert ‘[01m[Kstd::vector<long unsigned int>[m[K’ to ‘[01m[Kconst std::vector<int>&[m[K’
[16.483s]   141 |   int marker_count = findMajorityElement([01;31m[Kmarker_count_total[m[K);
[16.484s]       |                                          [01;31m[K^~~~~~~~~~~~~~~~~~[m[K
[16.484s]       |                                          [01;31m[K|[m[K
[16.484s]       |                                          [01;31m[Kstd::vector<long unsigned int>[m[K
[16.484s] In file included from [01m[K/vicon_GJM_test/ros2-vicon-receiver/vicon_receiver/src/vicon_unlabeled_marker_receiver/communicator.cpp:1[m[K:
[16.484s] [01m[K/vicon_GJM_test/ros2-vicon-receiver/vicon_receiver/include/vicon_unlabeled_marker_receiver/communicator.hpp:45:51:[m[K [01;36m[Knote: [m[K  initializing argument 1 of ‘[01m[Kint ViconReceiver::UnlabeledMarker::Communicator::findMajorityElement(const std::vector<int>&)[m[K’
[16.484s]    45 |   int findMajorityElement([01;36m[Kconst std::vector<int> &nums[m[K);
[16.485s]       |                           [01;36m[K~~~~~~~~~~~~~~~~~~~~~~~~^~~~[m[K
[16.485s] [01m[K/vicon_GJM_test/ros2-vicon-receiver/vicon_receiver/src/vicon_unlabeled_marker_receiver/communicator.cpp:153:17:[m[K [01;31m[Kerror: [m[Kno matching function for call to ‘[01m[KViconReceiver::UnlabeledMarker::MarkersStruct::MarkersStruct()[m[K’
[16.485s]   153 |   MarkersStruct [01;31m[Kprev_markers[m[K;
[16.485s]       |                 [01;31m[K^~~~~~~~~~~~[m[K
[16.485s] In file included from [01m[K/vicon_GJM_test/ros2-vicon-receiver/vicon_receiver/include/vicon_unlabeled_marker_receiver/communicator.hpp:6[m[K,
[16.486s]                  from [01m[K/vicon_GJM_test/ros2-vicon-receiver/vicon_receiver/src/vicon_unlabeled_marker_receiver/communicator.cpp:1[m[K:
[16.486s] [01m[K/vicon_GJM_test/ros2-vicon-receiver/vicon_receiver/include/vicon_unlabeled_marker_receiver/publisher.hpp:13:3:[m[K [01;36m[Knote: [m[Kcandidate: ‘[01m[KViconReceiver::UnlabeledMarker::MarkersStruct::MarkersStruct(std::size_t, unsigned int)[m[K’
[16.486s]    13 |   [01;36m[KMarkersStruct[m[K(std::size_t size, unsigned int frame_number)
[16.486s]       |   [01;36m[K^~~~~~~~~~~~~[m[K
[16.486s] [01m[K/vicon_GJM_test/ros2-vicon-receiver/vicon_receiver/include/vicon_unlabeled_marker_receiver/publisher.hpp:13:3:[m[K [01;36m[Knote: [m[K  candidate expects 2 arguments, 0 provided
[16.486s] [01m[K/vicon_GJM_test/ros2-vicon-receiver/vicon_receiver/include/vicon_unlabeled_marker_receiver/publisher.hpp:11:8:[m[K [01;36m[Knote: [m[Kcandidate: ‘[01m[KViconReceiver::UnlabeledMarker::MarkersStruct::MarkersStruct(const ViconReceiver::UnlabeledMarker::MarkersStruct&)[m[K’
[16.487s]    11 | struct [01;36m[KMarkersStruct[m[K {
[16.487s]       |        [01;36m[K^~~~~~~~~~~~~[m[K
[16.487s] [01m[K/vicon_GJM_test/ros2-vicon-receiver/vicon_receiver/include/vicon_unlabeled_marker_receiver/publisher.hpp:11:8:[m[K [01;36m[Knote: [m[K  candidate expects 1 argument, 0 provided
[16.487s] [01m[K/vicon_GJM_test/ros2-vicon-receiver/vicon_receiver/include/vicon_unlabeled_marker_receiver/publisher.hpp:11:8:[m[K [01;36m[Knote: [m[Kcandidate: ‘[01m[KViconReceiver::UnlabeledMarker::MarkersStruct::MarkersStruct(ViconReceiver::UnlabeledMarker::MarkersStruct&&)[m[K’
[16.487s] [01m[K/vicon_GJM_test/ros2-vicon-receiver/vicon_receiver/include/vicon_unlabeled_marker_receiver/publisher.hpp:11:8:[m[K [01;36m[Knote: [m[K  candidate expects 1 argument, 0 provided
[16.488s] [01m[K/vicon_GJM_test/ros2-vicon-receiver/vicon_receiver/src/vicon_unlabeled_marker_receiver/communicator.cpp:157:44:[m[K [01;31m[Kerror: [m[Kcannot convert ‘[01m[KViconDataStreamSDK::CPP::Output_GetTimecode[m[K’ to ‘[01m[Kconst int&[m[K’
[16.488s]   157 |     double delta_time = CalculateDeltaTime([01;31m[Ktimecode[m[K, prev_timecode);
[16.488s]       |                                            [01;31m[K^~~~~~~~[m[K
[16.488s]       |                                            [01;31m[K|[m[K
[16.488s]       |                                            [01;31m[KViconDataStreamSDK::CPP::Output_GetTimecode[m[K
[16.488s] In file included from [01m[K/vicon_GJM_test/ros2-vicon-receiver/vicon_receiver/src/vicon_unlabeled_marker_receiver/communicator.cpp:1[m[K:
[16.489s] [01m[K/vicon_GJM_test/ros2-vicon-receiver/vicon_receiver/include/vicon_unlabeled_marker_receiver/communicator.hpp:46:55:[m[K [01;36m[Knote: [m[K  initializing argument 1 of ‘[01m[Kdouble ViconReceiver::UnlabeledMarker::Communicator::CalculateDeltaTime(const int&, const int&)[m[K’
[16.489s]    46 |   double CalculateDeltaTime([01;36m[Kconst Output_GetTimecode& current[m[K, const Output_GetTimecode& previous);
[16.489s]       |                             [01;36m[K~~~~~~~~~~~~~~~~~~~~~~~~~~^~~~~~~[m[K
[16.489s] [01m[K/vicon_GJM_test/ros2-vicon-receiver/vicon_receiver/src/vicon_unlabeled_marker_receiver/communicator.cpp:166:16:[m[K [01;35m[Kwarning: [m[Kunused variable ‘[01m[Kspeed[m[K’ [[01;35m[K-Wunused-variable[m[K]
[16.489s]   166 |         double [01;35m[Kspeed[m[K = sqrt(dx * dx + dy * dy + dz * dz) / delta_time;
[16.490s]       |                [01;35m[K^~~~~[m[K
[18.036s] make[2]: *** [CMakeFiles/vicon_client_unlabeled.dir/build.make:63: CMakeFiles/vicon_client_unlabeled.dir/src/vicon_unlabeled_marker_receiver/communicator.cpp.o] Error 1
[18.036s] make[1]: *** [CMakeFiles/Makefile2:156: CMakeFiles/vicon_client_unlabeled.dir/all] Error 2
[18.037s] make[1]: *** Waiting for unfinished jobs....
[19.079s] [ 95%] [32m[1mLinking CXX executable vicon_client[0m
[19.085s] [ 97%] [32m[1mLinking CXX executable vicon_client_mock[0m
[19.322s] [ 97%] Built target vicon_client_mock
[19.322s] [ 97%] Built target vicon_client
[19.323s] make: *** [Makefile:141: all] Error 2
[19.327s] Invoked command in '/vicon_GJM_test/ros2-vicon-receiver/vicon_receiver/build/vicon_receiver' returned '2': CMAKE_PREFIX_PATH=${CMAKE_PREFIX_PATH}:/opt/ros/foxy /usr/bin/cmake --build /vicon_GJM_test/ros2-vicon-receiver/vicon_receiver/build/vicon_receiver -- -j8 -l8
