[0.399s] DEBUG:colcon:Command line arguments: ['/usr/bin/colcon', 'build', '--packages-select', 'vicon_receiver']
[0.399s] DEBUG:colcon:Parsed command line arguments: Namespace(ament_cmake_args=None, base_paths=['.'], build_base='build', catkin_cmake_args=None, catkin_skip_building_tests=False, cmake_args=None, cmake_clean_cache=False, cmake_clean_first=False, cmake_force_configure=False, cmake_target=None, cmake_target_skip_unavailable=False, continue_on_error=False, event_handlers=None, executor='parallel', ignore_user_meta=False, install_base='install', log_base=None, log_level=None, main=<bound method BuildVerb.main of <colcon_core.verb.build.BuildVerb object at 0x7fa51abd21f0>>, merge_install=False, metas=['./colcon.meta'], mixin=None, mixin_files=None, mixin_verb=('build',), packages_above=None, packages_above_and_dependencies=None, packages_above_depth=None, packages_end=None, packages_ignore=None, packages_ignore_regex=None, packages_select=['vicon_receiver'], packages_select_build_failed=False, packages_select_by_dep=None, packages_select_regex=None, packages_select_test_failures=False, packages_skip=None, packages_skip_build_finished=False, packages_skip_by_dep=None, packages_skip_regex=None, packages_skip_test_passed=False, packages_skip_up_to=None, packages_start=None, packages_up_to=None, packages_up_to_regex=None, parallel_workers=8, paths=None, symlink_install=False, test_result_base=None, verb_extension=<colcon_core.verb.build.BuildVerb object at 0x7fa51abd21f0>, verb_name='build', verb_parser=<colcon_mixin.mixin.mixin_argument.MixinArgumentDecorator object at 0x7fa51abd2850>)
[0.431s] Level 1:colcon.colcon_core.package_discovery:discover_packages(colcon_meta) check parameters
[0.432s] INFO:colcon.colcon_metadata.package_discovery.colcon_meta:Using configuration from '/root/.colcon/metadata/default/Gazebo.meta'
[0.433s] INFO:colcon.colcon_metadata.package_discovery.colcon_meta:Using configuration from '/root/.colcon/metadata/default/fastrtps.meta'
[0.433s] Level 1:colcon.colcon_core.package_discovery:discover_packages(recursive) check parameters
[0.433s] Level 1:colcon.colcon_core.package_discovery:discover_packages(ignore) check parameters
[0.433s] Level 1:colcon.colcon_core.package_discovery:discover_packages(path) check parameters
[0.433s] Level 1:colcon.colcon_core.package_discovery:discover_packages(colcon_meta) discover
[0.433s] Level 1:colcon.colcon_core.package_discovery:discover_packages(recursive) discover
[0.433s] INFO:colcon.colcon_core.package_discovery:Crawling recursively for packages in '/vicon_GJM_test/ros2-vicon-receiver/vicon_receiver'
[0.433s] Level 1:colcon.colcon_core.package_identification:_identify(.) by extensions ['ignore', 'ignore_ament_install']
[0.433s] Level 1:colcon.colcon_core.package_identification:_identify(.) by extension 'ignore'
[0.433s] Level 1:colcon.colcon_core.package_identification:_identify(.) by extension 'ignore_ament_install'
[0.434s] Level 1:colcon.colcon_core.package_identification:_identify(.) by extensions ['colcon_pkg']
[0.434s] Level 1:colcon.colcon_core.package_identification:_identify(.) by extension 'colcon_pkg'
[0.434s] Level 1:colcon.colcon_core.package_identification:_identify(.) by extensions ['colcon_meta']
[0.434s] Level 1:colcon.colcon_core.package_identification:_identify(.) by extension 'colcon_meta'
[0.434s] Level 1:colcon.colcon_core.package_identification:_identify(.) by extensions ['ros']
[0.434s] Level 1:colcon.colcon_core.package_identification:_identify(.) by extension 'ros'
[0.459s] DEBUG:colcon.colcon_core.package_identification:Package '.' with type 'ros.ament_cmake' and name 'vicon_receiver'
[0.459s] Level 1:colcon.colcon_core.package_discovery:discover_packages(recursive) using defaults
[0.459s] Level 1:colcon.colcon_core.package_discovery:discover_packages(ignore) discover
[0.459s] Level 1:colcon.colcon_core.package_discovery:discover_packages(ignore) using defaults
[0.459s] Level 1:colcon.colcon_core.package_discovery:discover_packages(path) discover
[0.460s] Level 1:colcon.colcon_core.package_discovery:discover_packages(path) using defaults
[0.484s] Level 5:colcon.colcon_core.verb:set package 'vicon_receiver' build argument 'cmake_args' from command line to 'None'
[0.484s] Level 5:colcon.colcon_core.verb:set package 'vicon_receiver' build argument 'cmake_target' from command line to 'None'
[0.484s] Level 5:colcon.colcon_core.verb:set package 'vicon_receiver' build argument 'cmake_target_skip_unavailable' from command line to 'False'
[0.484s] Level 5:colcon.colcon_core.verb:set package 'vicon_receiver' build argument 'cmake_clean_cache' from command line to 'False'
[0.484s] Level 5:colcon.colcon_core.verb:set package 'vicon_receiver' build argument 'cmake_clean_first' from command line to 'False'
[0.484s] Level 5:colcon.colcon_core.verb:set package 'vicon_receiver' build argument 'cmake_force_configure' from command line to 'False'
[0.485s] Level 5:colcon.colcon_core.verb:set package 'vicon_receiver' build argument 'ament_cmake_args' from command line to 'None'
[0.485s] Level 5:colcon.colcon_core.verb:set package 'vicon_receiver' build argument 'catkin_cmake_args' from command line to 'None'
[0.485s] Level 5:colcon.colcon_core.verb:set package 'vicon_receiver' build argument 'catkin_skip_building_tests' from command line to 'False'
[0.485s] DEBUG:colcon.colcon_core.verb:Building package 'vicon_receiver' with the following arguments: {'ament_cmake_args': None, 'build_base': '/vicon_GJM_test/ros2-vicon-receiver/vicon_receiver/build/vicon_receiver', 'catkin_cmake_args': None, 'catkin_skip_building_tests': False, 'cmake_args': None, 'cmake_clean_cache': False, 'cmake_clean_first': False, 'cmake_force_configure': False, 'cmake_target': None, 'cmake_target_skip_unavailable': False, 'install_base': '/vicon_GJM_test/ros2-vicon-receiver/vicon_receiver/install/vicon_receiver', 'merge_install': False, 'path': '/vicon_GJM_test/ros2-vicon-receiver/vicon_receiver', 'symlink_install': False, 'test_result_base': None}
[0.485s] INFO:colcon.colcon_core.executor:Executing jobs using 'parallel' executor
[0.490s] DEBUG:colcon.colcon_parallel_executor.executor.parallel:run_until_complete
[0.490s] INFO:colcon.colcon_ros.task.ament_cmake.build:Building ROS package in '/vicon_GJM_test/ros2-vicon-receiver/vicon_receiver' with build type 'ament_cmake'
[0.490s] INFO:colcon.colcon_cmake.task.cmake.build:Building CMake package in '/vicon_GJM_test/ros2-vicon-receiver/vicon_receiver'
[0.497s] INFO:colcon.colcon_core.plugin_system:Skipping extension 'colcon_core.shell.bat': Not used on non-Windows systems
[0.498s] INFO:colcon.colcon_core.shell:Skip shell extension 'powershell' for command environment: Not usable outside of PowerShell
[0.498s] DEBUG:colcon.colcon_core.shell:Skip shell extension 'dsv' for command environment
[0.531s] DEBUG:colcon.colcon_core.event_handler.log_command:Invoking command in '/vicon_GJM_test/ros2-vicon-receiver/vicon_receiver/build/vicon_receiver': CMAKE_PREFIX_PATH=${CMAKE_PREFIX_PATH}:/opt/ros/foxy /usr/bin/cmake --build /vicon_GJM_test/ros2-vicon-receiver/vicon_receiver/build/vicon_receiver -- -j8 -l8
[10.439s] DEBUG:colcon.colcon_core.event_handler.log_command:Invoked command in '/vicon_GJM_test/ros2-vicon-receiver/vicon_receiver/build/vicon_receiver' returned '0': CMAKE_PREFIX_PATH=${CMAKE_PREFIX_PATH}:/opt/ros/foxy /usr/bin/cmake --build /vicon_GJM_test/ros2-vicon-receiver/vicon_receiver/build/vicon_receiver -- -j8 -l8
[10.652s] DEBUG:colcon.colcon_core.event_handler.log_command:Invoking command in '/vicon_GJM_test/ros2-vicon-receiver/vicon_receiver/build/vicon_receiver': CMAKE_PREFIX_PATH=${CMAKE_PREFIX_PATH}:/opt/ros/foxy /usr/bin/cmake --install /vicon_GJM_test/ros2-vicon-receiver/vicon_receiver/build/vicon_receiver
[11.259s] Level 1:colcon.colcon_core.environment:create_environment_scripts_only(vicon_receiver)
[11.263s] DEBUG:colcon.colcon_core.event_handler.log_command:Invoked command in '/vicon_GJM_test/ros2-vicon-receiver/vicon_receiver/build/vicon_receiver' returned '0': CMAKE_PREFIX_PATH=${CMAKE_PREFIX_PATH}:/opt/ros/foxy /usr/bin/cmake --install /vicon_GJM_test/ros2-vicon-receiver/vicon_receiver/build/vicon_receiver
[11.271s] Level 1:colcon.colcon_core.environment:checking '/vicon_GJM_test/ros2-vicon-receiver/vicon_receiver/install/vicon_receiver' for CMake module files
[11.274s] Level 1:colcon.colcon_core.environment:checking '/vicon_GJM_test/ros2-vicon-receiver/vicon_receiver/install/vicon_receiver' for CMake config files
[11.275s] Level 1:colcon.colcon_core.shell:create_environment_hook('vicon_receiver', 'cmake_prefix_path')
[11.278s] INFO:colcon.colcon_core.shell:Creating environment hook '/vicon_GJM_test/ros2-vicon-receiver/vicon_receiver/install/vicon_receiver/share/vicon_receiver/hook/cmake_prefix_path.ps1'
[11.283s] INFO:colcon.colcon_core.shell:Creating environment descriptor '/vicon_GJM_test/ros2-vicon-receiver/vicon_receiver/install/vicon_receiver/share/vicon_receiver/hook/cmake_prefix_path.dsv'
[11.284s] INFO:colcon.colcon_core.shell:Creating environment hook '/vicon_GJM_test/ros2-vicon-receiver/vicon_receiver/install/vicon_receiver/share/vicon_receiver/hook/cmake_prefix_path.sh'
[11.286s] Level 1:colcon.colcon_core.environment:checking '/vicon_GJM_test/ros2-vicon-receiver/vicon_receiver/install/vicon_receiver/lib'
[11.286s] Level 1:colcon.colcon_core.shell:create_environment_hook('vicon_receiver', 'ld_library_path_lib')
[11.288s] INFO:colcon.colcon_core.shell:Creating environment hook '/vicon_GJM_test/ros2-vicon-receiver/vicon_receiver/install/vicon_receiver/share/vicon_receiver/hook/ld_library_path_lib.ps1'
[11.292s] INFO:colcon.colcon_core.shell:Creating environment descriptor '/vicon_GJM_test/ros2-vicon-receiver/vicon_receiver/install/vicon_receiver/share/vicon_receiver/hook/ld_library_path_lib.dsv'
[11.293s] INFO:colcon.colcon_core.shell:Creating environment hook '/vicon_GJM_test/ros2-vicon-receiver/vicon_receiver/install/vicon_receiver/share/vicon_receiver/hook/ld_library_path_lib.sh'
[11.293s] Level 1:colcon.colcon_core.environment:checking '/vicon_GJM_test/ros2-vicon-receiver/vicon_receiver/install/vicon_receiver/bin'
[11.293s] Level 1:colcon.colcon_core.environment:checking '/vicon_GJM_test/ros2-vicon-receiver/vicon_receiver/install/vicon_receiver/lib/pkgconfig/vicon_receiver.pc'
[11.295s] Level 1:colcon.colcon_core.environment:checking '/vicon_GJM_test/ros2-vicon-receiver/vicon_receiver/install/vicon_receiver/lib/python3.8/site-packages'
[11.295s] Level 1:colcon.colcon_core.shell:create_environment_hook('vicon_receiver', 'pythonpath')
[11.298s] INFO:colcon.colcon_core.shell:Creating environment hook '/vicon_GJM_test/ros2-vicon-receiver/vicon_receiver/install/vicon_receiver/share/vicon_receiver/hook/pythonpath.ps1'
[11.299s] INFO:colcon.colcon_core.shell:Creating environment descriptor '/vicon_GJM_test/ros2-vicon-receiver/vicon_receiver/install/vicon_receiver/share/vicon_receiver/hook/pythonpath.dsv'
[11.302s] INFO:colcon.colcon_core.shell:Creating environment hook '/vicon_GJM_test/ros2-vicon-receiver/vicon_receiver/install/vicon_receiver/share/vicon_receiver/hook/pythonpath.sh'
[11.303s] Level 1:colcon.colcon_core.environment:checking '/vicon_GJM_test/ros2-vicon-receiver/vicon_receiver/install/vicon_receiver/bin'
[11.307s] INFO:colcon.colcon_core.shell:Creating package script '/vicon_GJM_test/ros2-vicon-receiver/vicon_receiver/install/vicon_receiver/share/vicon_receiver/package.ps1'
[11.310s] INFO:colcon.colcon_core.shell:Creating package descriptor '/vicon_GJM_test/ros2-vicon-receiver/vicon_receiver/install/vicon_receiver/share/vicon_receiver/package.dsv'
[11.311s] INFO:colcon.colcon_core.shell:Creating package script '/vicon_GJM_test/ros2-vicon-receiver/vicon_receiver/install/vicon_receiver/share/vicon_receiver/package.sh'
[11.314s] INFO:colcon.colcon_core.shell:Creating package script '/vicon_GJM_test/ros2-vicon-receiver/vicon_receiver/install/vicon_receiver/share/vicon_receiver/package.bash'
[11.319s] INFO:colcon.colcon_core.shell:Creating package script '/vicon_GJM_test/ros2-vicon-receiver/vicon_receiver/install/vicon_receiver/share/vicon_receiver/package.zsh'
[11.321s] Level 1:colcon.colcon_core.environment:create_file_with_runtime_dependencies(/vicon_GJM_test/ros2-vicon-receiver/vicon_receiver/install/vicon_receiver/share/colcon-core/packages/vicon_receiver)
[11.504s] Level 1:colcon.colcon_core.environment:create_environment_scripts_only(vicon_receiver)
[11.508s] Level 1:colcon.colcon_core.environment:checking '/vicon_GJM_test/ros2-vicon-receiver/vicon_receiver/install/vicon_receiver' for CMake module files
[11.510s] Level 1:colcon.colcon_core.environment:checking '/vicon_GJM_test/ros2-vicon-receiver/vicon_receiver/install/vicon_receiver' for CMake config files
[11.510s] Level 1:colcon.colcon_core.shell:create_environment_hook('vicon_receiver', 'cmake_prefix_path')
[11.512s] INFO:colcon.colcon_core.shell:Creating environment hook '/vicon_GJM_test/ros2-vicon-receiver/vicon_receiver/install/vicon_receiver/share/vicon_receiver/hook/cmake_prefix_path.ps1'
[11.513s] INFO:colcon.colcon_core.shell:Creating environment descriptor '/vicon_GJM_test/ros2-vicon-receiver/vicon_receiver/install/vicon_receiver/share/vicon_receiver/hook/cmake_prefix_path.dsv'
[11.513s] INFO:colcon.colcon_core.shell:Creating environment hook '/vicon_GJM_test/ros2-vicon-receiver/vicon_receiver/install/vicon_receiver/share/vicon_receiver/hook/cmake_prefix_path.sh'
[11.514s] Level 1:colcon.colcon_core.environment:checking '/vicon_GJM_test/ros2-vicon-receiver/vicon_receiver/install/vicon_receiver/lib'
[11.514s] Level 1:colcon.colcon_core.shell:create_environment_hook('vicon_receiver', 'ld_library_path_lib')
[11.516s] INFO:colcon.colcon_core.shell:Creating environment hook '/vicon_GJM_test/ros2-vicon-receiver/vicon_receiver/install/vicon_receiver/share/vicon_receiver/hook/ld_library_path_lib.ps1'
[11.516s] INFO:colcon.colcon_core.shell:Creating environment descriptor '/vicon_GJM_test/ros2-vicon-receiver/vicon_receiver/install/vicon_receiver/share/vicon_receiver/hook/ld_library_path_lib.dsv'
[11.517s] INFO:colcon.colcon_core.shell:Creating environment hook '/vicon_GJM_test/ros2-vicon-receiver/vicon_receiver/install/vicon_receiver/share/vicon_receiver/hook/ld_library_path_lib.sh'
[11.517s] Level 1:colcon.colcon_core.environment:checking '/vicon_GJM_test/ros2-vicon-receiver/vicon_receiver/install/vicon_receiver/bin'
[11.517s] Level 1:colcon.colcon_core.environment:checking '/vicon_GJM_test/ros2-vicon-receiver/vicon_receiver/install/vicon_receiver/lib/pkgconfig/vicon_receiver.pc'
[11.518s] Level 1:colcon.colcon_core.environment:checking '/vicon_GJM_test/ros2-vicon-receiver/vicon_receiver/install/vicon_receiver/lib/python3.8/site-packages'
[11.518s] Level 1:colcon.colcon_core.shell:create_environment_hook('vicon_receiver', 'pythonpath')
[11.522s] INFO:colcon.colcon_core.shell:Creating environment hook '/vicon_GJM_test/ros2-vicon-receiver/vicon_receiver/install/vicon_receiver/share/vicon_receiver/hook/pythonpath.ps1'
[11.522s] INFO:colcon.colcon_core.shell:Creating environment descriptor '/vicon_GJM_test/ros2-vicon-receiver/vicon_receiver/install/vicon_receiver/share/vicon_receiver/hook/pythonpath.dsv'
[11.523s] INFO:colcon.colcon_core.shell:Creating environment hook '/vicon_GJM_test/ros2-vicon-receiver/vicon_receiver/install/vicon_receiver/share/vicon_receiver/hook/pythonpath.sh'
[11.524s] Level 1:colcon.colcon_core.environment:checking '/vicon_GJM_test/ros2-vicon-receiver/vicon_receiver/install/vicon_receiver/bin'
[11.527s] INFO:colcon.colcon_core.shell:Creating package script '/vicon_GJM_test/ros2-vicon-receiver/vicon_receiver/install/vicon_receiver/share/vicon_receiver/package.ps1'
[11.528s] INFO:colcon.colcon_core.shell:Creating package descriptor '/vicon_GJM_test/ros2-vicon-receiver/vicon_receiver/install/vicon_receiver/share/vicon_receiver/package.dsv'
[11.529s] INFO:colcon.colcon_core.shell:Creating package script '/vicon_GJM_test/ros2-vicon-receiver/vicon_receiver/install/vicon_receiver/share/vicon_receiver/package.sh'
[11.529s] INFO:colcon.colcon_core.shell:Creating package script '/vicon_GJM_test/ros2-vicon-receiver/vicon_receiver/install/vicon_receiver/share/vicon_receiver/package.bash'
[11.530s] INFO:colcon.colcon_core.shell:Creating package script '/vicon_GJM_test/ros2-vicon-receiver/vicon_receiver/install/vicon_receiver/share/vicon_receiver/package.zsh'
[11.531s] Level 1:colcon.colcon_core.environment:create_file_with_runtime_dependencies(/vicon_GJM_test/ros2-vicon-receiver/vicon_receiver/install/vicon_receiver/share/colcon-core/packages/vicon_receiver)
[11.531s] DEBUG:colcon.colcon_parallel_executor.executor.parallel:closing loop
[11.532s] DEBUG:colcon.colcon_parallel_executor.executor.parallel:loop closed
[11.532s] DEBUG:colcon.colcon_parallel_executor.executor.parallel:run_until_complete finished with '0'
[11.532s] DEBUG:colcon.colcon_core.event_reactor:joining thread
[11.540s] INFO:colcon.colcon_core.plugin_system:Skipping extension 'colcon_notification.desktop_notification.notify_send': Could not find 'notify-send'
[11.540s] INFO:colcon.colcon_core.plugin_system:Skipping extension 'colcon_notification.desktop_notification.terminal_notifier': Not used on non-Darwin systems
[11.540s] INFO:colcon.colcon_core.plugin_system:Skipping extension 'colcon_notification.desktop_notification.win32': Not used on non-Windows systems
[11.540s] INFO:colcon.colcon_notification.desktop_notification:Sending desktop notification using 'notify2'
[11.542s] DEBUG:colcon.colcon_notification.desktop_notification.notify2:Failed to initialize notify2: org.freedesktop.DBus.Error.Spawn.ExecFailed: /usr/bin/dbus-launch terminated abnormally without any error message
[11.543s] DEBUG:colcon.colcon_core.event_reactor:joined thread
[11.547s] INFO:colcon.colcon_core.shell:Creating prefix script '/vicon_GJM_test/ros2-vicon-receiver/vicon_receiver/install/local_setup.ps1'
[11.549s] INFO:colcon.colcon_core.shell:Creating prefix util module '/vicon_GJM_test/ros2-vicon-receiver/vicon_receiver/install/_local_setup_util_ps1.py'
[11.551s] INFO:colcon.colcon_core.shell:Creating prefix chain script '/vicon_GJM_test/ros2-vicon-receiver/vicon_receiver/install/setup.ps1'
[11.554s] INFO:colcon.colcon_core.shell:Creating prefix script '/vicon_GJM_test/ros2-vicon-receiver/vicon_receiver/install/local_setup.sh'
[11.555s] INFO:colcon.colcon_core.shell:Creating prefix util module '/vicon_GJM_test/ros2-vicon-receiver/vicon_receiver/install/_local_setup_util_sh.py'
[11.555s] INFO:colcon.colcon_core.shell:Creating prefix chain script '/vicon_GJM_test/ros2-vicon-receiver/vicon_receiver/install/setup.sh'
[11.557s] INFO:colcon.colcon_core.shell:Creating prefix script '/vicon_GJM_test/ros2-vicon-receiver/vicon_receiver/install/local_setup.bash'
[11.558s] INFO:colcon.colcon_core.shell:Creating prefix chain script '/vicon_GJM_test/ros2-vicon-receiver/vicon_receiver/install/setup.bash'
[11.559s] INFO:colcon.colcon_core.shell:Creating prefix script '/vicon_GJM_test/ros2-vicon-receiver/vicon_receiver/install/local_setup.zsh'
[11.560s] INFO:colcon.colcon_core.shell:Creating prefix chain script '/vicon_GJM_test/ros2-vicon-receiver/vicon_receiver/install/setup.zsh'
