[  2%] Built target vicon_receiver__cpp
[ 10%] Built target vicon_receiver__rosidl_generator_c
[ 18%] Built target vicon_receiver__rosidl_typesupport_cpp
[ 26%] Built target vicon_receiver__rosidl_typesupport_introspection_cpp
[ 38%] Built target vicon_receiver__rosidl_typesupport_fastrtps_cpp
[ 42%] Built target vicon_receiver__rosidl_typesupport_introspection_c
[ 51%] Built target vicon_receiver__rosidl_typesupport_c
[ 59%] Built target vicon_receiver__rosidl_typesupport_fastrtps_c
[ 59%] Built target vicon_receiver
[35m[1mScanning dependencies of target vicon_client_unlabeled[0m
[ 61%] Built target vicon_receiver__py
[ 69%] Built target vicon_client_mock
[ 75%] Built target vicon_client
[ 77%] [32mBuilding CXX object CMakeFiles/vicon_client_unlabeled.dir/src/vicon_unlabeled_marker_receiver/communicator.cpp.o[0m
[ 83%] Built target vicon_receiver__python
[ 91%] Built target vicon_receiver__rosidl_typesupport_introspection_c__pyext
[ 93%] Built target vicon_receiver__rosidl_typesupport_fastrtps_c__pyext
[ 95%] Built target vicon_receiver__rosidl_typesupport_c__pyext
[01m[K/vicon_GJM_test/ros2-vicon-receiver/vicon_receiver/src/vicon_unlabeled_marker_receiver/communicator.cpp:[m[K In member function ‘[01m[Kint ViconReceiver::UnlabeledMarker::Communicator::findMajorityElement(std::vector<long unsigned int>&)[m[K’:
[01m[K/vicon_GJM_test/ros2-vicon-receiver/vicon_receiver/src/vicon_unlabeled_marker_receiver/communicator.cpp:82:21:[m[K [01;35m[Kwarning: [m[Kcomparison of integer expressions of different signedness: ‘[01m[Kint[m[K’ and ‘[01m[Kstd::vector<long unsigned int>::size_type[m[K’ {aka ‘[01m[Klong unsigned int[m[K’} [[01;35m[K-Wsign-compare[m[K]
   82 |   for (int i = 1; [01;35m[Ki < nums.size()[m[K; i++) {
      |                   [01;35m[K~~^~~~~~~~~~~~~[m[K
[01m[K/vicon_GJM_test/ros2-vicon-receiver/vicon_receiver/src/vicon_unlabeled_marker_receiver/communicator.cpp:86:25:[m[K [01;35m[Kwarning: [m[Kcomparison of integer expressions of different signedness: ‘[01m[Kint[m[K’ and ‘[01m[K__gnu_cxx::__alloc_traits<std::allocator<long unsigned int>, long unsigned int>::value_type[m[K’ {aka ‘[01m[Klong unsigned int[m[K’} [[01;35m[K-Wsign-compare[m[K]
   86 |     } else if (majority == nums[i]) {
[01m[K/vicon_GJM_test/ros2-vicon-receiver/vicon_receiver/src/vicon_unlabeled_marker_receiver/communicator.cpp:102:13:[m[K [01;35m[Kwarning: [m[Kcomparison of integer expressions of different signedness: ‘[01m[Kint[m[K’ and ‘[01m[Kstd::vector<long unsigned int>::size_type[m[K’ {aka ‘[01m[Klong unsigned int[m[K’} [[01;35m[K-Wsign-compare[m[K]
  102 |   if ([01;35m[Kcount <= nums.size() / 2[m[K) {
      |       [01;35m[K~~~~~~^~~~~~~~~~~~~~~~~~[m[K
[01m[K/vicon_GJM_test/ros2-vicon-receiver/vicon_receiver/src/vicon_unlabeled_marker_receiver/communicator.cpp:[m[K In member function ‘[01m[Kstd::pair<std::vector<std::pair<int, int> >, double> ViconReceiver::UnlabeledMarker::Communicator::findOptimalAssignment(const MarkersStruct&, const MarkersStruct&)[m[K’:
[01m[K/vicon_GJM_test/ros2-vicon-receiver/vicon_receiver/src/vicon_unlabeled_marker_receiver/communicator.cpp:190:28:[m[K [01;31m[Kerror: [m[Kcannot convert ‘[01m[Kconst std::vector<int>[m[K’ to ‘[01m[Kint[m[K’ in initialization
  190 |     int n = [01;31m[Kcurrent_marker.indices[m[K;
      |             [01;31m[K~~~~~~~~~~~~~~~^~~~~~~[m[K
      |                            [01;31m[K|[m[K
      |                            [01;31m[Kconst std::vector<int>[m[K
[01m[K/vicon_GJM_test/ros2-vicon-receiver/vicon_receiver/src/vicon_unlabeled_marker_receiver/communicator.cpp:191:25:[m[K [01;31m[Kerror: [m[Kcannot convert ‘[01m[Kconst std::vector<int>[m[K’ to ‘[01m[Kint[m[K’ in initialization
  191 |     int m = [01;31m[Kprev_marker.indices[m[K;
      |             [01;31m[K~~~~~~~~~~~~^~~~~~~[m[K
      |                         [01;31m[K|[m[K
      |                         [01;31m[Kconst std::vector<int>[m[K
[01m[K/vicon_GJM_test/ros2-vicon-receiver/vicon_receiver/src/vicon_unlabeled_marker_receiver/communicator.cpp:214:12:[m[K [01;31m[Kerror: [m[Kcould not convert ‘[01m[Kresult[m[K’ from ‘[01m[Kstd::vector<std::pair<int, int> >[m[K’ to ‘[01m[Kstd::pair<std::vector<std::pair<int, int> >, double>[m[K’
  214 |     return [01;31m[Kresult[m[K;
      |            [01;31m[K^~~~~~[m[K
      |            [01;31m[K|[m[K
      |            [01;31m[Kstd::vector<std::pair<int, int> >[m[K
[01m[K/vicon_GJM_test/ros2-vicon-receiver/vicon_receiver/src/vicon_unlabeled_marker_receiver/communicator.cpp:[m[K In member function ‘[01m[KViconDataStreamSDK::CPP::Output_GetTimecode ViconReceiver::UnlabeledMarker::Communicator::getPreviousTimecode()[m[K’:
[01m[K/vicon_GJM_test/ros2-vicon-receiver/vicon_receiver/src/vicon_unlabeled_marker_receiver/communicator.cpp:229:24:[m[K [01;35m[Kwarning: [m[Kunused variable ‘[01m[Kprev_timecode[m[K’ [[01;35m[K-Wunused-variable[m[K]
  229 |     Output_GetTimecode [01;35m[Kprev_timecode[m[K;
      |                        [01;35m[K^~~~~~~~~~~~~[m[K
[01m[K/vicon_GJM_test/ros2-vicon-receiver/vicon_receiver/src/vicon_unlabeled_marker_receiver/communicator.cpp:[m[K In member function ‘[01m[Kvoid ViconReceiver::UnlabeledMarker::Communicator::get_frame()[m[K’:
[01m[K/vicon_GJM_test/ros2-vicon-receiver/vicon_receiver/src/vicon_unlabeled_marker_receiver/communicator.cpp:266:10:[m[K [01;35m[Kwarning: [m[Kstructured bindings only available with ‘[01m[K-std=c++17[m[K’ or ‘[01m[K-std=gnu++17[m[K’
  266 |     auto [01;35m[K[[m[Kassignment, totalCost] = findOptimalAssignment(current_markers, prev_markers);
      |          [01;35m[K^[m[K
[01m[K/vicon_GJM_test/ros2-vicon-receiver/vicon_receiver/src/vicon_unlabeled_marker_receiver/communicator.cpp:267:22:[m[K [01;35m[Kwarning: [m[Kstructured bindings only available with ‘[01m[K-std=c++17[m[K’ or ‘[01m[K-std=gnu++17[m[K’
  267 |     for (const auto& [01;35m[K[[m[Kcurrent_idx, prev_idx] : assignment) {
      |                      [01;35m[K^[m[K
make[2]: *** [CMakeFiles/vicon_client_unlabeled.dir/build.make:63: CMakeFiles/vicon_client_unlabeled.dir/src/vicon_unlabeled_marker_receiver/communicator.cpp.o] Error 1
make[1]: *** [CMakeFiles/Makefile2:156: CMakeFiles/vicon_client_unlabeled.dir/all] Error 2
make: *** [Makefile:141: all] Error 2
