[0.397s] DEBUG:colcon:Command line arguments: ['/usr/bin/colcon', 'build', '--packages-select', 'vicon_receiver']
[0.397s] DEBUG:colcon:Parsed command line arguments: Namespace(ament_cmake_args=None, base_paths=['.'], build_base='build', catkin_cmake_args=None, catkin_skip_building_tests=False, cmake_args=None, cmake_clean_cache=False, cmake_clean_first=False, cmake_force_configure=False, cmake_target=None, cmake_target_skip_unavailable=False, continue_on_error=False, event_handlers=None, executor='parallel', ignore_user_meta=False, install_base='install', log_base=None, log_level=None, main=<bound method BuildVerb.main of <colcon_core.verb.build.BuildVerb object at 0x7f6a5ab3ce80>>, merge_install=False, metas=['./colcon.meta'], mixin=None, mixin_files=None, mixin_verb=('build',), packages_above=None, packages_above_and_dependencies=None, packages_above_depth=None, packages_end=None, packages_ignore=None, packages_ignore_regex=None, packages_select=['vicon_receiver'], packages_select_build_failed=False, packages_select_by_dep=None, packages_select_regex=None, packages_select_test_failures=False, packages_skip=None, packages_skip_build_finished=False, packages_skip_by_dep=None, packages_skip_regex=None, packages_skip_test_passed=False, packages_skip_up_to=None, packages_start=None, packages_up_to=None, packages_up_to_regex=None, parallel_workers=8, paths=None, symlink_install=False, test_result_base=None, verb_extension=<colcon_core.verb.build.BuildVerb object at 0x7f6a5ab3ce80>, verb_name='build', verb_parser=<colcon_mixin.mixin.mixin_argument.MixinArgumentDecorator object at 0x7f6a5ab46490>)
[0.430s] Level 1:colcon.colcon_core.package_discovery:discover_packages(colcon_meta) check parameters
[0.431s] INFO:colcon.colcon_metadata.package_discovery.colcon_meta:Using configuration from '/root/.colcon/metadata/default/Gazebo.meta'
[0.432s] INFO:colcon.colcon_metadata.package_discovery.colcon_meta:Using configuration from '/root/.colcon/metadata/default/fastrtps.meta'
[0.432s] Level 1:colcon.colcon_core.package_discovery:discover_packages(recursive) check parameters
[0.432s] Level 1:colcon.colcon_core.package_discovery:discover_packages(ignore) check parameters
[0.432s] Level 1:colcon.colcon_core.package_discovery:discover_packages(path) check parameters
[0.432s] Level 1:colcon.colcon_core.package_discovery:discover_packages(colcon_meta) discover
[0.432s] Level 1:colcon.colcon_core.package_discovery:discover_packages(recursive) discover
[0.432s] INFO:colcon.colcon_core.package_discovery:Crawling recursively for packages in '/vicon_GJM_test/ros2-vicon-receiver/vicon_receiver'
[0.432s] Level 1:colcon.colcon_core.package_identification:_identify(.) by extensions ['ignore', 'ignore_ament_install']
[0.432s] Level 1:colcon.colcon_core.package_identification:_identify(.) by extension 'ignore'
[0.432s] Level 1:colcon.colcon_core.package_identification:_identify(.) by extension 'ignore_ament_install'
[0.432s] Level 1:colcon.colcon_core.package_identification:_identify(.) by extensions ['colcon_pkg']
[0.432s] Level 1:colcon.colcon_core.package_identification:_identify(.) by extension 'colcon_pkg'
[0.432s] Level 1:colcon.colcon_core.package_identification:_identify(.) by extensions ['colcon_meta']
[0.433s] Level 1:colcon.colcon_core.package_identification:_identify(.) by extension 'colcon_meta'
[0.433s] Level 1:colcon.colcon_core.package_identification:_identify(.) by extensions ['ros']
[0.433s] Level 1:colcon.colcon_core.package_identification:_identify(.) by extension 'ros'
[0.458s] DEBUG:colcon.colcon_core.package_identification:Package '.' with type 'ros.ament_cmake' and name 'vicon_receiver'
[0.458s] Level 1:colcon.colcon_core.package_discovery:discover_packages(recursive) using defaults
[0.458s] Level 1:colcon.colcon_core.package_discovery:discover_packages(ignore) discover
[0.458s] Level 1:colcon.colcon_core.package_discovery:discover_packages(ignore) using defaults
[0.459s] Level 1:colcon.colcon_core.package_discovery:discover_packages(path) discover
[0.459s] Level 1:colcon.colcon_core.package_discovery:discover_packages(path) using defaults
[0.485s] Level 5:colcon.colcon_core.verb:set package 'vicon_receiver' build argument 'cmake_args' from command line to 'None'
[0.485s] Level 5:colcon.colcon_core.verb:set package 'vicon_receiver' build argument 'cmake_target' from command line to 'None'
[0.485s] Level 5:colcon.colcon_core.verb:set package 'vicon_receiver' build argument 'cmake_target_skip_unavailable' from command line to 'False'
[0.485s] Level 5:colcon.colcon_core.verb:set package 'vicon_receiver' build argument 'cmake_clean_cache' from command line to 'False'
[0.485s] Level 5:colcon.colcon_core.verb:set package 'vicon_receiver' build argument 'cmake_clean_first' from command line to 'False'
[0.485s] Level 5:colcon.colcon_core.verb:set package 'vicon_receiver' build argument 'cmake_force_configure' from command line to 'False'
[0.485s] Level 5:colcon.colcon_core.verb:set package 'vicon_receiver' build argument 'ament_cmake_args' from command line to 'None'
[0.485s] Level 5:colcon.colcon_core.verb:set package 'vicon_receiver' build argument 'catkin_cmake_args' from command line to 'None'
[0.485s] Level 5:colcon.colcon_core.verb:set package 'vicon_receiver' build argument 'catkin_skip_building_tests' from command line to 'False'
[0.485s] DEBUG:colcon.colcon_core.verb:Building package 'vicon_receiver' with the following arguments: {'ament_cmake_args': None, 'build_base': '/vicon_GJM_test/ros2-vicon-receiver/vicon_receiver/build/vicon_receiver', 'catkin_cmake_args': None, 'catkin_skip_building_tests': False, 'cmake_args': None, 'cmake_clean_cache': False, 'cmake_clean_first': False, 'cmake_force_configure': False, 'cmake_target': None, 'cmake_target_skip_unavailable': False, 'install_base': '/vicon_GJM_test/ros2-vicon-receiver/vicon_receiver/install/vicon_receiver', 'merge_install': False, 'path': '/vicon_GJM_test/ros2-vicon-receiver/vicon_receiver', 'symlink_install': False, 'test_result_base': None}
[0.486s] INFO:colcon.colcon_core.executor:Executing jobs using 'parallel' executor
[0.491s] DEBUG:colcon.colcon_parallel_executor.executor.parallel:run_until_complete
[0.491s] INFO:colcon.colcon_ros.task.ament_cmake.build:Building ROS package in '/vicon_GJM_test/ros2-vicon-receiver/vicon_receiver' with build type 'ament_cmake'
[0.491s] INFO:colcon.colcon_cmake.task.cmake.build:Building CMake package in '/vicon_GJM_test/ros2-vicon-receiver/vicon_receiver'
[0.498s] INFO:colcon.colcon_core.plugin_system:Skipping extension 'colcon_core.shell.bat': Not used on non-Windows systems
[0.498s] INFO:colcon.colcon_core.shell:Skip shell extension 'powershell' for command environment: Not usable outside of PowerShell
[0.498s] DEBUG:colcon.colcon_core.shell:Skip shell extension 'dsv' for command environment
[0.528s] DEBUG:colcon.colcon_core.event_handler.log_command:Invoking command in '/vicon_GJM_test/ros2-vicon-receiver/vicon_receiver/build/vicon_receiver': CMAKE_PREFIX_PATH=${CMAKE_PREFIX_PATH}:/opt/ros/foxy /usr/bin/cmake --build /vicon_GJM_test/ros2-vicon-receiver/vicon_receiver/build/vicon_receiver -- -j8 -l8
[5.920s] DEBUG:colcon.colcon_core.event_handler.log_command:Invoked command in '/vicon_GJM_test/ros2-vicon-receiver/vicon_receiver/build/vicon_receiver' returned '2': CMAKE_PREFIX_PATH=${CMAKE_PREFIX_PATH}:/opt/ros/foxy /usr/bin/cmake --build /vicon_GJM_test/ros2-vicon-receiver/vicon_receiver/build/vicon_receiver -- -j8 -l8
[6.035s] Level 1:colcon.colcon_core.environment:create_environment_scripts_only(vicon_receiver)
[6.041s] Level 1:colcon.colcon_core.environment:checking '/vicon_GJM_test/ros2-vicon-receiver/vicon_receiver/install/vicon_receiver' for CMake module files
[6.041s] Level 1:colcon.colcon_core.environment:checking '/vicon_GJM_test/ros2-vicon-receiver/vicon_receiver/install/vicon_receiver' for CMake config files
[6.042s] Level 1:colcon.colcon_core.environment:checking '/vicon_GJM_test/ros2-vicon-receiver/vicon_receiver/install/vicon_receiver/bin'
[6.042s] Level 1:colcon.colcon_core.environment:checking '/vicon_GJM_test/ros2-vicon-receiver/vicon_receiver/install/vicon_receiver/lib/pkgconfig/vicon_receiver.pc'
[6.043s] Level 1:colcon.colcon_core.environment:checking '/vicon_GJM_test/ros2-vicon-receiver/vicon_receiver/install/vicon_receiver/lib/python3.8/site-packages'
[6.043s] Level 1:colcon.colcon_core.environment:checking '/vicon_GJM_test/ros2-vicon-receiver/vicon_receiver/install/vicon_receiver/bin'
[6.045s] INFO:colcon.colcon_core.shell:Creating package script '/vicon_GJM_test/ros2-vicon-receiver/vicon_receiver/install/vicon_receiver/share/vicon_receiver/package.ps1'
[6.047s] INFO:colcon.colcon_core.shell:Creating package descriptor '/vicon_GJM_test/ros2-vicon-receiver/vicon_receiver/install/vicon_receiver/share/vicon_receiver/package.dsv'
[6.048s] INFO:colcon.colcon_core.shell:Creating package script '/vicon_GJM_test/ros2-vicon-receiver/vicon_receiver/install/vicon_receiver/share/vicon_receiver/package.sh'
[6.049s] INFO:colcon.colcon_core.shell:Creating package script '/vicon_GJM_test/ros2-vicon-receiver/vicon_receiver/install/vicon_receiver/share/vicon_receiver/package.bash'
[6.050s] INFO:colcon.colcon_core.shell:Creating package script '/vicon_GJM_test/ros2-vicon-receiver/vicon_receiver/install/vicon_receiver/share/vicon_receiver/package.zsh'
[6.051s] Level 1:colcon.colcon_core.environment:create_file_with_runtime_dependencies(/vicon_GJM_test/ros2-vicon-receiver/vicon_receiver/install/vicon_receiver/share/colcon-core/packages/vicon_receiver)
[6.063s] DEBUG:colcon.colcon_parallel_executor.executor.parallel:closing loop
[6.064s] DEBUG:colcon.colcon_parallel_executor.executor.parallel:loop closed
[6.064s] DEBUG:colcon.colcon_parallel_executor.executor.parallel:run_until_complete finished with '2'
[6.064s] DEBUG:colcon.colcon_core.event_reactor:joining thread
[6.071s] INFO:colcon.colcon_core.plugin_system:Skipping extension 'colcon_notification.desktop_notification.notify_send': Could not find 'notify-send'
[6.071s] INFO:colcon.colcon_core.plugin_system:Skipping extension 'colcon_notification.desktop_notification.terminal_notifier': Not used on non-Darwin systems
[6.072s] INFO:colcon.colcon_core.plugin_system:Skipping extension 'colcon_notification.desktop_notification.win32': Not used on non-Windows systems
[6.072s] INFO:colcon.colcon_notification.desktop_notification:Sending desktop notification using 'notify2'
[6.074s] DEBUG:colcon.colcon_notification.desktop_notification.notify2:Failed to initialize notify2: org.freedesktop.DBus.Error.Spawn.ExecFailed: /usr/bin/dbus-launch terminated abnormally without any error message
[6.075s] DEBUG:colcon.colcon_core.event_reactor:joined thread
[6.081s] INFO:colcon.colcon_core.shell:Creating prefix script '/vicon_GJM_test/ros2-vicon-receiver/vicon_receiver/install/local_setup.ps1'
[6.083s] INFO:colcon.colcon_core.shell:Creating prefix util module '/vicon_GJM_test/ros2-vicon-receiver/vicon_receiver/install/_local_setup_util_ps1.py'
[6.085s] INFO:colcon.colcon_core.shell:Creating prefix chain script '/vicon_GJM_test/ros2-vicon-receiver/vicon_receiver/install/setup.ps1'
[6.087s] INFO:colcon.colcon_core.shell:Creating prefix script '/vicon_GJM_test/ros2-vicon-receiver/vicon_receiver/install/local_setup.sh'
[6.088s] INFO:colcon.colcon_core.shell:Creating prefix util module '/vicon_GJM_test/ros2-vicon-receiver/vicon_receiver/install/_local_setup_util_sh.py'
[6.089s] INFO:colcon.colcon_core.shell:Creating prefix chain script '/vicon_GJM_test/ros2-vicon-receiver/vicon_receiver/install/setup.sh'
[6.091s] INFO:colcon.colcon_core.shell:Creating prefix script '/vicon_GJM_test/ros2-vicon-receiver/vicon_receiver/install/local_setup.bash'
[6.092s] INFO:colcon.colcon_core.shell:Creating prefix chain script '/vicon_GJM_test/ros2-vicon-receiver/vicon_receiver/install/setup.bash'
[6.094s] INFO:colcon.colcon_core.shell:Creating prefix script '/vicon_GJM_test/ros2-vicon-receiver/vicon_receiver/install/local_setup.zsh'
[6.094s] INFO:colcon.colcon_core.shell:Creating prefix chain script '/vicon_GJM_test/ros2-vicon-receiver/vicon_receiver/install/setup.zsh'
