-- Found ament_cmake: 0.9.12 (/opt/ros/foxy/share/ament_cmake/cmake)
-- Using PYTHON_EXECUTABLE: /usr/bin/python3
-- Found rosidl_default_generators: 1.0.1 (/opt/ros/foxy/share/rosidl_default_generators/cmake)
-- Using all available rosidl_typesupport_c: rosidl_typesupport_fastrtps_c;rosidl_typesupport_introspection_c
-- Found rosidl_adapter: 1.3.1 (/opt/ros/foxy/share/rosidl_adapter/cmake)
-- Using all available rosidl_typesupport_cpp: rosidl_typesupport_fastrtps_cpp;rosidl_typesupport_introspection_cpp
-- Found rclcpp: 2.4.3 (/opt/ros/foxy/share/rclcpp/cmake)
-- Found rmw_implementation_cmake: 1.0.4 (/opt/ros/foxy/share/rmw_implementation_cmake/cmake)
-- Using RMW implementation 'rmw_fastrtps_cpp' as default
-- Found PythonInterp: /usr/bin/python3 (found version "3.8.10") 
-- Found ament_cmake_ros: 0.9.2 (/opt/ros/foxy/share/ament_cmake_ros/cmake)
-- Using all available rosidl_typesupport_c: rosidl_typesupport_fastrtps_c;rosidl_typesupport_introspection_c
-- Using all available rosidl_typesupport_cpp: rosidl_typesupport_fastrtps_cpp;rosidl_typesupport_introspection_cpp
-- Found PythonInterp: /usr/bin/python3 (found suitable version "3.8.10", minimum required is "3.5") 
-- Found python_cmake_module: 0.8.1 (/opt/ros/foxy/share/python_cmake_module/cmake)
-- Using PYTHON_EXECUTABLE: /usr/bin/python3
-- Using PYTHON_INCLUDE_DIRS: /usr/include/python3.8
-- Using PYTHON_LIBRARIES: /usr/lib/x86_64-linux-gnu/libpython3.8.so
-- Using numpy include directory: /usr/local/lib/python3.8/dist-packages/numpy/core/include
-- Found rmw_fastrtps_cpp: 1.3.2 (/opt/ros/foxy/share/rmw_fastrtps_cpp/cmake)
-- Configuring done
-- Generating done
-- Build files have been written to: /vicon_GJM_test/ros2-vicon-receiver/vicon_receiver/build/vicon_receiver_gjm
[  6%] Built target vicon_receiver_gjm__cpp
[ 10%] Built target vicon_receiver_gjm__rosidl_generator_c
[ 18%] Built target vicon_receiver_gjm__rosidl_typesupport_introspection_cpp
[ 34%] Built target vicon_receiver_gjm__rosidl_typesupport_cpp
[ 32%] Built target vicon_receiver_gjm__rosidl_typesupport_c
[ 42%] Built target vicon_receiver_gjm__rosidl_typesupport_introspection_c
[ 51%] Built target vicon_receiver_gjm__rosidl_typesupport_fastrtps_cpp
[ 59%] Built target vicon_receiver_gjm__rosidl_typesupport_fastrtps_c
[ 59%] Built target vicon_receiver_gjm
[ 61%] Built target vicon_receiver_gjm__py
[ 63%] [32mBuilding CXX object CMakeFiles/vicon_client.dir/src/vicon_receiver/communicator.cpp.o[0m
[ 65%] [32mBuilding CXX object CMakeFiles/vicon_client_unlabeled.dir/src/vicon_unlabeled_marker_receiver/publisher.cpp.o[0m
[ 67%] [32mBuilding CXX object CMakeFiles/vicon_client.dir/src/vicon_receiver/publisher.cpp.o[0m
[ 71%] [32mBuilding CXX object CMakeFiles/vicon_client_mock.dir/src/vicon_receiver_mock/data.cpp.o[0m
[ 71%] [32mBuilding CXX object CMakeFiles/vicon_client_unlabeled.dir/src/vicon_unlabeled_marker_receiver/communicator.cpp.o[0m
[ 73%] [32mBuilding CXX object CMakeFiles/vicon_client_mock.dir/src/vicon_receiver_mock/publisher.cpp.o[0m
[ 75%] [32mBuilding CXX object CMakeFiles/vicon_client_mock.dir/src/vicon_receiver_mock/communicator.cpp.o[0m
[35m[1mScanning dependencies of target vicon_receiver_gjm__python[0m
[ 77%] [32mBuilding C object CMakeFiles/vicon_receiver_gjm__python.dir/rosidl_generator_py/vicon_receiver_gjm/msg/_posture_s.c.o[0m
[ 79%] [32mBuilding C object CMakeFiles/vicon_receiver_gjm__python.dir/rosidl_generator_py/vicon_receiver_gjm/msg/_markers_list_s.c.o[0m
[ 81%] [32m[1mLinking C shared library rosidl_generator_py/vicon_receiver_gjm/libvicon_receiver_gjm__python.so[0m
[ 81%] Built target vicon_receiver_gjm__python
