[0.430s] DEBUG:colcon:Command line arguments: ['/usr/bin/colcon', 'build', '--packages-select', 'vicon_receiver']
[0.430s] DEBUG:colcon:Parsed command line arguments: Namespace(ament_cmake_args=None, base_paths=['.'], build_base='build', catkin_cmake_args=None, catkin_skip_building_tests=False, cmake_args=None, cmake_clean_cache=False, cmake_clean_first=False, cmake_force_configure=False, cmake_target=None, cmake_target_skip_unavailable=False, continue_on_error=False, event_handlers=None, executor='parallel', ignore_user_meta=False, install_base='install', log_base=None, log_level=None, main=<bound method BuildVerb.main of <colcon_core.verb.build.BuildVerb object at 0x7f8cde04d100>>, merge_install=False, metas=['./colcon.meta'], mixin=None, mixin_files=None, mixin_verb=('build',), packages_above=None, packages_above_and_dependencies=None, packages_above_depth=None, packages_end=None, packages_ignore=None, packages_ignore_regex=None, packages_select=['vicon_receiver'], packages_select_build_failed=False, packages_select_by_dep=None, packages_select_regex=None, packages_select_test_failures=False, packages_skip=None, packages_skip_build_finished=False, packages_skip_by_dep=None, packages_skip_regex=None, packages_skip_test_passed=False, packages_skip_up_to=None, packages_start=None, packages_up_to=None, packages_up_to_regex=None, parallel_workers=8, paths=None, symlink_install=False, test_result_base=None, verb_extension=<colcon_core.verb.build.BuildVerb object at 0x7f8cde04d100>, verb_name='build', verb_parser=<colcon_mixin.mixin.mixin_argument.MixinArgumentDecorator object at 0x7f8cde04d760>)
[0.469s] Level 1:colcon.colcon_core.package_discovery:discover_packages(colcon_meta) check parameters
[0.470s] INFO:colcon.colcon_metadata.package_discovery.colcon_meta:Using configuration from '/root/.colcon/metadata/default/Gazebo.meta'
[0.470s] INFO:colcon.colcon_metadata.package_discovery.colcon_meta:Using configuration from '/root/.colcon/metadata/default/fastrtps.meta'
[0.471s] Level 1:colcon.colcon_core.package_discovery:discover_packages(recursive) check parameters
[0.471s] Level 1:colcon.colcon_core.package_discovery:discover_packages(ignore) check parameters
[0.471s] Level 1:colcon.colcon_core.package_discovery:discover_packages(path) check parameters
[0.471s] Level 1:colcon.colcon_core.package_discovery:discover_packages(colcon_meta) discover
[0.471s] Level 1:colcon.colcon_core.package_discovery:discover_packages(recursive) discover
[0.471s] INFO:colcon.colcon_core.package_discovery:Crawling recursively for packages in '/vicon_GJM_test/ros2-vicon-receiver/vicon_receiver'
[0.471s] Level 1:colcon.colcon_core.package_identification:_identify(.) by extensions ['ignore', 'ignore_ament_install']
[0.471s] Level 1:colcon.colcon_core.package_identification:_identify(.) by extension 'ignore'
[0.471s] Level 1:colcon.colcon_core.package_identification:_identify(.) by extension 'ignore_ament_install'
[0.471s] Level 1:colcon.colcon_core.package_identification:_identify(.) by extensions ['colcon_pkg']
[0.471s] Level 1:colcon.colcon_core.package_identification:_identify(.) by extension 'colcon_pkg'
[0.471s] Level 1:colcon.colcon_core.package_identification:_identify(.) by extensions ['colcon_meta']
[0.471s] Level 1:colcon.colcon_core.package_identification:_identify(.) by extension 'colcon_meta'
[0.472s] Level 1:colcon.colcon_core.package_identification:_identify(.) by extensions ['ros']
[0.472s] Level 1:colcon.colcon_core.package_identification:_identify(.) by extension 'ros'
[0.502s] DEBUG:colcon.colcon_core.package_identification:Package '.' with type 'ros.ament_cmake' and name 'vicon_receiver'
[0.502s] Level 1:colcon.colcon_core.package_discovery:discover_packages(recursive) using defaults
[0.502s] Level 1:colcon.colcon_core.package_discovery:discover_packages(ignore) discover
[0.502s] Level 1:colcon.colcon_core.package_discovery:discover_packages(ignore) using defaults
[0.502s] Level 1:colcon.colcon_core.package_discovery:discover_packages(path) discover
[0.502s] Level 1:colcon.colcon_core.package_discovery:discover_packages(path) using defaults
[0.530s] Level 5:colcon.colcon_core.verb:set package 'vicon_receiver' build argument 'cmake_args' from command line to 'None'
[0.530s] Level 5:colcon.colcon_core.verb:set package 'vicon_receiver' build argument 'cmake_target' from command line to 'None'
[0.530s] Level 5:colcon.colcon_core.verb:set package 'vicon_receiver' build argument 'cmake_target_skip_unavailable' from command line to 'False'
[0.530s] Level 5:colcon.colcon_core.verb:set package 'vicon_receiver' build argument 'cmake_clean_cache' from command line to 'False'
[0.530s] Level 5:colcon.colcon_core.verb:set package 'vicon_receiver' build argument 'cmake_clean_first' from command line to 'False'
[0.530s] Level 5:colcon.colcon_core.verb:set package 'vicon_receiver' build argument 'cmake_force_configure' from command line to 'False'
[0.530s] Level 5:colcon.colcon_core.verb:set package 'vicon_receiver' build argument 'ament_cmake_args' from command line to 'None'
[0.530s] Level 5:colcon.colcon_core.verb:set package 'vicon_receiver' build argument 'catkin_cmake_args' from command line to 'None'
[0.530s] Level 5:colcon.colcon_core.verb:set package 'vicon_receiver' build argument 'catkin_skip_building_tests' from command line to 'False'
[0.530s] DEBUG:colcon.colcon_core.verb:Building package 'vicon_receiver' with the following arguments: {'ament_cmake_args': None, 'build_base': '/vicon_GJM_test/ros2-vicon-receiver/vicon_receiver/build/vicon_receiver', 'catkin_cmake_args': None, 'catkin_skip_building_tests': False, 'cmake_args': None, 'cmake_clean_cache': False, 'cmake_clean_first': False, 'cmake_force_configure': False, 'cmake_target': None, 'cmake_target_skip_unavailable': False, 'install_base': '/vicon_GJM_test/ros2-vicon-receiver/vicon_receiver/install/vicon_receiver', 'merge_install': False, 'path': '/vicon_GJM_test/ros2-vicon-receiver/vicon_receiver', 'symlink_install': False, 'test_result_base': None}
[0.531s] INFO:colcon.colcon_core.executor:Executing jobs using 'parallel' executor
[0.535s] DEBUG:colcon.colcon_parallel_executor.executor.parallel:run_until_complete
[0.536s] INFO:colcon.colcon_ros.task.ament_cmake.build:Building ROS package in '/vicon_GJM_test/ros2-vicon-receiver/vicon_receiver' with build type 'ament_cmake'
[0.536s] INFO:colcon.colcon_cmake.task.cmake.build:Building CMake package in '/vicon_GJM_test/ros2-vicon-receiver/vicon_receiver'
[0.544s] INFO:colcon.colcon_core.plugin_system:Skipping extension 'colcon_core.shell.bat': Not used on non-Windows systems
[0.544s] INFO:colcon.colcon_core.shell:Skip shell extension 'powershell' for command environment: Not usable outside of PowerShell
[0.544s] DEBUG:colcon.colcon_core.shell:Skip shell extension 'dsv' for command environment
[0.568s] DEBUG:colcon.colcon_core.event_handler.log_command:Invoking command in '/vicon_GJM_test/ros2-vicon-receiver/vicon_receiver/build/vicon_receiver': CMAKE_PREFIX_PATH=${CMAKE_PREFIX_PATH}:/opt/ros/foxy /usr/bin/cmake --build /vicon_GJM_test/ros2-vicon-receiver/vicon_receiver/build/vicon_receiver -- -j8 -l8
[12.311s] DEBUG:colcon.colcon_core.event_handler.log_command:Invoked command in '/vicon_GJM_test/ros2-vicon-receiver/vicon_receiver/build/vicon_receiver' returned '2': CMAKE_PREFIX_PATH=${CMAKE_PREFIX_PATH}:/opt/ros/foxy /usr/bin/cmake --build /vicon_GJM_test/ros2-vicon-receiver/vicon_receiver/build/vicon_receiver -- -j8 -l8
[12.447s] Level 1:colcon.colcon_core.environment:create_environment_scripts_only(vicon_receiver)
[12.454s] Level 1:colcon.colcon_core.environment:checking '/vicon_GJM_test/ros2-vicon-receiver/vicon_receiver/install/vicon_receiver' for CMake module files
[12.455s] Level 1:colcon.colcon_core.environment:checking '/vicon_GJM_test/ros2-vicon-receiver/vicon_receiver/install/vicon_receiver' for CMake config files
[12.456s] Level 1:colcon.colcon_core.environment:checking '/vicon_GJM_test/ros2-vicon-receiver/vicon_receiver/install/vicon_receiver/bin'
[12.456s] Level 1:colcon.colcon_core.environment:checking '/vicon_GJM_test/ros2-vicon-receiver/vicon_receiver/install/vicon_receiver/lib/pkgconfig/vicon_receiver.pc'
[12.458s] Level 1:colcon.colcon_core.environment:checking '/vicon_GJM_test/ros2-vicon-receiver/vicon_receiver/install/vicon_receiver/lib/python3.8/site-packages'
[12.458s] Level 1:colcon.colcon_core.environment:checking '/vicon_GJM_test/ros2-vicon-receiver/vicon_receiver/install/vicon_receiver/bin'
[12.460s] INFO:colcon.colcon_core.shell:Creating package script '/vicon_GJM_test/ros2-vicon-receiver/vicon_receiver/install/vicon_receiver/share/vicon_receiver/package.ps1'
[12.462s] INFO:colcon.colcon_core.shell:Creating package descriptor '/vicon_GJM_test/ros2-vicon-receiver/vicon_receiver/install/vicon_receiver/share/vicon_receiver/package.dsv'
[12.462s] INFO:colcon.colcon_core.shell:Creating package script '/vicon_GJM_test/ros2-vicon-receiver/vicon_receiver/install/vicon_receiver/share/vicon_receiver/package.sh'
[12.463s] INFO:colcon.colcon_core.shell:Creating package script '/vicon_GJM_test/ros2-vicon-receiver/vicon_receiver/install/vicon_receiver/share/vicon_receiver/package.bash'
[12.465s] INFO:colcon.colcon_core.shell:Creating package script '/vicon_GJM_test/ros2-vicon-receiver/vicon_receiver/install/vicon_receiver/share/vicon_receiver/package.zsh'
[12.466s] Level 1:colcon.colcon_core.environment:create_file_with_runtime_dependencies(/vicon_GJM_test/ros2-vicon-receiver/vicon_receiver/install/vicon_receiver/share/colcon-core/packages/vicon_receiver)
[12.479s] DEBUG:colcon.colcon_parallel_executor.executor.parallel:closing loop
[12.479s] DEBUG:colcon.colcon_parallel_executor.executor.parallel:loop closed
[12.479s] DEBUG:colcon.colcon_parallel_executor.executor.parallel:run_until_complete finished with '2'
[12.479s] DEBUG:colcon.colcon_core.event_reactor:joining thread
[12.490s] INFO:colcon.colcon_core.plugin_system:Skipping extension 'colcon_notification.desktop_notification.notify_send': Could not find 'notify-send'
[12.490s] INFO:colcon.colcon_core.plugin_system:Skipping extension 'colcon_notification.desktop_notification.terminal_notifier': Not used on non-Darwin systems
[12.490s] INFO:colcon.colcon_core.plugin_system:Skipping extension 'colcon_notification.desktop_notification.win32': Not used on non-Windows systems
[12.490s] INFO:colcon.colcon_notification.desktop_notification:Sending desktop notification using 'notify2'
[12.493s] DEBUG:colcon.colcon_notification.desktop_notification.notify2:Failed to initialize notify2: org.freedesktop.DBus.Error.Spawn.ExecFailed: /usr/bin/dbus-launch terminated abnormally without any error message
[12.494s] DEBUG:colcon.colcon_core.event_reactor:joined thread
[12.496s] INFO:colcon.colcon_core.shell:Creating prefix script '/vicon_GJM_test/ros2-vicon-receiver/vicon_receiver/install/local_setup.ps1'
[12.498s] INFO:colcon.colcon_core.shell:Creating prefix util module '/vicon_GJM_test/ros2-vicon-receiver/vicon_receiver/install/_local_setup_util_ps1.py'
[12.501s] INFO:colcon.colcon_core.shell:Creating prefix chain script '/vicon_GJM_test/ros2-vicon-receiver/vicon_receiver/install/setup.ps1'
[12.503s] INFO:colcon.colcon_core.shell:Creating prefix script '/vicon_GJM_test/ros2-vicon-receiver/vicon_receiver/install/local_setup.sh'
[12.503s] INFO:colcon.colcon_core.shell:Creating prefix util module '/vicon_GJM_test/ros2-vicon-receiver/vicon_receiver/install/_local_setup_util_sh.py'
[12.504s] INFO:colcon.colcon_core.shell:Creating prefix chain script '/vicon_GJM_test/ros2-vicon-receiver/vicon_receiver/install/setup.sh'
[12.507s] INFO:colcon.colcon_core.shell:Creating prefix script '/vicon_GJM_test/ros2-vicon-receiver/vicon_receiver/install/local_setup.bash'
[12.508s] INFO:colcon.colcon_core.shell:Creating prefix chain script '/vicon_GJM_test/ros2-vicon-receiver/vicon_receiver/install/setup.bash'
[12.509s] INFO:colcon.colcon_core.shell:Creating prefix script '/vicon_GJM_test/ros2-vicon-receiver/vicon_receiver/install/local_setup.zsh'
[12.510s] INFO:colcon.colcon_core.shell:Creating prefix chain script '/vicon_GJM_test/ros2-vicon-receiver/vicon_receiver/install/setup.zsh'
