CMake Error at CMakeLists.txt:44 (add_executable):
  add_executable cannot create target "vicon_receiver_gjm" because another
  target with the same name already exists.  The existing target is a custom
  target created in source directory
  "/vicon_GJM_test/ros2-vicon-receiver/vicon_receiver".  See documentation
  for policy CMP0002 for more details.


CMake Error at CMakeLists.txt:49 (target_link_libraries):
  Utility target "vicon_receiver_gjm" must not be used as the target of a
  target_link_libraries call.


CMake Error at /opt/ros/foxy/share/ament_cmake_target_dependencies/cmake/ament_target_dependencies.cmake:128 (target_compile_definitions):
  target_compile_definitions called with non-compilable target type
Call Stack (most recent call first):
  CMakeLists.txt:50 (ament_target_dependencies)


CMake Error at /opt/ros/foxy/share/ament_cmake_target_dependencies/cmake/ament_target_dependencies.cmake:141 (target_include_directories):
  target_include_directories called with non-compilable target type
Call Stack (most recent call first):
  CMakeLists.txt:50 (ament_target_dependencies)


CMake Error at /opt/ros/foxy/share/ament_cmake_target_dependencies/cmake/ament_target_dependencies.cmake:145 (target_link_libraries):
  Utility target "vicon_receiver_gjm" must not be used as the target of a
  target_link_libraries call.
Call Stack (most recent call first):
  CMakeLists.txt:50 (ament_target_dependencies)


CMake Error at /opt/ros/foxy/share/ament_cmake_target_dependencies/cmake/ament_target_dependencies.cmake:147 (target_include_directories):
  target_include_directories called with non-compilable target type
Call Stack (most recent call first):
  CMakeLists.txt:50 (ament_target_dependencies)


CMake Error at /opt/ros/foxy/share/ament_cmake_target_dependencies/cmake/ament_target_dependencies.cmake:151 (target_link_libraries):
  Utility target "vicon_receiver_gjm" must not be used as the target of a
  target_link_libraries call.
Call Stack (most recent call first):
  CMakeLists.txt:50 (ament_target_dependencies)


CMake Error at /opt/ros/foxy/share/rosidl_cmake/cmake/rosidl_target_interfaces.cmake:52 (target_include_directories):
  target_include_directories called with non-compilable target type
Call Stack (most recent call first):
  CMakeLists.txt:73 (rosidl_target_interfaces)


CMake Error at /opt/ros/foxy/share/rosidl_cmake/cmake/rosidl_target_interfaces.cmake:52 (target_include_directories):
  target_include_directories called with non-compilable target type
Call Stack (most recent call first):
  CMakeLists.txt:73 (rosidl_target_interfaces)


CMake Error at CMakeLists.txt:78 (install):
  install TARGETS given target "vicon_receiver_gjm" which is not an
  executable, library, or module.


