[0.026s] Invoking command in '/vicon_GJM_test/ros2-vicon-receiver/build/vicon_receiver_gjm': CMAKE_PREFIX_PATH=${CMAKE_PREFIX_PATH}:/opt/ros/foxy /usr/bin/cmake /vicon_GJM_test/ros2-vicon-receiver/vicon_receiver -DCMAKE_INSTALL_PREFIX=/vicon_GJM_test/ros2-vicon-receiver/install/vicon_receiver_gjm
[0.099s] -- The C compiler identification is GNU 9.4.0
[0.171s] -- The CXX compiler identification is GNU 9.4.0
[0.176s] -- Check for working C compiler: /usr/bin/cc
[0.267s] -- Check for working C compiler: /usr/bin/cc -- works
[0.267s] -- Detecting C compiler ABI info
[0.349s] -- Detecting C compiler ABI info - done
[0.367s] -- Detecting C compile features
[0.368s] -- Detecting C compile features - done
[0.371s] -- Check for working CXX compiler: /usr/bin/c++
[0.471s] -- Check for working CXX compiler: /usr/bin/c++ -- works
[0.473s] -- Detecting CXX compiler ABI info
[0.567s] -- Detecting CXX compiler ABI info - done
[0.584s] -- Detecting CXX compile features
[0.584s] -- Detecting CXX compile features - done
[0.589s] -- Found ament_cmake: 0.9.12 (/opt/ros/foxy/share/ament_cmake/cmake)
[0.618s] -- Found PythonInterp: /usr/bin/python3 (found suitable version "3.8.10", minimum required is "3") 
[0.618s] -- Using PYTHON_EXECUTABLE: /usr/bin/python3
[0.832s] -- Found rosidl_default_generators: 1.0.1 (/opt/ros/foxy/share/rosidl_default_generators/cmake)
[0.836s] -- Using all available rosidl_typesupport_c: rosidl_typesupport_fastrtps_c;rosidl_typesupport_introspection_c
[0.844s] -- Found rosidl_adapter: 1.3.1 (/opt/ros/foxy/share/rosidl_adapter/cmake)
[0.966s] -- Found OpenSSL: /usr/lib/x86_64-linux-gnu/libcrypto.so (found version "1.1.1f")  
[1.008s] -- Found FastRTPS: /opt/ros/foxy/include  
[1.119s] -- Using all available rosidl_typesupport_cpp: rosidl_typesupport_fastrtps_cpp;rosidl_typesupport_introspection_cpp
[1.155s] -- Found rclcpp: 2.4.3 (/opt/ros/foxy/share/rclcpp/cmake)
[1.240s] -- Found rmw_implementation_cmake: 1.0.4 (/opt/ros/foxy/share/rmw_implementation_cmake/cmake)
[1.241s] -- Using RMW implementation 'rmw_fastrtps_cpp' as default
[1.242s] -- Looking for pthread.h
[1.333s] -- Looking for pthread.h - found
[1.334s] -- Performing Test CMAKE_HAVE_LIBC_PTHREAD
[1.422s] -- Performing Test CMAKE_HAVE_LIBC_PTHREAD - Failed
[1.422s] -- Looking for pthread_create in pthreads
[1.495s] -- Looking for pthread_create in pthreads - not found
[1.495s] -- Looking for pthread_create in pthread
[1.582s] -- Looking for pthread_create in pthread - found
[1.584s] -- Found Threads: TRUE  
[1.814s] -- Found Boost: /usr/lib/x86_64-linux-gnu/cmake/Boost-1.71.0/BoostConfig.cmake (found version "1.71.0") found components: thread 
[1.844s] -- Found PythonInterp: /usr/bin/python3 (found version "3.8.10") 
[2.004s] -- Found ament_cmake_ros: 0.9.2 (/opt/ros/foxy/share/ament_cmake_ros/cmake)
[2.168s] -- Using all available rosidl_typesupport_c: rosidl_typesupport_fastrtps_c;rosidl_typesupport_introspection_c
[2.190s] -- Using all available rosidl_typesupport_cpp: rosidl_typesupport_fastrtps_cpp;rosidl_typesupport_introspection_cpp
[2.216s] -- Found PythonInterp: /usr/bin/python3 (found suitable version "3.8.10", minimum required is "3.5") 
[2.223s] -- Found python_cmake_module: 0.8.1 (/opt/ros/foxy/share/python_cmake_module/cmake)
[2.266s] -- Found PythonLibs: /usr/lib/x86_64-linux-gnu/libpython3.8.so (found suitable version "3.8.10", minimum required is "3.5") 
[2.267s] -- Using PYTHON_EXECUTABLE: /usr/bin/python3
[2.267s] -- Using PYTHON_INCLUDE_DIRS: /usr/include/python3.8
[2.267s] -- Using PYTHON_LIBRARIES: /usr/lib/x86_64-linux-gnu/libpython3.8.so
[2.291s] -- Found PythonExtra: .so  
[2.616s] -- Using numpy include directory: /usr/local/lib/python3.8/dist-packages/numpy/core/include
[2.628s] CMake Error at CMakeLists.txt:44 (add_executable):
[2.629s]   add_executable cannot create target "vicon_receiver_gjm" because another
[2.629s]   target with the same name already exists.  The existing target is a custom
[2.631s]   target created in source directory
[2.631s]   "/vicon_GJM_test/ros2-vicon-receiver/vicon_receiver".  See documentation
[2.631s]   for policy CMP0002 for more details.
[2.631s] 
[2.631s] 
[2.631s] CMake Error at CMakeLists.txt:49 (target_link_libraries):
[2.631s]   Utility target "vicon_receiver_gjm" must not be used as the target of a
[2.632s]   target_link_libraries call.
[2.632s] 
[2.632s] 
[2.632s] CMake Error at /opt/ros/foxy/share/ament_cmake_target_dependencies/cmake/ament_target_dependencies.cmake:128 (target_compile_definitions):
[2.632s]   target_compile_definitions called with non-compilable target type
[2.632s] Call Stack (most recent call first):
[2.632s]   CMakeLists.txt:50 (ament_target_dependencies)
[2.632s] 
[2.632s] 
[2.632s] CMake Error at /opt/ros/foxy/share/ament_cmake_target_dependencies/cmake/ament_target_dependencies.cmake:141 (target_include_directories):
[2.632s]   target_include_directories called with non-compilable target type
[2.632s] Call Stack (most recent call first):
[2.632s]   CMakeLists.txt:50 (ament_target_dependencies)
[2.632s] 
[2.633s] 
[2.633s] CMake Error at /opt/ros/foxy/share/ament_cmake_target_dependencies/cmake/ament_target_dependencies.cmake:145 (target_link_libraries):
[2.633s]   Utility target "vicon_receiver_gjm" must not be used as the target of a
[2.633s]   target_link_libraries call.
[2.633s] Call Stack (most recent call first):
[2.633s]   CMakeLists.txt:50 (ament_target_dependencies)
[2.633s] 
[2.633s] 
[2.633s] CMake Error at /opt/ros/foxy/share/ament_cmake_target_dependencies/cmake/ament_target_dependencies.cmake:147 (target_include_directories):
[2.633s]   target_include_directories called with non-compilable target type
[2.633s] Call Stack (most recent call first):
[2.633s]   CMakeLists.txt:50 (ament_target_dependencies)
[2.633s] 
[2.633s] 
[2.634s] CMake Error at /opt/ros/foxy/share/ament_cmake_target_dependencies/cmake/ament_target_dependencies.cmake:151 (target_link_libraries):
[2.634s]   Utility target "vicon_receiver_gjm" must not be used as the target of a
[2.634s]   target_link_libraries call.
[2.634s] Call Stack (most recent call first):
[2.634s]   CMakeLists.txt:50 (ament_target_dependencies)
[2.634s] 
[2.634s] 
[2.636s] -- Found rmw_fastrtps_cpp: 1.3.2 (/opt/ros/foxy/share/rmw_fastrtps_cpp/cmake)
[2.804s] CMake Error at /opt/ros/foxy/share/rosidl_cmake/cmake/rosidl_target_interfaces.cmake:52 (target_include_directories):
[2.804s]   target_include_directories called with non-compilable target type
[2.804s] Call Stack (most recent call first):
[2.804s]   CMakeLists.txt:73 (rosidl_target_interfaces)
[2.805s] 
[2.805s] 
[2.805s] CMake Error at /opt/ros/foxy/share/rosidl_cmake/cmake/rosidl_target_interfaces.cmake:52 (target_include_directories):
[2.805s]   target_include_directories called with non-compilable target type
[2.805s] Call Stack (most recent call first):
[2.806s]   CMakeLists.txt:73 (rosidl_target_interfaces)
[2.806s] 
[2.806s] 
[2.806s] CMake Error at CMakeLists.txt:78 (install):
[2.806s]   install TARGETS given target "vicon_receiver_gjm" which is not an
[2.806s]   executable, library, or module.
[2.807s] 
[2.807s] 
[2.831s] -- Configuring incomplete, errors occurred!
[2.831s] See also "/vicon_GJM_test/ros2-vicon-receiver/build/vicon_receiver_gjm/CMakeFiles/CMakeOutput.log".
[2.831s] See also "/vicon_GJM_test/ros2-vicon-receiver/build/vicon_receiver_gjm/CMakeFiles/CMakeError.log".
[2.843s] Invoked command in '/vicon_GJM_test/ros2-vicon-receiver/build/vicon_receiver_gjm' returned '1': CMAKE_PREFIX_PATH=${CMAKE_PREFIX_PATH}:/opt/ros/foxy /usr/bin/cmake /vicon_GJM_test/ros2-vicon-receiver/vicon_receiver -DCMAKE_INSTALL_PREFIX=/vicon_GJM_test/ros2-vicon-receiver/install/vicon_receiver_gjm
