[0.034s] Invoking command in '/vicon_GJM_test/ros2-vicon-receiver/vicon_receiver/build/vicon_receiver': CMAKE_PREFIX_PATH=${CMAKE_PREFIX_PATH}:/opt/ros/foxy /usr/bin/cmake --build /vicon_GJM_test/ros2-vicon-receiver/vicon_receiver/build/vicon_receiver -- -j8 -l8
[0.104s] [  2%] Built target vicon_receiver__cpp
[0.104s] [ 10%] Built target vicon_receiver__rosidl_generator_c
[0.144s] [ 34%] Built target vicon_receiver__rosidl_typesupport_cpp
[0.145s] [ 34%] Built target vicon_receiver__rosidl_typesupport_introspection_cpp
[0.145s] [ 34%] Built target vicon_receiver__rosidl_typesupport_c
[0.145s] [ 42%] Built target vicon_receiver__rosidl_typesupport_fastrtps_cpp
[0.175s] [ 51%] Built target vicon_receiver__rosidl_typesupport_introspection_c
[0.178s] [ 59%] Built target vicon_receiver__rosidl_typesupport_fastrtps_c
[0.203s] [ 59%] Built target vicon_receiver
[0.224s] [35m[1mScanning dependencies of target vicon_client_unlabeled[0m
[0.235s] [ 61%] Built target vicon_receiver__py
[0.252s] [ 75%] Built target vicon_client
[0.252s] [ 75%] Built target vicon_client_mock
[0.261s] [ 77%] [32mBuilding CXX object CMakeFiles/vicon_client_unlabeled.dir/src/vicon_unlabeled_marker_receiver/communicator.cpp.o[0m
[0.271s] [ 83%] Built target vicon_receiver__python
[0.305s] [ 89%] Built target vicon_receiver__rosidl_typesupport_fastrtps_c__pyext
[0.306s] [ 93%] Built target vicon_receiver__rosidl_typesupport_introspection_c__pyext
[0.306s] [ 95%] Built target vicon_receiver__rosidl_typesupport_c__pyext
[4.103s] In file included from [01m[K/vicon_GJM_test/ros2-vicon-receiver/vicon_receiver/src/vicon_unlabeled_marker_receiver/communicator.cpp:1[m[K:
[4.103s] [01m[K/vicon_GJM_test/ros2-vicon-receiver/vicon_receiver/include/vicon_unlabeled_marker_receiver/communicator.hpp:34:34:[m[K [01;31m[Kerror: [m[Kexpected identifier before numeric constant
[4.103s]    34 |   MarkersStruct previous_markers([01;31m[K0[m[K,0);
[4.103s]       |                                  [01;31m[K^[m[K
[4.103s] [01m[K/vicon_GJM_test/ros2-vicon-receiver/vicon_receiver/include/vicon_unlabeled_marker_receiver/communicator.hpp:34:34:[m[K [01;31m[Kerror: [m[Kexpected ‘[01m[K,[m[K’ or ‘[01m[K...[m[K’ before numeric constant
[4.118s] [01m[K/vicon_GJM_test/ros2-vicon-receiver/vicon_receiver/src/vicon_unlabeled_marker_receiver/communicator.cpp:[m[K In member function ‘[01m[Kint ViconReceiver::UnlabeledMarker::Communicator::findMajorityElement(std::vector<long unsigned int>&)[m[K’:
[4.118s] [01m[K/vicon_GJM_test/ros2-vicon-receiver/vicon_receiver/src/vicon_unlabeled_marker_receiver/communicator.cpp:82:21:[m[K [01;35m[Kwarning: [m[Kcomparison of integer expressions of different signedness: ‘[01m[Kint[m[K’ and ‘[01m[Kstd::vector<long unsigned int>::size_type[m[K’ {aka ‘[01m[Klong unsigned int[m[K’} [[01;35m[K-Wsign-compare[m[K]
[4.118s]    82 |   for (int i = 1; [01;35m[Ki < nums.size()[m[K; i++) {
[4.118s]       |                   [01;35m[K~~^~~~~~~~~~~~~[m[K
[4.119s] [01m[K/vicon_GJM_test/ros2-vicon-receiver/vicon_receiver/src/vicon_unlabeled_marker_receiver/communicator.cpp:86:25:[m[K [01;35m[Kwarning: [m[Kcomparison of integer expressions of different signedness: ‘[01m[Kint[m[K’ and ‘[01m[K__gnu_cxx::__alloc_traits<std::allocator<long unsigned int>, long unsigned int>::value_type[m[K’ {aka ‘[01m[Klong unsigned int[m[K’} [[01;35m[K-Wsign-compare[m[K]
[4.119s]    86 |     } else if (majority == nums[i]) {
[4.119s] [01m[K/vicon_GJM_test/ros2-vicon-receiver/vicon_receiver/src/vicon_unlabeled_marker_receiver/communicator.cpp:102:13:[m[K [01;35m[Kwarning: [m[Kcomparison of integer expressions of different signedness: ‘[01m[Kint[m[K’ and ‘[01m[Kstd::vector<long unsigned int>::size_type[m[K’ {aka ‘[01m[Klong unsigned int[m[K’} [[01;35m[K-Wsign-compare[m[K]
[4.119s]   102 |   if ([01;35m[Kcount <= nums.size() / 2[m[K) {
[4.119s]       |       [01;35m[K~~~~~~^~~~~~~~~~~~~~~~~~[m[K
[4.123s] [01m[K/vicon_GJM_test/ros2-vicon-receiver/vicon_receiver/src/vicon_unlabeled_marker_receiver/communicator.cpp:[m[K At global scope:
[4.123s] [01m[K/vicon_GJM_test/ros2-vicon-receiver/vicon_receiver/src/vicon_unlabeled_marker_receiver/communicator.cpp:186:53:[m[K [01;31m[Kerror: [m[Kno declaration matches ‘[01m[Kstd::pair<std::vector<std::pair<int, int> >, double> ViconReceiver::UnlabeledMarker::Communicator::findOptimalAssignment(const MarkersStruct&, const MarkersStruct&)[m[K’
[4.123s]   186 | std::pair<std::vector<std::pair<int, int>>, double> [01;31m[KCommunicator[m[K::findOptimalAssignment(
[4.123s]       |                                                     [01;31m[K^~~~~~~~~~~~[m[K
[4.123s] In file included from [01m[K/vicon_GJM_test/ros2-vicon-receiver/vicon_receiver/src/vicon_unlabeled_marker_receiver/communicator.cpp:1[m[K:
[4.124s] [01m[K/vicon_GJM_test/ros2-vicon-receiver/vicon_receiver/include/vicon_unlabeled_marker_receiver/communicator.hpp:60:36:[m[K [01;36m[Knote: [m[Kcandidate is: ‘[01m[Kstd::vector<std::pair<int, int> > ViconReceiver::UnlabeledMarker::Communicator::findOptimalAssignment(const MarkersStruct&, const MarkersStruct&)[m[K’
[4.124s]    60 |   std::vector<std::pair<int, int>> [01;36m[KfindOptimalAssignment[m[K(
[4.124s]       |                                    [01;36m[K^~~~~~~~~~~~~~~~~~~~~[m[K
[4.124s] In file included from [01m[K/vicon_GJM_test/ros2-vicon-receiver/vicon_receiver/src/vicon_unlabeled_marker_receiver/communicator.cpp:1[m[K:
[4.124s] [01m[K/vicon_GJM_test/ros2-vicon-receiver/vicon_receiver/include/vicon_unlabeled_marker_receiver/communicator.hpp:26:7:[m[K [01;36m[Knote: [m[K‘[01m[Kclass ViconReceiver::UnlabeledMarker::Communicator[m[K’ defined here
[4.124s]    26 | class [01;36m[KCommunicator[m[K : public rclcpp::Node {
[4.124s]       |       [01;36m[K^~~~~~~~~~~~[m[K
[4.124s] [01m[K/vicon_GJM_test/ros2-vicon-receiver/vicon_receiver/src/vicon_unlabeled_marker_receiver/communicator.cpp:[m[K In member function ‘[01m[KViconReceiver::UnlabeledMarker::MarkersStruct ViconReceiver::UnlabeledMarker::Communicator::getPreviousMarkers()[m[K’:
[4.124s] [01m[K/vicon_GJM_test/ros2-vicon-receiver/vicon_receiver/src/vicon_unlabeled_marker_receiver/communicator.cpp:223:26:[m[K [01;31m[Kerror: [m[Kcannot convert ‘[01m[KViconReceiver::UnlabeledMarker::Communicator::previous_markers[m[K’ from type ‘[01m[KViconReceiver::UnlabeledMarker::MarkersStruct (ViconReceiver::UnlabeledMarker::Communicator::)(int)[m[K’ to type ‘[01m[KViconReceiver::UnlabeledMarker::MarkersStruct[m[K’
[4.125s]   223 |     return Communicator::[01;31m[Kprevious_markers[m[K;
[4.125s]       |                          [01;31m[K^~~~~~~~~~~~~~~~[m[K
[4.125s] [01m[K/vicon_GJM_test/ros2-vicon-receiver/vicon_receiver/src/vicon_unlabeled_marker_receiver/communicator.cpp:[m[K In member function ‘[01m[KViconDataStreamSDK::CPP::Output_GetTimecode ViconReceiver::UnlabeledMarker::Communicator::getPreviousTimecode()[m[K’:
[4.125s] [01m[K/vicon_GJM_test/ros2-vicon-receiver/vicon_receiver/src/vicon_unlabeled_marker_receiver/communicator.cpp:229:24:[m[K [01;35m[Kwarning: [m[Kunused variable ‘[01m[Kprev_timecode[m[K’ [[01;35m[K-Wunused-variable[m[K]
[4.125s]   229 |     Output_GetTimecode [01;35m[Kprev_timecode[m[K;
[4.125s]       |                        [01;35m[K^~~~~~~~~~~~~[m[K
[4.126s] [01m[K/vicon_GJM_test/ros2-vicon-receiver/vicon_receiver/src/vicon_unlabeled_marker_receiver/communicator.cpp:[m[K In member function ‘[01m[Kvoid ViconReceiver::UnlabeledMarker::Communicator::get_frame()[m[K’:
[4.126s] [01m[K/vicon_GJM_test/ros2-vicon-receiver/vicon_receiver/src/vicon_unlabeled_marker_receiver/communicator.cpp:266:10:[m[K [01;35m[Kwarning: [m[Kstructured bindings only available with ‘[01m[K-std=c++17[m[K’ or ‘[01m[K-std=gnu++17[m[K’
[4.126s]   266 |     auto [01;35m[K[[m[Kassignment, totalCost] = findOptimalAssignment(current_markers, prev_markers);
[4.126s]       |          [01;35m[K^[m[K
[4.128s] [01m[K/vicon_GJM_test/ros2-vicon-receiver/vicon_receiver/src/vicon_unlabeled_marker_receiver/communicator.cpp:266:10:[m[K [01;31m[Kerror: [m[K2 names provided for structured binding
[4.128s]   266 |     auto [01;31m[K[assignment, totalCost][m[K = findOptimalAssignment(current_markers, prev_markers);
[4.128s]       |          [01;31m[K^~~~~~~~~~~~~~~~~~~~~~~[m[K
[4.128s] [01m[K/vicon_GJM_test/ros2-vicon-receiver/vicon_receiver/src/vicon_unlabeled_marker_receiver/communicator.cpp:266:10:[m[K [01;36m[Knote: [m[Kwhile ‘[01m[Kstd::vector<std::pair<int, int> >[m[K’ decomposes into 1 element
[4.128s] [01m[K/vicon_GJM_test/ros2-vicon-receiver/vicon_receiver/src/vicon_unlabeled_marker_receiver/communicator.cpp:267:22:[m[K [01;35m[Kwarning: [m[Kstructured bindings only available with ‘[01m[K-std=c++17[m[K’ or ‘[01m[K-std=gnu++17[m[K’
[4.129s]   267 |     for (const auto& [01;35m[K[[m[Kcurrent_idx, prev_idx] : assignment) {
[4.129s]       |                      [01;35m[K^[m[K
[4.129s] [01m[K/vicon_GJM_test/ros2-vicon-receiver/vicon_receiver/src/vicon_unlabeled_marker_receiver/communicator.cpp:274:17:[m[K [01;31m[Kerror: [m[Kinvalid use of member function ‘[01m[KViconReceiver::UnlabeledMarker::MarkersStruct ViconReceiver::UnlabeledMarker::Communicator::previous_markers(int)[m[K’ (did you forget the ‘[01m[K()[m[K’ ?)
[4.129s]   274 |   [01;31m[KCommunicator::previous_markers[m[K = current_markers;
[4.129s]       |   [01;31m[K~~~~~~~~~~~~~~^~~~~~~~~~~~~~~~[m[K
[5.189s] make[2]: *** [CMakeFiles/vicon_client_unlabeled.dir/build.make:63: CMakeFiles/vicon_client_unlabeled.dir/src/vicon_unlabeled_marker_receiver/communicator.cpp.o] Error 1
[5.189s] make[1]: *** [CMakeFiles/Makefile2:156: CMakeFiles/vicon_client_unlabeled.dir/all] Error 2
[5.189s] make: *** [Makefile:141: all] Error 2
[5.191s] Invoked command in '/vicon_GJM_test/ros2-vicon-receiver/vicon_receiver/build/vicon_receiver' returned '2': CMAKE_PREFIX_PATH=${CMAKE_PREFIX_PATH}:/opt/ros/foxy /usr/bin/cmake --build /vicon_GJM_test/ros2-vicon-receiver/vicon_receiver/build/vicon_receiver -- -j8 -l8
